ID,Title,Created At,Closed At
6930,uniform_filter1d appears to truncate rather than round when output type is int (ish) ,2017-01-05T19:36:50Z,
6926,signature mismatches for LowLevelCallable,2017-01-05T00:19:17Z,2017-01-08T15:29:28Z
6920,duplicate arg names for ksone and levy_stable methods,2017-01-04T03:50:06Z,2017-01-06T23:43:29Z
6918,scipy.spatial.Voronoi not working with high number coords,2017-01-03T21:25:52Z,
6903,issue in spatial.distance.pdist docstring,2016-12-30T04:29:37Z,2017-01-03T05:31:56Z
6901,Solving sparse linear systems in CSR format with complex values,2016-12-29T21:24:43Z,2017-01-03T07:26:41Z
6898,BUG: dblquad ignores error tolerances,2016-12-29T06:54:52Z,
6897,scipy.stats.mannwhitneyu of empty sets gives p=0.0 and does not raise exception,2016-12-28T21:59:19Z,
6880,BUG: scipy.io.netcdf does not handle ellipsis for unlimited dimensions,2016-12-23T16:58:48Z,
6877,BUG: ndimage: guard against footprints of all zeros,2016-12-22T07:13:11Z,2016-12-26T20:08:53Z
6876,Python stopped working (Segfault?) with minimum/maximum filter and all-zero-footprint,2016-12-22T05:13:12Z,2016-12-26T20:08:53Z
6875,SLSQP inconsistent handling of invalid bounds,2016-12-22T02:14:25Z,2017-01-03T04:41:00Z
6873,'stats.boxcox' return all same values,2016-12-20T11:14:28Z,
6868,BUG: Make stats.mode return a ModeResult namedtuple on empty dataset input.,2016-12-17T23:42:46Z,2016-12-18T22:04:56Z
6850,BUG: added check for optional param scipy.stats.spearmanr,2016-12-12T14:28:59Z,
6842,Covariance matrix returned by ODR needs to be scaled by the residual variance,2016-12-08T22:06:10Z,
6841,spearmanr fails when nan_policy='omit' is set,2016-12-08T18:10:09Z,
6825,hierarchical clustering in scipy 0.18.1 causes segmentation fault due to missing file scipy/cluster/_hierarchy.c,2016-12-01T16:16:51Z,2016-12-09T09:22:20Z
6817,signal.spectrogram doesn't change nperseg to length of window,2016-11-26T22:41:01Z,
6811,scipy.spatial.SphericalVoronoi fails for large number of points,2016-11-24T04:16:40Z,2016-12-21T21:06:51Z
6805,error-in-scipy-wilcoxon-signed-rank-test-for-equal-series,2016-11-22T09:26:40Z,
6785,ValueError: Linkage 'Z' uses the same cluster more than once thrown when clustering,2016-11-14T20:02:23Z,2016-11-16T15:07:44Z
6774,segfault in linkage where pdist(metric='cosine') returns nan,2016-11-09T23:04:02Z,
6772,`scipy.optimize.curve_fit`'s undocumented `return_full` keyword doesn't work with bounded problems,2016-11-09T02:04:52Z,
6767,optimize module has problem in version 18,2016-11-07T10:04:51Z,
6727,Documentation for scipy.stats.norm.fit is incorrect,2016-10-26T00:34:55Z,2016-11-11T08:29:25Z
6726,address performance regressions in interp1d,2016-10-25T22:37:07Z,2016-11-01T17:41:46Z
6723,BUG: special: cast to float before in-place multiplication in orthopoly,2016-10-25T05:34:03Z,2016-10-29T09:20:07Z
6721,scipy.special.chebyt(N) throw a 'TypeError' when N > 64,2016-10-25T00:53:52Z,2016-10-29T09:20:07Z
6713,sicpy.ndimage.zoom returns artefacts and boundaries in some cases,2016-10-22T22:20:02Z,
6700,"BUG: scipy.io.wavfile.read stays in infinite loop, warns on wav files converted from Sphere",2016-10-21T09:07:14Z,2016-10-24T20:48:31Z
6690,wrong solution with scipy.optimize.linprog,2016-10-16T21:55:47Z,
6682,negative binomial survival function is imprecise,2016-10-13T23:18:48Z,
6677,BUG: Fixes computation of p-values.,2016-10-12T22:40:26Z,2016-11-05T15:15:19Z
6676,"optimize: Incorrect size of Jacobian returned by `minimize(..., method='SLSQP')`?",2016-10-12T17:23:48Z,2016-10-20T19:32:50Z
6666,ValueError on DSBRDB  called by scipy.linalg.eigvalsh,2016-10-09T19:00:46Z,2016-10-22T10:56:56Z
6654,Spearman's rank correlation coefficient slow with nan values and nan policy = omit,2016-10-05T13:17:51Z,
6651,"BUG: mstats: make sure mode(..., None) does not modify its input",2016-10-02T22:11:48Z,2016-10-04T09:02:29Z
6604,Incorrect docs for comparator argument of argrelextrema,2016-09-21T13:50:57Z,2016-09-22T19:51:21Z
6603,BUG (?) COO -> CSR/CSC unexpectedly modifies internal data,2016-09-21T10:18:05Z,
6560,"scipy.signal.find_peaks_cwt() claims to argument as sequence, but requires it to be array",2016-09-09T19:25:34Z,2016-09-18T14:55:58Z
6552,BUG: misc.bytescale returns unexpected results when using cmin/cmax and low/high params,2016-09-07T06:01:37Z,2016-10-23T09:22:51Z
6551,BUG: stats: inconsistency in docs and behavior of gmean and hmean,2016-09-07T01:41:36Z,
6543,fix the regression in circmean,2016-09-04T12:57:38Z,2016-09-12T10:09:56Z
6542,medfilt2d throwing error on valid input,2016-09-04T03:08:36Z,2016-09-20T22:24:33Z
6538,MAINT: special: some fixes for `loggamma`,2016-09-03T15:34:57Z,2016-09-03T16:52:36Z
6536,loggamma ignores the sign of zero,2016-09-02T18:43:02Z,2016-09-03T16:52:36Z
6530,scipy.stats.spearmanr unexpected NaN handling,2016-08-31T15:37:11Z,
6506,optimize.least_squares retains only real part of the initial point,2016-08-22T14:44:38Z,2016-11-01T12:33:45Z
6495,BUG: Use MST algorithm instead of SLINK for single linkage clustering,2016-08-17T21:09:17Z,2016-09-28T09:33:00Z
6492,BUG: Fix regression in dblquad: #6458,2016-08-16T20:20:43Z,2016-09-01T08:39:56Z
6491,Weird behaviour of special.hyp2f1 close to negative integer cases,2016-08-15T18:27:36Z,
6490,interp1d (kind=zero) returns wrong value for rightmost interpolation point,2016-08-15T09:46:02Z,2016-10-22T09:01:19Z
6484,Qhull segmentation fault,2016-08-11T16:41:25Z,
6458,Error in scipy.integrate.dblquad when using variable integration bounds and parametric arguments,2016-08-04T20:01:02Z,2016-09-01T08:40:42Z
6451,Documentation for scipy.cluster.hierarchy.to_tree is confusing / wrong,2016-08-03T17:44:34Z,2016-09-30T17:30:51Z
6435,scipy.stats.ks_2samp returns different values on different computers,2016-07-29T15:25:36Z,2016-09-14T10:06:25Z
6432,BUG Issue #6421: scipy.linalg.solve_banded overwrites input 'b' when...,2016-07-28T22:04:50Z,2016-07-28T23:15:14Z
6431,BUG: result for insufficient neighbours from cKDTree is wrong.,2016-07-28T19:42:40Z,2016-08-04T14:19:41Z
6428,scipy.stats.mstats.mode modifies input,2016-07-28T14:06:21Z,2016-10-04T09:02:29Z
6425,cKDTree INF bug,2016-07-28T04:05:37Z,2016-08-04T14:19:41Z
6424,BUG: issue #6420,2016-07-27T23:44:38Z,2016-09-04T12:59:20Z
6421,scipy.linalg.solve_banded overwrites input 'b' when the inversion matrix is 1x1,2016-07-27T16:31:40Z,2016-08-02T11:13:09Z
6420,circmean() changed behaviour from 0.17 to 0.18,2016-07-27T06:49:45Z,2016-09-12T10:09:56Z
6413,scipy.stats.dirichlet computes multivariate gaussian differential entropy??,2016-07-25T21:48:26Z,2016-08-02T10:13:50Z
6401,Sparse csr matrix returns nan on 0.0/1.0,2016-07-22T01:29:49Z,2016-08-01T18:07:01Z
6393,scipy.signal.bspline (and cubic) returns wrong result,2016-07-20T13:54:45Z,
6384,BUG: Discrepancy in ellipord or ellip,2016-07-17T18:57:27Z,
6379,optimize.newton returns no error and wrong result,2016-07-15T19:24:48Z,
6377,"expm_multiply, complex matrices not working using start,stop,ect...",2016-07-14T01:37:05Z,2016-08-06T09:27:54Z
6373,Documentation of scipy.signal.cascade may need work.,2016-07-12T16:04:33Z,
6370,scipy.optimize.linear_sum_assignment hangs on undefined matrix,2016-07-11T21:42:58Z,
6368,BUG: special: avoid precision loss in hyp0f1 on 32 bit linux,2016-07-11T18:18:55Z,2016-07-11T19:41:14Z
6365,hyp0f1 and struveh/struvel test failures,2016-07-11T06:26:46Z,
6358,"stats: docstring for `vonmises_line` points to `vonmises_line` in the ""See Also"" section.",2016-07-07T20:59:12Z,
6357,scipy 0.17.1 piecewise cubic hermite interpolation does not return roots,2016-07-07T20:34:35Z,2016-08-20T13:27:04Z
6353,Incorrectly escaped PATH in scipy.filter,2016-07-06T11:47:11Z,
6351,BUG: #6318 Interp1d 'nearest' integer x-axis overflow issue fixed,2016-07-05T10:11:23Z,2016-07-06T09:08:44Z
6338,scipy-0.16 - the tests crash on s390x in fedora 23,2016-06-30T15:36:53Z,
6336,Scipy 0.18.0rc1 special.hyp0f1 crashes on win-amd64-py3.5,2016-06-30T07:41:59Z,
6330,BUG: spatial/qhull: allocate qhT via malloc to ensure CRT likes it,2016-06-29T21:17:29Z,2016-06-30T07:21:45Z
6323,#6318 avoid overflow when x is an integer array,2016-06-27T16:18:51Z,2016-06-28T07:20:29Z
6318,Scipy interp1d 'nearest' not working for high values on x-axis,2016-06-27T09:06:39Z,2016-07-07T18:09:14Z
6316,TestCloughTocher2DInterpolator.test_dense crashes python3.5.2rc1_64bit windows,2016-06-26T20:53:31Z,2016-06-30T07:21:44Z
6314,"scipy.stats.kendaltau() p value not in agreement with R, SPSS and Excel's Real Statistics kendall tau-b tests",2016-06-26T13:50:25Z,2016-11-06T22:30:46Z
6309,BUG: stats:  Improve calculation of the Anderson-Darling statistic.,2016-06-25T05:48:06Z,2016-06-27T11:21:51Z
6306,Anderson-Darling bad results,2016-06-24T20:48:56Z,2016-06-27T11:21:51Z
6295,BUG: sparse: stop comparing None and int in bsr_matrix constructor,2016-06-21T17:21:38Z,2016-06-21T21:00:31Z
6292,Python 3 unorderable type errors in test_sparsetools.TestInt32Overflow,2016-06-21T03:18:00Z,2016-06-21T21:00:31Z
6288,Test failure of arffread,2016-06-20T03:40:50Z,
6275,scipy.signal.residue reports an incorrect result in the case of repeating roots.,2016-06-15T20:45:26Z,
6265,BUG: signal.iirfilter of bandpass type is unstable when high corner exactly at Nyquist,2016-06-14T11:51:48Z,
6263,BUG: stats: Inconsistency in the multivariate_normal docstring,2016-06-14T01:06:02Z,2016-06-19T17:44:10Z
6246,ENH: Add _support_mask to distributions,2016-06-11T14:55:12Z,2016-06-17T08:42:53Z
6235,BUG: alpha.pdf and alpha.logpdf returns nan for x=0,2016-06-10T14:18:26Z,2016-06-17T08:43:47Z
6232,scipy.sparse.diags does not handle empty diagonal (IndexError: list index out of range),2016-06-09T12:13:46Z,
6229,BUG: optimize: avoid an infinite loop in Newton-CG,2016-06-08T14:39:01Z,2016-06-15T06:44:44Z
6222,PchipInterpolator no longer handles a 2-element array,2016-06-07T19:24:57Z,2016-06-12T07:26:51Z
6211,Radial spheroidal wavefunctions can all segfault,2016-06-05T20:56:52Z,
6208,Segfault in special.pbwa,2016-06-04T22:16:22Z,
6205,Correlated stats.norm.rvs when passed ,2016-06-03T15:55:28Z,2016-06-03T16:04:50Z
6203,scipy.io.netcdf produce corrupted nc files,2016-06-03T08:52:25Z,
6194,lstsq() and others detect numpy.complex256 as real,2016-05-28T06:46:39Z,2016-06-05T12:16:46Z
6189,Typo in scipy.spatial.distance.cdist docs,2016-05-27T11:55:55Z,2016-06-04T16:26:09Z
6184,BUG: fix issue in io/wavfile for float96 input.,2016-05-22T21:07:59Z,2016-06-05T12:27:02Z
6180,Can't use precomputed distances with `hierarchy.linkage`,2016-05-20T18:44:31Z,2016-06-15T19:34:17Z
6167,incorrect distribution fitting for data containing boundary values.,2016-05-17T14:28:06Z,2016-06-17T08:43:02Z
6165,optimize.minimize infinite loop with Newton-CG,2016-05-16T23:46:10Z,2016-06-15T06:44:44Z
6162,fmin_l_bfgs_b returns inconsistent results (fmin â‰  f(xmin)) and can return arbitrarily bad results when stopped by maxfun,2016-05-15T08:12:29Z,2016-06-16T18:30:10Z
6160,make logsumexp error out on a masked array,2016-05-14T06:35:04Z,2016-05-29T11:24:57Z
6148,stats: fix handling of nan values in T tests and kendalltau,2016-05-07T07:10:40Z,2016-05-12T08:36:23Z
6143,segfault in linkage with incomplete data,2016-05-05T18:36:56Z,2016-10-01T08:11:29Z
6139,scipy.optimize.linprog failed to find a feasible starting point while solution exists,2016-05-05T04:09:23Z,
6136,Failures on `master` with MKL,2016-05-04T20:33:06Z,2016-06-11T14:05:50Z
6134,T test does not handle nans,2016-05-04T17:14:57Z,2016-05-12T08:36:23Z
6132,Failures with latest MKL,2016-05-03T17:40:00Z,2016-05-05T18:41:03Z
6128,"Error in dot method of sparse COO array, when used with numpy arrays with 0 columns.",2016-05-02T12:36:20Z,2016-06-17T19:54:52Z
6109,Dendrogram: RuntimeError,2016-04-28T10:22:37Z,
6107,scipy.cluster.hierarchy.single segmentation fault with 2**16 datapoints,2016-04-28T01:02:20Z,2016-11-03T08:45:43Z
6100,BUG: Fix mannwhitneyu to be backward compatible,2016-04-25T14:45:45Z,2016-05-05T06:52:10Z
6097,NaN written to integer netCDF variables not flagged correctly,2016-04-25T11:20:14Z,
6096,loadmat drops dtype of empty arrays when squeeze_me=True,2016-04-25T08:09:23Z,
6093,Precision error on Linux 32 bit with openblas,2016-04-22T22:49:58Z,2016-07-08T18:38:57Z
6092,"test_orthogonal j, js roots failures on 32-bit Linux with system blas / lapack",2016-04-22T22:24:15Z,
6090,Multiple float96 wav file test failures on 32-bit Linux,2016-04-22T20:52:33Z,2016-06-11T13:53:57Z
6072,scipy.io.loadmat segfaults on some truncated mat files,2016-04-16T11:17:42Z,2016-06-06T10:37:35Z
6070,Add asarray to explicitly cast list to numpy array in wilcoxon test,2016-04-15T21:05:47Z,2016-04-16T14:53:41Z
6062,mannwhitneyu breaks backward compatibility in 0.17.0,2016-04-13T23:13:33Z,2016-05-05T06:53:03Z
6056,BUG: signal.decimate should only accept discrete LTI objects,2016-04-11T23:41:39Z,2016-06-17T08:04:16Z
6044,BUG: (ordqz) always increase parameter lwork by 1.,2016-04-07T20:21:34Z,2016-04-16T15:14:05Z
6036,Incorrect edge case in scipy.stats.triang.pdf,2016-04-06T17:45:06Z,
6033,BUG: check the requested approximation rank in interpolative.svd,2016-04-05T12:47:20Z,2016-04-05T19:03:25Z
6027,stats.gamma.rvs and stats.invgamma.rvs with a = array,2016-04-03T23:33:41Z,2016-04-03T23:41:34Z
6024,BUG: optimize: do not use dummy constraints in SLSQP when no upper/lower bound,2016-04-02T20:10:24Z,2016-06-05T12:27:28Z
6017,"Wilcoxon signed-rank test with zero_method=""pratt"" or ""zsplit"" produces an error",2016-03-30T19:48:19Z,2016-04-16T14:55:00Z
6011,The von-Mises entropy is broken,2016-03-28T23:21:46Z,2016-04-06T11:17:04Z
6008,scipy.special.kl_div not available in 0.14.1,2016-03-28T00:31:57Z,2016-03-28T14:40:20Z
6006,Dirichlet doesn't accept its own random variates as input to pdf,2016-03-27T18:27:50Z,
6005,dirichlet.rvs has incorrect shape,2016-03-27T18:14:13Z,
5990,BUG: read tries to handle 20-bit WAV files but shouldn't,2016-03-22T02:11:58Z,2016-03-22T15:32:36Z
5982,Keyword collision in scipy.stats.levy_stable.interval,2016-03-18T07:38:37Z,
5979,nan from scipy.special.struve,2016-03-17T14:20:41Z,
5974,Error in documentation of sparse.linalg.bicgstab,2016-03-15T22:02:14Z,2016-10-30T01:34:23Z
5972,Test failures for sparse sum tests on 32-bit Python,2016-03-14T23:13:39Z,2016-03-28T07:22:10Z
5970,"Actually propagate nans through stats functions with nan_policy=""propagate""",2016-03-14T17:00:29Z,2016-04-26T12:07:25Z
5967,signal _correlateND is too slow for certain sizes,2016-03-13T20:26:54Z,
5959,BUG: optimize test error for root when using lgmres ,2016-03-12T11:06:40Z,2016-03-12T12:44:16Z
5957,BUG: slow down with p=np.inf in 0.17 cKDTree.query,2016-03-11T16:52:56Z,2016-04-06T12:18:46Z
5953,Massive performance regression in cKDTree.query with L_inf distance in scipy 0.17,2016-03-10T02:24:32Z,2016-04-06T12:18:55Z
5937,"Segfault in grey_erosion, grey_dilation, etc.",2016-03-07T06:18:13Z,
5916,LSQUnivariateSpline fitting failed with knots generated from UnivariateSpline,2016-03-02T12:00:06Z,2016-03-03T11:00:07Z
5915,optimize.basinhopping - variable referenced before assignment.,2016-03-02T05:51:29Z,2016-03-03T13:52:36Z
5902,BUG: interpolate: make interp1d handle np.float128 again,2016-02-29T09:22:03Z,2016-03-01T18:08:44Z
5898,interpolate.interp1d crashes using float128,2016-02-28T01:52:09Z,2016-03-01T18:08:44Z
5891,scipy.sparse.linalg.LinearOperator unpickle error,2016-02-25T03:58:10Z,2016-02-27T00:00:17Z
5886,WIP - BUG: scipy.signal.lsim overflow error,2016-02-22T20:45:43Z,
5882,BUG: Python crash in scipy.io.loadmat on Anaconda/Windows/scipy-0.17.0,2016-02-22T09:33:00Z,2016-03-07T18:51:34Z
5867,Fix for #5865,2016-02-18T22:14:02Z,2016-02-19T13:54:03Z
5865,scipy.linalg.expm fails for certain numpy matrices,2016-02-18T22:12:29Z,2016-02-19T13:54:34Z
5853,"Error in scipy.linalg.expm for complex matrix with shape (1,1)",2016-02-16T15:46:43Z,2016-02-19T19:08:49Z
5850,Test failed with sgelsy,2016-02-16T04:23:47Z,2016-03-14T18:37:05Z
5848,BUG: sparse.linalg: add locks to ensure ARPACK threadsafety,2016-02-15T22:57:58Z,2016-02-17T12:18:02Z
5844,"BUG: special: silent precision loss in `kv` near `(1.5, -1)`",2016-02-13T22:52:46Z,
5843,dtype=bool sparse matrices don't implement __neg__ similarly to np.ndarray,2016-02-13T19:55:00Z,2016-07-12T14:05:52Z
5841,Typo in stats.norm documentation,2016-02-13T13:51:50Z,2016-02-14T08:01:24Z
5835,Modified Bessel functions precision mismatch,2016-02-11T19:37:18Z,
5823,test failure in filter_design,2016-02-09T13:09:55Z,
5819,Fixes for #2324 rankdata returns wrong results on masked arrays,2016-02-07T04:48:14Z,
5817,"BUG: skew, kurtosis return np.nan instead of ""propagate""",2016-02-07T00:56:56Z,2016-04-26T12:07:25Z
5812,"scipy.spatial.ckdtree with query_pairs(output_type=""ndarray"") fails if no pairs were found",2016-02-05T19:46:23Z,2016-02-07T22:19:01Z
5790,fftpack.rfft overwrites data when input is a pandas series,2016-02-01T21:37:09Z,2016-02-04T10:02:45Z
5786,"kmeans2: ""ValueError: unknown init method uniform""",2016-01-31T17:27:37Z,2016-02-02T20:58:06Z
5779,scipy.ndimage.io should suggest Pillow,2016-01-30T22:52:33Z,2016-01-31T09:03:57Z
5778,tests don't run in 'develop' mode anymore with numpy master,2016-01-30T17:36:54Z,
5766,scipy.io.wavefile.write ouputs incorrect error,2016-01-27T00:29:55Z,2016-01-31T18:07:44Z
5764,Hypergeometric function hyp0f1 behaves incorrectly for complex arguments,2016-01-26T23:01:44Z,2016-01-31T09:12:28Z
5760,signal.ss2tf doesn't handle zero-order state-space models,2016-01-25T01:01:27Z,2016-02-10T23:35:57Z
5757,BUG: Incorrect complex output of signal.spectrogram,2016-01-24T00:47:20Z,
5743,slsqp fails to detect infeasible problem,2016-01-20T07:59:44Z,
5721,scipy.odr doesn't return any error/warning if empty input,2016-01-16T03:43:00Z,2016-03-22T14:26:50Z
5719,"curve_fit(method!=""lm"") ignores initial guess",2016-01-15T19:02:58Z,2016-01-17T13:23:55Z
5712,Segfault when running scipy.linalg tests,2016-01-13T23:21:31Z,2016-01-14T16:10:38Z
5686,scipy.stats.ttest_ind_from_stats does not accept arrays,2016-01-07T19:00:11Z,2016-01-08T11:31:07Z
5684,BUG: Fix Akima1DInterpolator returning nans,2016-01-07T13:53:52Z,2016-01-17T13:11:54Z
5683,BUG: Akima1DInterpolator may return nans given multidimensional input,2016-01-07T12:40:27Z,2016-01-17T13:13:54Z
5675,fail on TestMultivariateCtypesQuad with numpy1.10.2 win32 on windows 7 64 bit,2016-01-05T21:21:11Z,
5668,Need zpk2sos for analog filters,2016-01-05T04:01:18Z,
5638,test_idl.test_invalid_pointer fails for second and subsequent runs of the test suite,2015-12-29T16:44:29Z,2015-12-30T13:18:18Z
5635,BUG: misspelled __dealloc__ in cKDTree.,2015-12-28T22:17:36Z,2015-12-29T09:48:02Z
5631,broadcast issue with scipy.stats.binom.ppf (?),2015-12-26T17:51:37Z,
5630,memory leak with scipy 0.16 spatial cKDEtree ,2015-12-26T14:29:42Z,2015-12-30T11:46:10Z
5629,Test for lstsq randomly failed,2015-12-26T06:06:17Z,2016-01-03T21:37:10Z
5626,io.netcdf masking should use masked_equal rather than masked_value,2015-12-24T13:43:20Z,2016-02-16T21:11:22Z
5624,FIX: Fix interpolate,2015-12-24T01:04:38Z,2016-01-07T12:05:08Z
5618,Solution for low accuracy of simps with even number of points,2015-12-22T23:51:42Z,
5597,Documentation: Typo in doc for scipy.spatial.distance.squareform,2015-12-09T17:33:57Z,
5578,scipy.linalg test failures on python 3 in Wine,2015-12-04T11:12:21Z,2015-12-09T23:00:03Z
5577,ordqz segfault on Python 3.4 in Wine,2015-12-04T10:53:55Z,2015-12-29T10:01:43Z
5575,tests in scipy 0.16.1 on top of numpy 1.10.1 yield DeprecationWarning,2015-12-03T16:02:51Z,2016-02-09T20:51:57Z
5571,lstsq test failure after lapack_driver change,2015-12-02T08:14:19Z,2015-12-02T20:47:32Z
5564,BUG: fix KDTree for input with many identical values,2015-12-01T18:56:27Z,
5556,BUG: Fixed broken dogbox trust-region radius update,2015-11-28T19:12:32Z,2015-12-02T17:23:28Z
5555,optimize.bisect does not acheive desired tolerance,2015-11-28T18:49:22Z,2016-02-09T19:59:02Z
5553,stats.tiecorrect overflows,2015-11-28T14:49:22Z,2016-01-28T21:18:28Z
5551,sparse.linalg.inv returns ndarray for 1 element csc_matrix,2015-11-27T13:52:29Z,
5546,ValueError raised if scipy.sparse.linalg.expm recieves array larger than 200x200,2015-11-27T09:15:42Z,
5542,and some more test failures,2015-11-26T11:24:55Z,2016-06-04T16:18:03Z
5541,NetCDF maskandscale test failure on Windows XP,2015-11-26T10:32:04Z,2015-11-30T21:14:50Z
5540,io tests crash on Windows,2015-11-25T17:26:45Z,
5539,lstsq related test failures on windows binaries from numpy-vendor,2015-11-25T17:14:22Z,2015-12-01T20:59:03Z
5526,BUG: stats: Fix broadcasting in the rvs() method of the distributions. ,2015-11-23T13:38:06Z,2016-06-19T19:20:09Z
5510,Doc: find_peaks_swc,2015-11-19T17:55:45Z,2016-01-04T15:16:58Z
5509,Documentation for scipy.integrate.ode incorrectly labels set_jac_params,2015-11-19T17:53:28Z,2015-11-23T15:09:24Z
5505,BUG: misc: Ensure fromimage converts mode 'P' to 'RGB' or 'RGBA'.,2015-11-18T05:13:08Z,2015-11-24T20:36:33Z
5503,Binomial CDF Errors,2015-11-17T22:06:11Z,
5493,anderson_ksamp p-values>1,2015-11-12T23:11:31Z,
5486,Fix crash on kmeans2,2015-11-10T08:02:01Z,2015-12-08T12:40:39Z
5485,Keep order of entries in OptimizeResults.__str__ always the same,2015-11-10T02:25:12Z,2015-11-13T13:13:03Z
5483,"RootResults not mentioned in reference guide, and could use better __str__",2015-11-09T18:36:24Z,
5482,minor 'iprint' documentation error in scipy.optimize.minimize L-BFGS-B,2015-11-09T18:29:06Z,
5455,QHull crashes Python.exe,2015-11-04T09:23:05Z,
5452,Error in scipy.integrate.nquad when using variable integration bounds and parametric arguments,2015-11-03T17:03:19Z,2016-06-17T19:15:15Z
5450,BUG: spatial.ConvexHull triggers a seg. fault when given nans.,2015-11-02T21:11:27Z,2015-11-15T17:31:44Z
5448,misc.imread incorrectly handles 3 channels for some PNG images.  ,2015-11-02T12:22:11Z,2015-11-24T20:36:43Z
5441,scipy.stats.ncx2 fails for nc=0,2015-10-30T00:20:56Z,
5440,scipy.optimize.basinhopping: accept_test returning numpy.bool_ raises an error,2015-10-29T22:01:29Z,2016-03-03T08:16:58Z
5430,"Python3 : Numpy scalar types ""not iterable""; specific instance ndimage.filters.gaussian_filter",2015-10-26T18:52:58Z,2015-11-15T21:42:58Z
5428,QUADPACK bug in integral over large intervals,2015-10-26T12:57:30Z,
5426,ERROR: test_stats.test_chisquare_masked_arrays,2015-10-25T19:01:48Z,2015-10-31T23:36:45Z
5413,BUG: linalg: work around LAPACK single-precision lwork computation issues,2015-10-24T14:01:43Z,2015-10-25T10:18:19Z
5408,"DOC bug: brent bracket is a,b",2015-10-23T13:36:55Z,2015-10-26T19:16:34Z
5403,scipy.fftpack.fftn unexpected handling of axes,2015-10-22T12:27:06Z,
5401,ValueError: On entry to SGESDD parameter number 12 had an illegal value,2015-10-21T15:32:29Z,2015-10-25T10:18:19Z
5400,linprog returns solution that violates inequality constraint,2015-10-21T12:08:24Z,
5399,BUG: integrate: `ode.set_integrator` silently ignores invalid arguments.,2015-10-20T15:14:55Z,
5397,Numpy 1.10 breaks scipy.io.netcdf_file(),2015-10-20T08:43:41Z,2016-03-01T13:29:01Z
5396,scipy.spatial.distance.pdist documention bug ,2015-10-20T08:26:50Z,
5382,0.16.x backport: MAINT: work around a possible numpy ufunc loop selection bug,2015-10-17T13:45:59Z,2015-10-17T16:16:14Z
5377,BUG: integrate: builtin name no longer shadowed,2015-10-16T19:57:59Z,2015-10-17T13:14:15Z
5371,savemat and xray DataArrays,2015-10-15T23:14:02Z,
5370,Test issue with test_quadpack and libm.so as a linker script,2015-10-15T21:58:12Z,2015-10-25T19:31:45Z
5369,fsolve & root incorrect function-call count,2015-10-15T14:11:52Z,
5363,"FAIL: test_orthogonal.test_j_roots, test_orthogonal.test_js_roots",2015-10-14T21:45:56Z,2015-10-21T20:52:08Z
5356,REL: update Paver file to ensure sdist contents are OK for releases.,2015-10-13T21:15:38Z,2015-10-15T18:07:14Z
5349,hyp1f1 explodes for large arguments. Recurrence relation unstable.,2015-10-12T13:46:55Z,
5338,FAIL: test_decomp_update.TestQRinsert_D.test_economic_1_col_bad_update,2015-10-09T10:52:07Z,
5335,FAIL: test_decomp_update.TestQRdelete_f.test_delete_last_p_col,2015-10-08T04:40:49Z,
5331,errors on windows 32 and 64 bit with numpy 1.10.0,2015-10-07T16:58:57Z,2015-10-24T12:15:28Z
5327,BUG: io: Fix savemat compression OverflowError,2015-10-07T05:09:58Z,
5311,Build failure: error compiling ckdtree.,2015-10-05T00:58:29Z,2015-10-06T06:53:32Z
5306,Dopri5 ODE integrator with step-size control,2015-10-03T11:10:06Z,2015-10-10T16:56:19Z
5301,BUG: handle corner cases for correlation,2015-10-01T13:56:04Z,2016-01-18T19:10:13Z
5287,"Documentation for scipy.signal.TransferFunction matches neither implementation, matlab, nor conventional definition of fractions",2015-09-25T02:21:28Z,2015-11-15T13:25:54Z
5285,BUG: misc: imread triggers a seg. fault,2015-09-24T15:39:07Z,2015-09-24T17:23:46Z
5281,compiling scipy with sun CC compiler,2015-09-23T11:57:07Z,2015-10-04T10:03:21Z
5276,Reading empty (no data) arff file fails,2015-09-22T15:00:02Z,2015-10-09T15:45:21Z
5264,ignore zero-length edges for default epsilon,2015-09-17T19:22:58Z,2015-10-06T23:23:39Z
5263,Default epsilon in rbf.py fails for colinear points,2015-09-17T19:13:33Z,2015-10-07T06:40:16Z
5260,Typo causing an error in splrep,2015-09-17T12:01:36Z,2015-09-17T16:15:14Z
5257,"scipy.misc.resize doesnt work properly in linux, which works fine in windows",2015-09-16T09:15:54Z,2016-04-06T13:18:38Z
5255,scipy.signal.lsim2 returns a wrong result for some transfer functions,2015-09-15T20:49:07Z,
5254,scipy.spatial.Delaunay documentation error,2015-09-15T14:30:44Z,2015-10-17T14:08:22Z
5226,WIP/BUG: special: Rewrite the Fortran code that computes the zeros of Y'.,2015-09-04T13:52:11Z,
5223,Zoom does not return the same values when resizing a sub-array relative to the entire array,2015-09-04T13:02:47Z,
5212,BUG: Sparse matrix multiplication causes segmentation fault,2015-08-31T23:46:49Z,
5208,BUG: pdist cosine measure fails to return 0 distance for same vectors,2015-08-30T18:39:56Z,2015-10-03T19:01:31Z
5204,BUG: properly return error to fortran from ode_jacobian_function 0.16 backport,2015-08-30T11:23:11Z,2015-10-09T16:11:16Z
5203,BUG: fix uninitialized use in lartg 0.16 backport,2015-08-30T11:22:30Z,2015-08-30T16:53:02Z
5202,BUG: stats: Spurious warnings from the pdf method of several distributions,2015-08-29T18:27:53Z,
5197,mstats: test_kurtosis fails (ULP max is 2),2015-08-28T15:18:38Z,2015-11-07T11:51:19Z
5194,BUG: properly return error to fortran from ode_jacobian_function,2015-08-28T13:04:33Z,2015-08-28T16:06:45Z
5193,BUG: fix uninitialized use in lartg,2015-08-28T12:07:44Z,2015-08-28T16:30:56Z
5191,Scipy 0.16.x - TypeError: _asarray_validated() got an unexpected keyword argument 'as_inexact',2015-08-28T09:24:08Z,2015-10-09T18:33:07Z
5189,BUG: stats: Use the explicit formula in stats.genextreme.entropy,2015-08-27T23:44:07Z,2015-08-28T16:23:36Z
5183,help(scipy.stats.<distribname>) does not fill %(before_notes)s,2015-08-25T18:43:54Z,2016-02-02T01:22:05Z
5181,BUG: stats.genextreme.entropy should use the explicit formula,2015-08-24T04:01:37Z,2015-08-28T16:23:46Z
5173,failing stats.histogram test with numpy 1.10,2015-08-20T20:04:11Z,2015-10-24T11:36:03Z
5161,Optimizers reporting success when the minimum is NaN,2015-08-15T14:47:56Z,
5149,linalg tests apparently cause python to crash with numpy 1.10.0b1,2015-08-13T04:50:20Z,2015-10-06T19:24:00Z
5144,RuntimeWarning on csgraph.shortest_path when edge lengths are NaN,2015-08-12T11:04:18Z,
5142,scipy.cluster.hierarchy.linkage fails silently when supplied a matrix with NaN row and column,2015-08-11T20:20:19Z,2016-09-03T16:42:22Z
5134,Better error messages for ode,2015-08-10T17:25:09Z,
5127,Regression in 0.16.0: solve_banded errors out in patsy test suite,2015-08-09T06:39:44Z,2015-08-13T18:58:05Z
5123,Call to `scipy.sparse.coo_matrix` fails when passed Cython typed memoryviews,2015-08-07T17:35:19Z,2016-04-30T19:10:29Z
5121,Differential_evolution not giving a jacobean,2015-08-07T09:51:09Z,2015-08-23T09:43:07Z
5117,test_decomp_update.TestQRdelete_D.test_delete_last_p_col FAIL,2015-08-06T12:45:37Z,
5116,scipy.signal.lfilter crashes on sample-by-sample filtering in scipy 0.16.0,2015-08-06T11:15:30Z,2015-08-06T17:54:10Z
5103,Docs suggest scipy.sparse.linalg.expm_multiply supports LinearOperator but it doesn't,2015-08-01T02:17:02Z,
5094,ENH: scipy.interpolate.NearestNDInterpolator: cKDTree configurable,2015-07-28T13:12:14Z,2015-11-18T13:22:44Z
5089,BUG: Don't overwrite b in lfilter's FIR path,2015-07-27T17:57:09Z,2015-08-07T12:16:06Z
5077,cKDTree not indexing properly for arrays with too many elements,2015-07-22T17:26:42Z,2015-10-10T12:54:03Z
5064,"UnivariateSpline fails if the input array has 113,025,452 or more elements",2015-07-17T04:14:18Z,
5056,sparse matrix element-wise multiplying dense matrix returns dense matrix,2015-07-16T01:18:49Z,2017-01-03T07:12:21Z
5048,BUG: Upper tail accurracy lost in genpareto.logsf.,2015-07-14T09:19:02Z,2015-07-14T22:59:45Z
5040,Empty data handling of (c)KDTrees,2015-07-13T12:41:26Z,
5028,"The sparse matrix that ""scipy.io.savemat"" function save cannot be properly loaded in Matlab R2014a",2015-07-09T15:30:10Z,
5027,distance functions always cast bool to double,2015-07-08T20:18:55Z,2016-01-26T20:01:43Z
5022,Most iterative solvers in scipy.sparse.linalg does not seem to converge.,2015-07-07T12:45:27Z,
5010,Hypergeometric distribution log survival function,2015-07-01T17:50:36Z,2015-07-05T11:41:46Z
5002,memoy leak in quadpack.h when using ctype function in nquad,2015-06-27T19:26:36Z,
4977,MAINT: more careful dtype treatment in block diagonal matrix construction,2015-06-18T18:07:47Z,2015-06-22T18:18:48Z
4973,sparse __lt__  bug,2015-06-17T13:25:41Z,2016-05-07T23:29:15Z
4970,signal.dlsim returns error for 1st order system,2015-06-17T07:29:12Z,
4965,stats.spearmanr - wrong input arguments description,2015-06-16T14:25:46Z,2015-06-24T07:18:55Z
4962,signal.welch: Last frequency incorrectly negative,2015-06-16T09:34:10Z,2015-06-30T21:03:31Z
4942,MAINT: use np.float64_t instead of np.float_t in cKDTree,2015-06-07T22:28:43Z,2015-06-22T21:45:29Z
4938,Docs on extending ndimage need to be updated.,2015-06-04T15:01:04Z,2016-08-06T09:34:07Z
4932,BUG: stats: The `fit` method of the distributions silently ignores invalid keyword arguments.,2015-06-02T20:42:26Z,2015-06-16T05:38:13Z
4926,BUG: cluster: The `color_list` argument of `dendrogram` is undocumented and ignored.,2015-05-30T15:26:39Z,2015-10-10T16:11:52Z
4917,BUG: indexing error for sparse matrix with ix_,2015-05-27T11:02:49Z,2017-01-08T17:34:59Z
4915,Bug in unique_roots in scipy.signal.signaltools.py for roots with same magnitude,2015-05-27T04:25:23Z,
4911,"typo in code of stats tutorial page re ""Univariate estimation""",2015-05-26T20:20:30Z,2015-05-26T20:33:48Z
4908,bug: unnessesary validity check for block dimension in scipy.sparse.block_diag,2015-05-26T10:11:42Z,2016-11-15T08:20:28Z
4907,solve_toeplitz test failures on Windows,2015-05-26T01:26:46Z,2015-07-04T08:46:31Z
4895,some scipy ufuncs have inconsistent output dtypes?,2015-05-19T23:21:00Z,2015-07-23T20:28:44Z
4894,scipy.special.hyp2f1 giving more incorrect results,2015-05-19T22:07:12Z,
4885,MKL test failures,2015-05-18T18:00:40Z,2015-06-26T06:31:04Z
4878,Excessive memory usage in ndimage.median_filter,2015-05-14T13:06:26Z,
4873,fmin_l_bfgs_b doesn't preserve dtype,2015-05-13T02:42:24Z,
4848,Test failures for linalg.qr_insert on 32-bit linux,2015-05-10T17:00:23Z,2015-06-26T06:31:11Z
4847,travisCI status is unreliable,2015-05-10T00:29:17Z,2015-05-11T09:37:38Z
4844,signal.spectrogram test failure,2015-05-09T15:41:53Z,2015-05-10T13:32:20Z
4840,special test failures with mingw32 due to test precision,2015-05-09T13:09:10Z,2015-05-10T20:13:44Z
4834,gammainc should return 1.0 instead of NaN for infinite x,2015-05-08T19:13:10Z,2015-10-24T11:59:13Z
4833,BLD: fix issue in linalg ``*lange`` wrappers for g77 builds.,2015-05-08T17:00:36Z,2015-05-10T20:14:15Z
4831,Bugs in C code in __quadpack.h,2015-05-08T09:19:38Z,2017-01-04T22:07:31Z
4813,"Test error for matrix norms (py3.3, numpy 1.8.0)",2015-05-05T19:44:51Z,2015-05-05T20:27:24Z
4811,A warning in SLSQP shows up with correct code,2015-05-05T18:46:45Z,
4799,BUG: spatial: Fix a couple edge cases for the Mahalanobis metric in pdist and cdist.,2015-05-01T22:13:09Z,2015-05-05T18:34:30Z
4794,lsim2 cannot simulate a MIMO system that simply passes the input to the output unchanged,2015-05-01T00:59:33Z,
4793,scipy.optimize.minimize returns success on function that returns NaN,2015-04-30T23:07:26Z,2015-08-15T14:47:53Z
4791,BUG: scipy.spatial: incremental Voronoi doesn't increase size of point_region array,2015-04-30T20:22:05Z,2015-05-09T14:17:51Z
4788,problems with scipy sparse linalg isolve iterative.py when complex,2015-04-29T19:49:16Z,2015-04-29T20:57:36Z
4776,scipy.io.savemat module saves wrong structure mat,2015-04-28T11:06:04Z,
4755,"TypeError: data type ""<i0"" not understood",2015-04-19T08:31:34Z,
4754,savemat doesn't work with none type. ,2015-04-17T12:32:16Z,2015-05-07T20:23:14Z
4746,linprog returns solution violating equality constraint,2015-04-15T12:55:06Z,2015-04-24T01:31:00Z
4745,Build failure with Cython 0.21.1,2015-04-15T12:38:56Z,2015-04-27T09:12:30Z
4741,some errors (due to segfaults?) are not interpreted correctly by the CI,2015-04-14T20:16:21Z,2015-05-01T17:11:19Z
4736,qr_update bug or incompatibility with numpy 1.10?,2015-04-14T16:16:20Z,2015-05-10T15:32:04Z
4733,optimize.brute finish option is not compatible with optimize.minimize,2015-04-14T14:01:16Z,2015-04-27T20:30:41Z
4726,FAIL: test_cobyla.test_vector_constraints,2015-04-13T19:39:51Z,2015-04-25T11:28:34Z
4724,GenGamma _munp function fails due to overflow,2015-04-13T16:22:16Z,2015-04-14T13:00:17Z
4705,kmeans k_or_guess parameter error if guess is not square array,2015-04-09T16:20:12Z,2015-04-14T17:15:51Z
4690,"special.jn_zeros(281, 6) hangs",2015-04-02T20:14:54Z,
4681,Broadcasting in signal.lfilter still not quite right.,2015-03-30T20:52:38Z,2015-04-11T15:21:48Z
4677,Unexpected behavior from scipy.special.btdtri,2015-03-30T16:12:45Z,
4675,Fix lsim,2015-03-29T22:01:07Z,2015-05-05T15:48:10Z
4649,Vonmisesfix,2015-03-20T12:47:36Z,2015-03-20T14:36:57Z
4643,RBF default epsilon too large 2020,2015-03-17T23:22:29Z,2015-04-30T08:06:46Z
4638,32 bit pointer in scipy.ndimage.zoom(),2015-03-16T20:27:58Z,
4613,scipy.io.readsav error on reading sav file,2015-03-09T14:03:48Z,2015-04-26T08:27:29Z
4612,Crash in signal.lfilter on nd input with wrong shaped zi,2015-03-09T13:39:31Z,2015-03-17T21:00:52Z
4599,scipy.integrate.nquad should call _OptFunc when called with only a dictionary,2015-03-05T16:33:17Z,2015-03-14T10:01:34Z
4598,von Mises random variate sampling broken for non-zero location parameter,2015-03-05T10:34:00Z,
4597,Fix up scatter in sparse.Getset benchmarks,2015-03-05T10:07:09Z,
4594,scipy.optimize.linprog IndexError when a callback is providen,2015-03-04T21:31:14Z,2015-04-24T01:31:00Z
4586,ndimage: binary erosion.dilation algorithm selected by brute_force parameter unclear,2015-03-03T14:23:28Z,
4580,scipy.ndimage.filters.convolve documenation is incorrect,2015-03-02T13:08:37Z,2015-11-15T22:22:31Z
4562,BUG: Misc residuez issues,2015-02-26T01:49:22Z,
4561,BUG: tf filter trailing and leading zeros in residuez,2015-02-26T01:44:11Z,
4560,cspline1d combined with cspline1d_eval fail to properly reproduce the first point when lamb = 0.0,2015-02-25T23:27:52Z,
4557,scipy.sparse.rand raises OverflowError instead of ValueError on win-amd64,2015-02-25T00:09:41Z,
4555,leastsq should use cholesky not inv for hessian inversion,2015-02-24T19:36:55Z,
4550,`scipy.stats.mode` - UnboundLocalError on empty sequence,2015-02-24T07:23:23Z,2015-04-12T20:03:47Z
4543,BUG: Overflow in savgol_coeffs,2015-02-22T18:00:30Z,2015-02-25T15:31:06Z
4537,savemat does not handle bool correctly,2015-02-19T20:10:00Z,
4535,BUG: Changed zip() to list(zip()) so that it could work in Python 3 also...,2015-02-19T11:43:28Z,2015-02-20T07:13:26Z
4530,csr_matrix setitem actually assigns zeros,2015-02-17T10:45:56Z,
4529,csr_matrix setitem not good with broadcast indices,2015-02-17T10:43:38Z,
4527,KDTree example doesn't work in Python 3,2015-02-17T01:41:42Z,2015-02-20T07:13:26Z
4523,rbf with gaussian kernel seems to produce more noise than original data,2015-02-12T22:16:42Z,2015-04-30T08:23:29Z
4521,Broken check in uses_mkl for newer versions of the library,2015-02-12T08:00:15Z,2015-03-05T21:21:41Z
4520,g77_abi_wrappers needed on Linux for MKL as well,2015-02-12T08:00:13Z,2015-03-05T21:21:41Z
4518,uses_mkl fails sometimes,2015-02-11T20:12:21Z,
4510,sparsetools.cxx call_thunk can segfault due to out of bounds if strlen(spec) < MAX_ARGS during cleanup,2015-02-09T18:06:14Z,2016-02-16T13:02:29Z
4495,questionable loadmat behavior for empty strings,2015-02-05T01:47:02Z,
4487,"""_solout"" in ""dopri5"" class of ""scipy.integrate"" reverses the naming of two callback arguments",2015-02-01T22:03:39Z,
4479,mathieu_a reports incorrect values,2015-01-29T12:41:41Z,
4476,scipy.sparse non-native endian bug,2015-01-28T00:44:41Z,2016-02-16T13:02:17Z
4473,BUG: signal: Fix validation of the zi shape in sosfilt.,2015-01-27T18:13:41Z,2015-01-28T19:04:58Z
4472,documentation error in docstring of pdist/cdist,2015-01-27T13:14:30Z,
4446,Gauss hypergeometric function scipy.special.hyp2f1 returns NaN instead of 0.0,2015-01-21T13:48:32Z,
4438,linprog() documentation example wrong,2015-01-20T00:27:45Z,2015-01-20T08:59:23Z
4431,MAT unicode woes,2015-01-18T18:30:44Z,
4424,BUG: optimize.minimize: fix overflow issue with integer x0 input.,2015-01-18T09:00:49Z,2015-01-19T08:02:08Z
4418,Restore and deprecate scipy.linalg.calc_work,2015-01-17T13:48:31Z,2015-01-17T16:36:12Z
4417,BLD: avoid using NPY_API_VERSION to check not using deprecated Numpy API,2015-01-17T09:49:18Z,2015-01-18T11:42:39Z
4410,FAIL: test_syr_her (test_blas.TestFBLAS2Simple) on Windows python2.7.9 32 bit scipy0.15.0 numpy0.19.1,2015-01-16T06:45:53Z,2015-01-18T13:21:46Z
4400,Failed tests ,2015-01-13T01:32:30Z,2015-01-23T04:43:26Z
4398,FIX pdist bug where wminkowski's w.dtype != double,2015-01-12T13:05:32Z,2015-01-12T16:46:12Z
4393,Documentation glitsch in sparse.linalg.spilu,2015-01-11T19:39:36Z,2015-01-17T22:54:07Z
4389,segfault in ndimage.binary_erosion,2015-01-11T01:14:22Z,
4386,Mann Whitney U difference in p value between Windows and Mac,2015-01-09T21:43:27Z,
4376,BF: fix reading off-spec matlab logical sparse,2015-01-07T15:10:38Z,2015-01-15T22:04:14Z
4375,All tests fail due to bad file permissions,2015-01-07T11:29:24Z,2015-10-25T19:54:09Z
4358,"BUG: integrate: fix handling of banded Jacobians in odeint, plus add some nicer error handling",2015-01-02T22:41:49Z,2015-01-07T17:02:47Z
4357,BUG: piecewise polynomial antiderivative,2015-01-02T19:04:36Z,2015-01-20T18:56:42Z
4355,PPoly.antiderivative() produces incorrect output,2015-01-02T16:49:51Z,2015-01-20T18:56:42Z
4354,signal.slepian should use definition of digital window,2015-01-02T15:28:23Z,
4335,BUG: fix usage of unicode literals that breaks Python 3.2 support,2014-12-30T13:27:56Z,2014-12-30T15:08:26Z
4331,I think this stats test would fail on Python 3.2 because of unicode.,2014-12-29T21:19:31Z,2014-12-30T16:06:16Z
4319,"MAINT: fix hamming distance regression for exotic arrays, with unit test",2014-12-27T20:50:25Z,2014-12-28T14:23:37Z
4317,lil_matrix errs in ranged assignment or sum,2014-12-27T11:20:09Z,2014-12-28T09:45:36Z
4304,Duplicate minimal entries in interpolate.interp1d result in nan,2014-12-23T13:36:30Z,
4293,MAINT: != -> not_equal in hamming distance implementation,2014-12-18T18:51:20Z,2014-12-18T22:07:44Z
4290,Useful error for Hamming distance of different length arrays,2014-12-18T17:15:18Z,2014-12-18T22:07:44Z
4286,MRG: fix matlab output type of logical array,2014-12-17T19:54:25Z,2014-12-21T10:33:15Z
4284,BUG: integrate: odeint crashed when the integration time was 0.,2014-12-16T17:50:58Z,2014-12-18T22:22:22Z
4283,Backport of performance regression fix to 0.14.1,2014-12-16T16:00:32Z,2014-12-30T16:13:27Z
4282,integrate.odeint raises an exception when full_output=1 and the integration time is 0,2014-12-16T04:27:21Z,2014-12-18T22:22:22Z
4281,Sparse matrix multiplication: only convert array if needed (with proper fix branch),2014-12-16T01:25:24Z,2014-12-16T15:43:27Z
4275,scipy.linalg.interpolative svd  integer overflow,2014-12-15T07:13:01Z,
4273,docs development docs seems obsolete,2014-12-15T01:43:04Z,2014-12-15T21:52:40Z
4272,BUG: sparse: Fix bench_sparse.py,2014-12-15T01:05:58Z,2014-12-15T01:19:38Z
4262,"BUG: newton_krylov() was ignoring norm_tol argument, closes #4259",2014-12-13T08:43:36Z,2015-01-02T14:01:35Z
4258,BUG: io.arff #4429 #2088,2014-12-11T17:26:28Z,2014-12-12T22:00:50Z
4248,BUG: optimize: fix issue with incorrect use of closure for slsqp.,2014-12-07T23:33:36Z,2014-12-08T13:23:13Z
4241,BUG: sparse: work around alignment issue in f2py in Numpy 1.9.1,2014-12-07T15:28:18Z,2014-12-08T22:32:03Z
4240,scipy.optimize.minimize does not work under python3,2014-12-07T10:53:54Z,2014-12-08T13:23:13Z
4238,MAINT: avoid redundant copies in scipy.sparse,2014-12-06T21:07:33Z,2014-12-11T15:54:34Z
4233,1D scipy.interpolate.griddata using method=nearest produces nans outside boundaries,2014-12-04T23:05:06Z,2015-10-10T16:39:30Z
4229,scipy.io.arff.arffread crashes if an empty line is followed by a comment,2014-12-04T09:44:25Z,2014-12-04T12:56:50Z
4225,BUG: off-by-one error in PPoly shape checks,2014-12-02T17:24:22Z,2014-12-07T13:44:53Z
4221,scipy.stats.spearmanr p-value issue with very large matrices,2014-12-02T15:01:41Z,
4216,PPoly.antiderivative() fails on a simple example,2014-11-30T19:01:32Z,2014-12-07T13:44:53Z
4208,Empty sparse matrices written to MAT file cannot be read by MATLAB,2014-11-28T11:57:39Z,2014-12-08T22:25:35Z
4203,Matrix multiplication in 0.14.x is more than 10x slower compared to 0.13.x,2014-11-27T09:49:20Z,2014-12-16T15:43:27Z
4189,BUG: integrate: fix invalid F77 syntax in quadpack,2014-11-23T21:57:03Z,2014-11-23T21:58:42Z
4188,BUG: lobpcg largest eigenvalues,2014-11-23T21:10:08Z,2016-02-01T17:46:59Z
4180,backport pil resize support tuple fix,2014-11-22T13:03:19Z,2014-11-22T13:08:52Z
4171,orthogonal_procrustes always returns scale.,2014-11-20T13:36:17Z,2014-11-22T16:43:57Z
4162,Backport expm integer fix,2014-11-18T15:01:21Z,2014-11-22T11:05:02Z
4152,Test failure - test_quadpack.TestMultivariateCtypesQuad,2014-11-16T05:34:24Z,2014-11-24T19:42:27Z
4146,buffer is too small for requested array when reading mat file,2014-11-13T23:52:06Z,
4143,BUG: fix ndimage functions for large data,2014-11-13T14:18:40Z,2014-11-22T12:52:07Z
4130,BUG: stats: fisher_exact returns incorrect p-value,2014-11-08T20:31:28Z,
4118,`scipy.integrate.ode.set_solout` called after `scipy.integrate.ode.set_initial_value` fails silently,2014-11-04T17:37:58Z,2015-10-10T16:33:34Z
4106,ndimage._ni_support._normalize_sequence() fails with numpy.int64,2014-10-27T16:39:16Z,2015-11-15T22:31:50Z
4105,BUG: Workaround for SGEMV segfault in Accelerate,2014-10-27T00:58:12Z,2014-11-23T18:45:54Z
4104,BUG: Workaround SGEMV segfault in Accelerate (maintenance 0.14.x),2014-10-26T23:28:23Z,2014-11-23T18:46:27Z
4100,"Why does qr(a, lwork=0) not fail?",2014-10-24T13:24:38Z,2015-01-17T09:02:18Z
4097,BUG: stats.probplot incorrectly displays the value for R as R^2,2014-10-23T15:42:33Z,2014-10-29T00:41:17Z
4094,scipy.cluster.hierarchy.linkage does not work with redundant distance matrix ,2014-10-22T19:59:25Z,2014-11-23T17:33:50Z
4085,Difference between `lu` and `lu_factor`,2014-10-19T11:41:36Z,
4084,BUG: Match exception declarations in scipy/io/matlab/streams.pyx to their corresponding pxd declarations.,2014-10-19T05:12:52Z,2014-11-22T16:36:42Z
4081,Error when reading matlab file: buffer is too small for requested array,2014-10-17T01:13:29Z,2014-12-21T10:39:54Z
4072,scipy.interpolate.LSQBivariateSpline: keyword argument 's',2014-10-13T12:41:28Z,2015-01-03T16:02:37Z
4067,Mannwhitneyu with arrays full of nan still reports significance,2014-10-10T10:21:52Z,
4053,BUG: stats: Refactor argument validation to avoid a unicode issue.,2014-10-06T21:45:18Z,2014-10-07T06:36:44Z
4051,BUG: expm of integer matrices,2014-10-03T20:03:34Z,2014-10-04T16:52:03Z
4044,Inconsistent code book initialization in kmeans,2014-10-01T13:14:54Z,2016-10-07T08:51:00Z
4041,BUG: misc: Ensure that the 'size' argument of PIL's 'resize' method is a tuple.,2014-09-30T19:58:46Z,2014-10-08T17:10:04Z
4038,errors do not propagate through scipy.integrate.odeint properly,2014-09-29T16:02:00Z,2014-11-25T17:56:09Z
4037,four arpack tests fail when compiling with MKL,2014-09-28T11:28:51Z,
4035,improve accuracy of scipy.stats.truncexpon distribution for small x,2014-09-27T12:08:42Z,2015-01-18T11:33:35Z
4034,improve accuracy of scipy.stats.rayleigh distribution for large x,2014-09-27T11:38:19Z,2015-01-23T20:38:55Z
4033,improve accuracy of scipy.stats.lomax distribution for small x.,2014-09-27T11:30:46Z,2015-01-16T21:10:46Z
4032,ERROR: test_imresize (test_pilutil.TestPILUtil),2014-09-27T11:13:26Z,2014-10-08T17:10:10Z
4031,improve accuracy of scipy.stats.gompertz distribution for small x.,2014-09-27T10:47:33Z,2015-01-28T05:56:42Z
4030,simplify scipy.stats.betaprime.cdf,2014-09-27T10:11:03Z,2015-01-04T13:52:48Z
4029,"scipy.stats.nbinom.logpmf(0,1,1) returns nan. Correct value is 0 ",2014-09-27T09:34:00Z,2014-11-22T12:16:21Z
4028,"scipy.stats.geom.logpmf(1,1) returns nan. The correct value is 0.0",2014-09-27T07:58:06Z,2014-12-26T20:27:51Z
4026,== str,2014-09-26T21:07:33Z,2014-10-07T06:36:44Z
4025,DOC: signal: The return value of find_peaks_cwt is not documented.,2014-09-26T20:03:49Z,2014-11-22T00:32:52Z
4022,savemat incorrectly saves logical arrays,2014-09-24T09:35:14Z,2014-12-21T10:34:12Z
4018,reconstruct_path for degenerate graph,2014-09-23T14:58:14Z,2015-06-29T09:41:50Z
4017,Problems with Mann Whitney test. Function tiecorrect returns negative values,2014-09-22T16:18:11Z,
4014,scipy.misc.logsumexp issues with -np.inf arguments,2014-09-22T12:00:24Z,2014-09-26T06:49:41Z
4006,BUG: Fix C90 compiler warnings in `NI_MinOrMaxFilter1D`,2014-09-18T23:50:57Z,2014-09-19T01:50:35Z
4001,BUG:  numerical precision in dirichlet,2014-09-17T22:24:32Z,2015-01-01T10:59:55Z
4000,BUG: stats: Fix edge-case handling in a few distributions.,2014-09-16T21:18:19Z,2014-09-23T12:30:41Z
3997,BUG: linalg: pascal(35) was incorrect: last element overflowed np.uint64 data type.,2014-09-15T19:20:36Z,2014-09-15T20:34:08Z
3986,"scipy.stats.powerlaw.logpdf(0,1) returns nan. The correct value is 0.0.",2014-09-10T14:25:45Z,2014-09-23T12:30:46Z
3985,"scipy.stats.gengamma.pdf(0,1,1) returns nan. The correct value is 1.0.",2014-09-10T13:54:19Z,2014-09-23T12:30:46Z
3983,Off by one error in fblas_l1.pyf.src,2014-09-10T12:52:31Z,
3982,"scipy.stats.exponpow.logpdf(0,1) returns nan. The correct value is  0.0.",2014-09-10T10:45:21Z,2014-09-23T12:30:46Z
3915,DOC: sphinx warnings because of `**kwds` in the stats distributions docstrings.,2014-08-28T20:12:39Z,2014-08-31T11:43:40Z
3908,Sparse matrix slice segmentation fault,2014-08-27T17:37:13Z,2015-05-11T15:09:02Z
3905,"DOC: optimize: linprog docstring has two ""Returns"" sections",2014-08-26T18:02:20Z,2014-08-31T09:27:03Z
3904,scipy.special.ellipj dn wrong values at quarter period,2014-08-26T11:13:46Z,2016-07-31T11:17:29Z
3901,scipy sparse errors with numpy master,2014-08-25T13:39:32Z,2014-08-29T14:07:27Z
3896,Fix 2 mistakes in MatrixMarket format parsing,2014-08-23T14:56:01Z,2014-08-30T13:48:35Z
3895,ValueError: illegal value in 12-th argument of internal gesdd with MKL 11.1 update 4,2014-08-23T06:27:46Z,2014-09-05T19:00:49Z
3891,BUG: stats: Fix ValueError message in chi2_contingency.,2014-08-22T00:25:30Z,2014-08-28T11:52:06Z
3886,BUG: fixing linprog's kwarg order to match docs,2014-08-20T17:38:31Z,2014-08-21T14:39:51Z
3882,scipy.org domain issues,2014-08-18T12:15:26Z,2014-08-20T21:31:48Z
3862,BUG: signal: fix handling of multi-output systems in ss2tf.  ,2014-08-05T21:20:49Z,2014-08-26T03:17:44Z
3853,Many scipy.sparse test errors/failures with numpy 1.9.0b2,2014-08-01T21:28:06Z,2014-09-03T21:45:24Z
3849,weave.inline fails to pickup recompiled version with force=1,2014-07-31T20:38:03Z,2016-10-19T21:06:34Z
3847,Crash of  interpolate.splprep(task=-1),2014-07-31T11:37:49Z,
3837,RuntimeWarning raised by sp.stats.multivariate_normal due to zero covariance matrix,2014-07-29T16:43:09Z,2014-08-30T14:01:23Z
3831,SuperLU is too slow,2014-07-25T21:42:38Z,
3824,Bug in slsqp method?,2014-07-24T10:48:40Z,
3822,BUG: dendrogram's labels not displaying correctly after updating to 0.14,2014-07-23T19:31:06Z,2015-10-10T16:11:52Z
3821,review scipy usage of `np.ma.is_masked`,2014-07-23T18:54:17Z,2014-09-16T21:06:38Z
3819,BUG: make a fully connected csgraph from an ndarray with no zeros,2014-07-22T23:14:00Z,2014-08-29T23:13:46Z
3818,[BUG?] csgraph.connected_components input validation,2014-07-22T22:18:33Z,2014-08-29T23:13:46Z
3817,Warning in calculating moments from Binomial distribution for p = 0 and p = 1,2014-07-22T13:54:22Z,2014-08-12T21:25:40Z
3814,scipy.stats.mode truncates strings,2014-07-21T05:14:22Z,2014-08-05T03:57:12Z
3813,BUG: sparse: fix __eq__ for matrices with explicit zeros,2014-07-20T16:18:43Z,2014-07-31T21:55:10Z
3812,== sometimes wrong on csr_matrix,2014-07-20T14:15:59Z,2014-07-31T21:55:09Z
3810,BUG: complex svdvals raises exception,2014-07-19T08:03:51Z,2014-09-26T09:28:56Z
3802,0.14.0 API breakage:  _gen generators are missing from scipy.stats.distributions API,2014-07-16T16:28:55Z,2014-07-19T13:48:24Z
3800,BUG: scipy.sparse.csgraph.shortest_path overwrites input matrix,2014-07-16T14:53:53Z,2014-08-29T14:04:09Z
3793,cwt should also return complex array ,2014-07-13T21:40:14Z,
3787,BUG: signal: Division by zero in lombscargle,2014-07-11T19:33:15Z,2014-07-16T16:36:13Z
3784,DOC - Special Functions - Drum example fix for higher modes,2014-07-10T23:51:07Z,2014-07-15T12:11:32Z
3780,Segfault when using CSR/CSC matrix and uint32/uint64,2014-07-10T08:56:43Z,2014-07-13T10:09:05Z
3778,wavfile.write() doesn't write 'fact' chunk for floating-point formats,2014-07-09T09:44:08Z,2016-05-07T23:09:48Z
3777,Incorrect return for oblate spheroidal radial function of the 2nd kind,2014-07-09T01:29:00Z,
3770,"BUG: signal: In lfilter_zi, b was not rescaled correctly when a[0] was not 1.",2014-07-04T23:42:57Z,2014-07-05T09:45:38Z
3761,Invalid result from scipy.special.btdtri,2014-06-26T12:51:05Z,2014-07-21T20:20:25Z
3755,Boxcox: confidence interval for lambda does not contain lambda,2014-06-24T18:08:34Z,2014-07-13T09:41:20Z
3749,No output of scipy.signal.argrelextrema(),2014-06-20T08:25:46Z,
3733,segfault from map_coordinates,2014-06-15T14:24:57Z,2014-11-22T12:52:07Z
3732,signal.dlsim not correct for higher orders,2014-06-14T17:07:04Z,
3726,Adding a relative/absolute tolerance flag to iterative methods,2014-06-09T17:06:15Z,2014-06-09T17:27:08Z
3714,Misleading error message in eigsh: k must be between 1 and rank(A)-1,2014-06-05T21:06:51Z,2014-08-31T15:02:41Z
3705,sparse memory leak?,2014-06-03T16:45:38Z,2014-07-24T21:36:27Z
3703,TypeError for RegularGridInterpolator with big-endian data,2014-06-03T11:17:28Z,2014-06-10T19:32:09Z
3702,BUG: cluster: _vq unable to handle large features,2014-06-03T07:19:47Z,2014-06-04T15:48:24Z
3699,BUG?: minor problem with scipy.signal.lfilter w/initial conditions,2014-06-02T21:56:44Z,2014-07-05T17:06:55Z
3691,scipy.interpolate.UnivariateSpline segfault,2014-05-28T17:44:27Z,
3690,"scipy.io.netcdf: "" 'netcdf_file' object has no attribute 'fp' "" when using deepcopy",2014-05-28T11:24:51Z,
3685,DEP: put back veccdf/vecfunc/vec_generic_momemt in stats.distributions.,2014-05-26T22:47:52Z,2014-07-05T15:33:12Z
3678,_clough_tocher_2d_single direction between centroids,2014-05-23T13:52:58Z,
3677,idct normalization unexpected?,2014-05-22T12:31:42Z,
3675,Intermittent failures for signal.slepian on Windows,2014-05-21T19:55:40Z,2015-01-02T15:11:50Z
3672,Inserting a knot in a spline,2014-05-20T10:16:31Z,2014-05-20T17:48:44Z
3669,KroghInterpolator doesn't pass through points,2014-05-19T12:09:28Z,2014-06-14T16:13:49Z
3668,dendogram(orientation='foo') ,2014-05-19T09:23:20Z,2014-06-02T04:35:20Z
3662,Travis failure on Numpy 1.5.1 (not reproducible?),2014-05-16T23:14:38Z,2014-05-17T00:31:40Z
3655,Integer returned from integer data in scipy.signal.periodogram and scipy.signal.welch,2014-05-15T16:41:58Z,2014-05-24T14:09:58Z
3652,fix wrong option name in power_divergence dosctring example,2014-05-14T21:08:54Z,2014-05-14T22:38:04Z
3648,scipy.sparse.rand leaves empty columns,2014-05-13T07:15:44Z,2014-05-29T20:57:19Z
3645,BUG: stats: mstats.pearsonr calculation is wrong if the masks are not aligned,2014-05-12T14:24:42Z,
3642,NaN value when using Scipy Lambert Function in Python - in Enthought Canopy,2014-05-11T16:19:27Z,2016-05-07T23:05:18Z
3635,BUG: sparse/superlu: fix || vs && mistake in L/U attributes + add test,2014-05-09T16:50:02Z,2014-05-10T14:20:45Z
3631,SuperLU object not working as expected for complex matrices,2014-05-08T18:33:50Z,2014-05-10T14:20:45Z
3630,NetCDF reading results in a segfault,2014-05-08T15:57:08Z,2014-09-16T21:08:56Z
3623,BUG: signal.convolve takes longer than it needs to,2014-05-07T02:12:57Z,2014-06-05T13:50:45Z
3613,sparse linalg eigs/eigsh is possibly affected by an ARPACK bug,2014-05-05T14:39:23Z,2016-02-28T23:52:28Z
3611,scipy.stats.mstats.kruskalwallis,2014-05-05T06:10:46Z,
3608,Errors during pip install on Python 3.4,2014-05-03T23:10:32Z,2014-05-08T20:05:37Z
3607,BUG: integrate: Fix some bugs and documentation errors in the ode solvers.,2014-05-03T19:47:36Z,2014-09-04T16:55:13Z
3604,test_mpmath failures,2014-05-02T08:58:29Z,2014-05-05T18:55:43Z
3596,scipy.signal.fftconvolve no longer threadsafe,2014-04-30T23:48:58Z,2014-06-14T16:55:56Z
3593,Bug in scipy.special.hyp1f1,2014-04-30T05:03:59Z,
3592,lobpcg does not compute smallest eigenvalues,2014-04-29T23:22:35Z,2014-05-01T19:53:53Z
3588,Running scipy test suite alters Matplotlib backend,2014-04-28T21:32:45Z,
3581,"optimize: stepsize in fmin_bfgs is ""bad""",2014-04-26T04:32:38Z,2016-04-02T20:26:24Z
3580,Operator overloading with sparse matrices,2014-04-25T22:16:07Z,2014-05-26T19:30:51Z
3579,"Errors on scipy 0.14.x branch using MKL, Ubuntu 14.04 x86_64",2014-04-25T18:09:39Z,2014-05-10T15:00:02Z
3576,mstats test failure (too sensitive?),2014-04-25T17:27:56Z,2014-04-25T18:51:27Z
3572,sparse hstack/vstack fails with empty matrices,2014-04-24T09:40:01Z,
3571,BUG: tools: Unmerged pull requests included in the list generated by gh_lists.py,2014-04-24T08:55:44Z,2014-04-27T12:30:44Z
3568,SciPy 0.13.3 - CentOS5 - Errors in test_arpack,2014-04-23T01:37:27Z,2016-04-19T18:32:09Z
3560,BUG: ss2zpk should not convert to tf internally,2014-04-18T01:26:45Z,
3559,eval_legendre: loss of precision for even n near x = zero.,2014-04-17T20:53:09Z,
3555,`scipy.ndimage` positions are float instead of int,2014-04-16T17:43:00Z,2014-04-18T17:37:15Z
3554,3 test failures on when building master.,2014-04-16T15:20:17Z,2014-04-22T20:50:51Z
3551,Py 3.4 / SP 0.13.3 test failure: test_mpmath.TestSystematic.test_ci,2014-04-15T16:32:45Z,2016-11-01T02:13:20Z
3550,BUG: anomalous values computed by special.ellipkinc,2014-04-15T15:16:49Z,2014-06-18T15:15:18Z
3547,BUG: special: erfcinv with small arguments loses precision.,2014-04-14T11:30:10Z,2014-04-27T12:07:38Z
3545,BUG: stats: stats.levy.cdf with small arguments loses precision.,2014-04-13T19:09:28Z,2014-04-23T06:26:26Z
3544,Test suite fails with installed Matplotlib and unavailable X server,2014-04-13T12:01:48Z,2014-04-28T21:37:10Z
3540,DOC: linalg: add docstring to fractional_matrix_power,2014-04-11T20:04:52Z,2014-04-22T20:04:04Z
3539,whosmat and loadmat inconsistencies and bugs,2014-04-11T02:48:54Z,
3534,BUG: do not reject unaligned sparse matrix arrays,2014-04-09T03:32:43Z,2014-04-22T21:45:58Z
3532,cythonize.py does not detect changes in .pxi files,2014-04-08T20:40:41Z,2016-10-30T08:21:52Z
3531,Interpolation with a single nan value is very slow for moderately large arrays,2014-04-08T20:11:13Z,2014-12-01T22:06:03Z
3528,Segfault on test_djbfft (possibly MKL-related?),2014-04-07T22:26:51Z,
3523,BUG: re-add `rv_frozen` to stats.distributions namespace.  Closes gh-3522,2014-04-04T22:57:12Z,2014-04-05T08:09:06Z
3522,fix import path for stats.distributions,2014-04-03T22:49:03Z,2014-04-05T08:09:07Z
3521,BUG: Error in sparse.csgraph.shortest_path with method 'auto',2014-04-03T21:17:48Z,2014-04-05T13:48:36Z
3509,libatlas3-base-dev does not exist,2014-03-30T01:45:34Z,2014-04-01T21:03:15Z
3508,exponweib.logpdf fails for valid parameters,2014-03-29T22:25:46Z,2014-04-23T20:19:12Z
3503,minimize attempts to do vector addition when numpy arrays are passed as args,2014-03-27T21:17:04Z,2014-08-31T19:49:53Z
3499,cluster.vq.whiten return nan for all zeros column in observations,2014-03-27T14:39:50Z,2014-05-12T04:21:56Z
3493,Multivariate Normal error message doesn't cover all cases,2014-03-26T20:51:38Z,2014-09-09T18:33:59Z
3492,hyp1f1 still gives wrong result,2014-03-26T13:43:41Z,
3487,scipy.io.savemat fails with 'TypeError: data type not understood' for nested dicts with unicode keys,2014-03-24T18:57:26Z,
3483,integrate.quad doesn't cast upper bound to float properly,2014-03-23T21:18:50Z,
3479,scipy.special.hyp2f1 giving incorrect result,2014-03-22T20:29:21Z,
3476,MAINT: use custom templating instead of fused types in _csparsetools,2014-03-22T13:29:16Z,2014-03-22T19:15:07Z
3474,netcdf_file.createDimension does not handle numpy.int32 type,2014-03-21T07:49:40Z,
3470,FIX: restore np.abs ufunc support for scipy.sparse,2014-03-19T19:07:58Z,2014-03-22T11:50:04Z
3468,BUG: sparse: fix backward compatibility issues in scipy.sparse vs 64-bit indices,2014-03-18T19:57:48Z,2014-03-22T14:35:10Z
3466,```scipy.sparse.csgraph.shortest_path``` does not work on ```scipy.sparse.csr_matrix``` or ```lil_matrix```,2014-03-18T17:05:26Z,2014-03-18T19:37:02Z
3465,BUG: New 64-bit sparse matrices are not backwards compatible,2014-03-18T11:26:00Z,2014-03-22T14:35:10Z
3461,Many scipy.sparse test errors on Windows,2014-03-17T05:06:05Z,2014-03-22T19:15:07Z
3460,TST: open image file in binary mode,2014-03-17T04:55:35Z,2014-03-17T20:02:24Z
3459,-mno-fused-madd causes scipy.weave to fail on OS X 10.9,2014-03-16T18:21:38Z,2014-03-16T20:11:39Z
3458,Reworked version of PR-3084 (mstats-stats comparison),2014-03-16T03:28:59Z,2014-04-13T20:34:45Z
3457,linalg.fractional_matrix_power has no docstring,2014-03-16T01:12:04Z,2014-05-10T14:36:56Z
3455,"stats.binom, poisson warnings/errors in tests",2014-03-15T11:33:26Z,2014-03-23T21:30:26Z
3452,svds returning nans for zero input matrix,2014-03-14T16:26:43Z,2014-08-23T16:30:19Z
3433,Correcting the normalization of chebwin window function,2014-03-06T01:05:32Z,2014-03-06T21:15:55Z
3431,basinhopping jumps to a non-accepted place (on first round?),2014-03-05T21:17:14Z,
3422,optimize.curve_fit() handles NaN by returning all parameters as 1.0,2014-03-02T07:28:31Z,2014-11-23T20:37:46Z
3419,BUG: tools: Fix list of FMA instructions in detect_cpu_extensions_wine.py,2014-03-01T13:22:43Z,2014-03-02T15:27:03Z
3416,Issue 3376 : stats f_oneway needs floats,2014-02-28T00:21:01Z,2014-03-16T00:32:03Z
3412,Test failures in signal,2014-02-27T22:12:53Z,2014-02-28T07:11:58Z
3408,MAINT: sparse: Numpy 1.5 compatibility fixes,2014-02-27T19:51:09Z,2014-02-27T20:06:59Z
3403,hierarchy.linkage raises an ugly exception for a compressed 2x2 distance matrix,2014-02-27T00:15:08Z,2014-06-14T17:30:35Z
3400,BUG: cluster.linkage ValueError typo bug,2014-02-26T23:50:43Z,2014-02-27T07:19:08Z
3399,Error message bug in scipy.cluster.hierarchy.linkage,2014-02-26T23:27:47Z,2014-02-27T07:19:08Z
3397,minor errors in documentation of scipy Bessel Function,2014-02-26T21:24:33Z,2014-05-26T17:03:28Z
3395,specfun.f doesn't compile with MinGW,2014-02-26T20:23:20Z,2014-02-27T19:17:14Z
3394,BUG: allow ClusterNode.pre_order() for non-root nodes,2014-02-26T20:17:14Z,2014-03-09T17:17:54Z
3393,BUG: sparse/compressed: work around bug in np.unique in earlier numpy versions,2014-02-26T00:01:17Z,2014-02-26T07:19:35Z
3392,BUG: sparse/lil: fix up Cython bugs in fused type lookup,2014-02-25T22:44:12Z,2014-02-26T23:13:21Z
3391,"TST: fix sparse test errors due to axis=-1,-2 usage in np.matrix.sum().",2014-02-25T22:26:38Z,2014-02-25T23:44:42Z
3389,BUG: sparse: downcast 64-bit indices safely to intp when required,2014-02-25T20:16:36Z,2014-02-25T20:58:16Z
3388,BUG: SuperLU: fix missing declaration of dlamch,2014-02-25T19:37:13Z,2014-02-25T20:41:54Z
3386,BUG: stable evaluation of expit,2014-02-25T12:52:30Z,2014-02-25T18:17:22Z
3385,expit does not handle large arguments well,2014-02-25T10:36:02Z,2014-02-25T18:17:22Z
3383,MAINT: skip float96 tests on platforms without float96,2014-02-24T22:50:06Z,2014-02-24T22:58:30Z
3376,stats f_oneway needs floats,2014-02-23T00:19:10Z,2014-03-16T00:31:41Z
3368,special mpmath tests fail with glib 2.19,2014-02-21T20:03:31Z,2014-03-04T18:25:28Z
3364,BUG: linalg.hessenberg broken (wrong results),2014-02-21T16:57:49Z,2014-04-03T01:13:37Z
3363,splu does not work for non-vector inputs,2014-02-21T16:46:23Z,2014-02-23T16:32:04Z
3354,beta distribution rvs for small shape parameters returns nan,2014-02-19T16:05:29Z,2015-05-12T13:46:14Z
3347,BUG: fix use of np.max in stats.fisher_exact,2014-02-18T20:36:32Z,2014-02-18T21:42:52Z
3345,scipy and/or numpy change is causing tests to fail in another project,2014-02-18T18:22:51Z,2014-02-18T21:30:28Z
3344,BUG: in interp use 'take' in a less brittle way,2014-02-18T17:17:12Z,2014-02-19T11:36:38Z
3343,Sparse: document and test handling of explicit zeros,2014-02-18T05:27:28Z,
3340,scipy/odr/tests/test_odr.py Tests Fail with MKL Build of Numpy/Scipy,2014-02-17T21:54:13Z,
3330,test failures with the current master,2014-02-14T14:56:14Z,2014-02-27T20:07:33Z
3329,scipy.stats.scoreatpercentile backward-incompatible change not in release notes,2014-02-14T13:37:04Z,2014-11-23T20:34:49Z
3328,incorrect p-value for mstats.skewtest(),2014-02-14T09:32:05Z,
3324,mquantiles for numpy.matrix input returning first entries of matrix,2014-02-13T12:51:27Z,
3312,BLAS error using scipy.sparse.linalg.spsolve on csr-format matrix,2014-02-11T21:47:24Z,
3306,Scipy.sparse.linalg test failures/errors on Windows,2014-02-10T20:39:20Z,2014-04-22T21:47:05Z
3299,MEMORY LEAK: fmin_tnc,2014-02-08T11:13:48Z,2014-02-09T18:50:32Z
3292,MAINT: fix a backwards incompatible change to stats.distributions.__all__,2014-02-06T18:49:59Z,2014-02-06T19:45:08Z
3289,TST: remove insecure mktemp use in tests,2014-02-05T23:49:11Z,2014-02-08T12:32:06Z
3279,logm fails for singular matrix,2014-02-04T15:40:05Z,2014-02-04T22:59:45Z
3276,Problems with stats.distributions.genextreme,2014-02-03T21:17:08Z,
3272,BUG: sparse: fix bugs in dia_matrix.setdiag,2014-02-02T16:16:00Z,2014-02-25T21:31:00Z
3270,FIX comparison operators for non-canonical CSR/C sparse matrices,2014-02-02T08:41:31Z,2014-02-09T12:09:39Z
3268,CSR matrix comparison operators broken with duplicate entries,2014-02-02T01:20:53Z,2014-02-09T12:09:39Z
3258,Frechet distributions incorrect,2014-01-31T01:12:35Z,
3256,UserWarning: indices array has non-integer dtype (uint64),2014-01-29T14:25:15Z,2016-04-28T06:47:14Z
3253,FIX support axis=-1 and -2 for sparse reduce methods,2014-01-28T22:18:23Z,2014-01-30T17:52:43Z
3250,Dead link on documentation,2014-01-28T10:21:32Z,
3249,Sparse matrix min/max/etc don't support axis=-1,2014-01-28T08:40:50Z,2014-01-30T17:52:43Z
3246,BUG: Importing scipy.linalg causes Ctrl+C to kill CPython 3.3.3,2014-01-27T05:17:03Z,
3245,BUG/ENH: stats: make frozen distributions hold separate instances,2014-01-26T22:41:07Z,2014-02-02T11:56:19Z
3238,lbfgsb output not suppressed by disp=0,2014-01-24T01:30:28Z,2014-02-19T17:25:20Z
3237,build problems with the mingw-w64 toolchain,2014-01-23T15:20:16Z,2014-04-27T20:31:27Z
3236,weave inline missing header msvc,2014-01-23T09:24:07Z,2016-10-19T21:06:50Z
3235,Updated the buttord function to be consistent with the other filter,2014-01-23T06:15:52Z,2014-02-03T03:17:03Z
3230,hann(2) is zero,2014-01-22T16:37:23Z,
3229,"BUG/ENH: special: fix numerical issues in 'boxcox', and add 'boxcox1p'.",2014-01-20T21:53:00Z,2014-01-22T08:53:16Z
3227,ZeroDivisionError in broyden1 when initial guess is the right answer.,2014-01-20T02:23:21Z,2014-02-25T22:21:34Z
3224,Fix int32 overflows in sparsetools,2014-01-19T00:18:14Z,2014-02-01T17:29:48Z
3216,scipy.weave.inline and Microsoft Visual C++: Generated filenames are too long.,2014-01-15T12:11:25Z,2014-01-25T14:53:26Z
3212,Dot product of csr_matrix causes segmentation fault,2014-01-14T12:12:19Z,2014-02-01T17:29:48Z
3209,nct.cdf becomes 1.0 for nc >= 65536,2014-01-13T12:29:49Z,2014-02-24T19:36:06Z
3203,interpolation.zoom incorrect output for certain cases,2014-01-10T15:43:32Z,
3196,scipy.stats.mstats.gmean does not actually take dtype,2014-01-09T03:17:11Z,2014-02-24T07:25:15Z
3194,Build failure on OS X from vecLib,2014-01-08T19:46:43Z,2015-02-11T13:24:19Z
3193,Segfaults or test failures on Linux when linked to MKL,2014-01-08T19:15:23Z,
3182,Make weave tests behave,2014-01-01T21:25:26Z,2014-02-16T18:09:37Z
3176,Suggestion to improve error message in scipy.integrate.odeint,2013-12-29T03:13:02Z,2014-11-25T18:05:36Z
3169,out of date info in docs,2013-12-24T22:05:39Z,2013-12-25T16:07:17Z
3164,RectBivariateSpline usage inconsistent with other interpolation functions and documentation,2013-12-19T17:12:50Z,
3154,scipy.misc.imsave creates wrong bitmap header,2013-12-16T18:00:37Z,
3148,Possible memory leak in scipy.ndimage.label,2013-12-13T13:06:34Z,2013-12-15T22:31:58Z
3145,BUG: integrate: odeint handled the banded jacobian incorrectly.,2013-12-12T18:39:59Z,2013-12-15T13:32:17Z
3125,Make distribution pickle-able ,2013-12-05T11:27:02Z,2013-12-09T10:02:54Z
3108,fmin_slsqp constraint violation with 0 exit code,2013-12-03T03:46:51Z,2013-12-03T17:24:05Z
3102,special.chndtr infinite loop,2013-11-30T16:49:23Z,2013-12-27T17:15:35Z
3100,segmentation fault in integrate/quadpack.quad_function(),2013-11-30T14:56:15Z,
3086,standard error calculation inconsistent between 'stats' and 'mstats',2013-11-20T07:05:18Z,2014-01-03T07:58:26Z
3084,Standard testing of mstats vs. stats results,2013-11-19T22:01:39Z,2014-03-16T03:31:16Z
3082,Wrong output of scipy.ndimage.measurements.label(),2013-11-19T09:12:09Z,2013-11-24T16:22:12Z
3079,Inverted check of size in scipy.ndimage.measurements.label(),2013-11-18T20:03:26Z,2013-12-07T12:41:52Z
3073,Arff reader with nominal value of 1 character,2013-11-16T23:50:40Z,2013-11-17T10:18:02Z
3067,cumtrapz not working as expected,2013-11-15T13:27:42Z,2013-12-16T18:53:42Z
3063,range keyword in binned_statistics incorrect,2013-11-14T15:37:59Z,2013-11-17T10:47:44Z
3056,scipy.optimize.minimize SLSQP leads to out of bounds solution,2013-11-12T00:52:11Z,
3049,Backport #3033 & release 0.13.1,2013-11-09T14:53:16Z,2013-11-17T00:34:16Z
3047,"mstats.ttest_rel   axis=None, requires masked array",2013-11-08T11:38:02Z,2013-11-10T14:52:42Z
3043,wavfile doesn't work with 24-bit audio files,2013-11-06T16:27:38Z,2013-11-06T16:35:29Z
3037,scipy.optimize.curve_fit leads to unexpected behavior when input is a standard python list,2013-11-01T14:03:01Z,2013-12-26T08:58:07Z
3035,stats.mode seems suprisingly slow (at least on 1-2 dimensions),2013-10-31T05:27:13Z,2014-08-05T05:52:41Z
3032,problem with scipy.spsolve when matrix has dimension 1x1,2013-10-29T15:20:51Z,2013-11-29T21:00:27Z
3030,relative entropy using scipy.stats.distribution.entropy when input arrays have ndim > 1,2013-10-28T20:24:50Z,2013-11-06T04:13:39Z
3025,scipy.ndimage.label() broken in scipy 0.13,2013-10-28T14:36:41Z,2013-11-09T14:10:43Z
3014,Bug in stats.fisher_exact,2013-10-23T18:49:34Z,2014-02-18T21:42:52Z
3010,Add `scipy.optimize.Result` to API docs,2013-10-20T09:42:55Z,2013-11-09T14:13:19Z
3002,python setup.py install fails,2013-10-18T01:53:47Z,2014-02-09T12:31:43Z
2997,FAIL: test_qhull.TestUtilities.test_more_barycentric_transforms,2013-10-16T15:10:17Z,2015-12-15T05:53:17Z
2983,"stats expect for discrete, termination condition",2013-10-12T14:07:21Z,
2980,Problems running what seems a perfectly valid example,2013-10-11T21:40:55Z,2013-11-05T23:42:55Z
2978,63 fail tests,2013-10-11T19:38:12Z,2013-10-14T18:07:27Z
2971,scipy.stats.mstats.winsorize documentation error,2013-10-09T19:56:46Z,2014-02-16T14:59:54Z
2963,scipy.integrate.quadpack.nquad() incompatible with Python 3.1,2013-10-05T06:49:12Z,2013-10-06T13:42:22Z
2961,test_orthogonal_eval.TestRecurrence issue with MinGW build,2013-10-04T16:04:32Z,2013-10-06T15:21:47Z
2957,hyp1f1 precision issue,2013-10-03T16:46:12Z,2015-12-09T23:29:52Z
2950,gaussian_filter gives non-obvious result as sigma goes below 0.125,2013-10-01T02:30:42Z,
2947,FAIL: Test some trivial edge cases for savgol_filter(),2013-09-29T20:31:29Z,2013-09-29T22:37:34Z
2945,FAIL: test_random_complex (test_basic.TestDet),2013-09-29T19:53:40Z,2013-09-29T22:37:34Z
2944,MacPorts builds yield 40Mb worth of build warnings,2013-09-29T19:47:01Z,2014-03-15T22:56:07Z
2943,Some links don't work in `interpolate` reference html docs,2013-09-29T15:15:27Z,2014-02-09T14:01:32Z
2939,scipy.linalg.interpolative crashes on linux with MKL,2013-09-28T08:31:37Z,2013-09-28T10:31:43Z
2938,Sparse/dense matrix inplace operations fail due to __numpy_ufunc__,2013-09-27T20:46:01Z,2013-10-11T20:00:17Z
2931,Regression in identity(x).setdiag() -- doesn't work now with diag_matrix,2013-09-25T13:58:42Z,2014-02-02T14:28:56Z
2930,"several test failures on s390x, test_mio, sparse test_nonzero",2013-09-24T21:16:38Z,2013-10-19T15:44:56Z
2929,test_fitpack.TestSplder.test_kink fails on i386,2013-09-24T20:53:18Z,2013-09-25T09:22:38Z
2928,test_wavfile.test_write_roundtrip foreign endian fails on 32 bit,2013-09-24T20:46:11Z,2013-09-25T21:23:40Z
2926,Broken Sphinx install with Python 3.2 prevents building Scipy,2013-09-24T20:34:27Z,2013-09-25T17:59:45Z
2922,ndimage.percentile_filter ignores origin argument for multidimensional inputs,2013-09-24T04:57:59Z,2013-09-24T20:17:07Z
2919,test failure with the current master ,2013-09-23T12:11:51Z,2013-09-30T18:09:27Z
2918,future division introduces floating indices in odrpack.py,2013-09-23T10:05:59Z,2013-09-29T13:37:44Z
2914,Trimmed statistics functions have inconsistent API,2013-09-22T19:16:44Z,2015-06-21T14:16:26Z
2911,interpolate.splder() failure on Fedora ,2013-09-22T13:56:53Z,2014-06-15T21:10:44Z
2906,Bento build failure on 64-bit,2013-09-20T19:34:06Z,
2902,SciPy Weave File Handling is not Batch Safe [Possible Race Condition?],2013-09-20T15:22:06Z,2016-10-19T21:07:19Z
2900,scipy.sparse.linalg.lsqr problems,2013-09-19T13:59:51Z,
2898,stats.nanmean prints a warning for NaN only arrays,2013-09-19T07:01:02Z,
2895,scipy.stats.chisquare - type required of f_exp is inconsistent with type required of f_obs,2013-09-18T22:01:18Z,2013-09-21T16:36:10Z
2891,COBYLA successful termination when constraints violated,2013-09-18T18:43:08Z,2013-09-20T20:06:07Z
2890,Scipy 0.12.0 test failures/errors with numpy 1.8.0b2,2013-09-17T09:18:09Z,2013-09-29T11:08:12Z
2888,The ppf method in stats.distributions does not take array-like parameter input correctly,2013-09-17T03:55:51Z,2013-09-17T10:20:41Z
2884,Bugfix splrep,2013-09-16T17:08:15Z,
2883,UnboundLocalError in scipy.interpolate.splrep,2013-09-16T12:49:00Z,
2882,Wrong type in keyword arg docstring of scipy.interpolate.splrep,2013-09-16T10:56:41Z,2014-02-09T12:10:20Z
2877,distributions.ncf numerical issues,2013-09-15T13:11:31Z,
2872,stats.hypergeom wrong kurtosis,2013-09-14T15:35:46Z,2013-09-21T14:46:21Z
2871,vecentropy.nin  is wrong,2013-09-14T15:06:35Z,2014-02-14T00:22:56Z
2867,[stats] discrete expect or randint off-by-one,2013-09-13T23:27:03Z,2013-10-12T17:30:36Z
2861,scipy.stats.scoreatpercentile broken for vector `per`,2013-09-13T16:21:50Z,2014-01-31T12:27:37Z
2859,the meaning of 'tol' in optimize_scalar is not consistent across minimization methods,2013-09-13T04:27:41Z,2013-09-25T18:09:56Z
2853,scipy.signal.dlsim returns error if number of timesteps in input is less than number of inputs,2013-09-11T15:16:52Z,2016-04-09T21:14:27Z
2852,BUG: stats: genpareto's pdf and cdf functions return nan when the shape is 0,2013-09-11T06:34:39Z,2013-09-12T17:18:20Z
2850,Incremental Voronoi diagram is incorrect after add_points(),2013-09-10T14:22:26Z,2013-09-13T15:41:33Z
2843,TestLSMR testBidiagonalA fails with more precise summation,2013-09-07T20:13:26Z,
2842,test_decomp.TestQZ test_qz_complex64 fails with atlas 3.10,2013-09-07T19:53:37Z,2013-09-27T12:07:15Z
2840,lqmn jumps on the unit circle,2013-09-07T15:11:26Z,
2834,ksone fitting,2013-09-04T19:18:30Z,
2832,argrelextrema returns tuple of 2 empty arrays when no peaks found in 1D vector,2013-09-04T13:40:30Z,2013-09-09T17:57:03Z
2771,scipy 0.13.0 beta 1: ERROR: test_distributions.TestFitMethod.test_fix_fit_beta,2013-08-23T00:52:54Z,2013-08-26T20:55:53Z
2765,bugs stats entropy ,2013-08-21T19:33:52Z,2013-09-15T13:14:10Z
2764,bug in scipy.sparse,2013-08-21T16:03:32Z,2013-08-27T19:37:06Z
2763,Test failure ``test_matfuncs.TestFractionalMatrixPower``,2013-08-21T15:17:37Z,
2761,Fix MinGW compilation by splitting source files.  Addresses gh-2709.,2013-08-21T09:01:36Z,2013-08-21T17:00:43Z
2758,stats.distributions moment() test failing intermittently,2013-08-20T15:33:38Z,2013-08-21T08:50:20Z
2752,Bento build broken after adding Accelerate wrappers,2013-08-19T19:28:59Z,2013-08-21T13:48:30Z
2747,sub-package docs,2013-08-19T12:36:24Z,2013-08-27T20:59:24Z
2746,special missing doc,2013-08-19T11:34:48Z,2014-05-27T04:12:26Z
2744,BUG: optimize: '**kw' argument of 'newton_krylov' is not documented,2013-08-19T02:20:18Z,
2721,Allow use of ellipsis in scipy.sparse slicing,2013-08-13T05:52:07Z,2013-09-11T20:26:53Z
2720,DCT documentation formula is slightly wrong,2013-08-12T23:52:01Z,2013-09-07T02:57:08Z
2718,scipiy-0.12.0: specfunmodule.c:4798L bad if statement ?,2013-08-12T20:04:59Z,2013-08-25T09:22:07Z
2715,"Sparse's LIL matrix format can be 0x0, other mattrix formats cannot be 0x0.",2013-08-11T17:25:35Z,2013-08-22T05:55:06Z
2709,MinGW build broken by linalg.interpolative,2013-08-10T18:56:32Z,2013-10-04T15:56:51Z
2702,BUG: stats: Error in a test of the entropy function of rv_discrete when using numpy 1.5.1,2013-08-08T00:18:47Z,2013-08-15T05:29:03Z
2700,loadmat fails loading emtpy sparse matrix,2013-08-07T18:37:33Z,2013-08-07T22:10:30Z
2694,Solution of iterative solvers can be less accurate than tolerance (for succesful runs!),2013-08-05T20:32:10Z,
2691,BUG scipy.linalg.lapack: potrf/ptroi  interpret their 'lower' argument differently,2013-08-05T13:44:09Z,2013-08-31T16:55:25Z
2690,Inconsistent behaviour with interp1d 'cubic',2013-08-05T12:20:39Z,
2682,Test failures with NumPy master.,2013-08-02T23:13:45Z,2013-08-19T18:15:03Z
2680,Test failures in scipy.special,2013-08-02T15:34:25Z,2014-01-11T15:23:06Z
2677,BUG: Assorted test failures with numpy 1.5.1,2013-08-02T04:00:36Z,2013-08-02T17:33:31Z
2674,.linalg.logm fails for numpy 1.6.1,2013-08-01T09:58:44Z,2013-08-02T09:48:51Z
2671,.stats.hypergeom documentation error in the note about pmf,2013-07-31T19:24:17Z,2013-09-08T03:55:27Z
2669,.signal.ltisys.ss2tf should only apply to MISO systems in current form.,2013-07-31T16:24:04Z,2014-08-26T03:17:43Z
2668,signal: ss2tf fails with p != r and p != 1,2013-07-31T15:27:03Z,2013-08-02T11:49:39Z
2667,stats endless loop ?,2013-07-31T12:55:28Z,2014-02-24T19:36:06Z
2665,loadmat fails to read char array with non-ascii characters,2013-07-30T09:00:00Z,2013-08-04T10:27:04Z
2664,linalg.solve_triangular: ValueError string includes a %d without an integer to format,2013-07-29T18:24:12Z,2013-08-20T08:44:14Z
2653,BUG: step/impulse ignore start point of timebase,2013-07-24T03:41:45Z,
2652,BUG: step response not accurate at higher orders,2013-07-24T02:49:23Z,2015-05-05T15:48:10Z
2651,ENH: Fold fftconvolve into convolve/correlate functions as a parameter,2013-07-24T01:39:47Z,2016-07-21T23:07:38Z
2647,Incorrect Hessian returned by optimize.minimize using BFGS algorithm,2013-07-22T13:14:04Z,2013-08-06T17:50:45Z
2645,take and split method in sparse.dok_matrix do not work because of the local variable not being initialized correctly,2013-07-22T02:15:00Z,2013-08-21T16:42:26Z
2640,Off by one error in ndimage.map_coordniate when mode='wrap',2013-07-18T20:32:44Z,
2639,optimize curve_fit doesn't fit properly (old versions works),2013-07-18T14:42:43Z,2013-08-07T18:46:47Z
2637,Inconsistency in documentation for scipy.optimize root finder 'lm',2013-07-17T09:37:15Z,2013-07-20T14:18:49Z
2636,Inconsistency between scipy.stats.mode and scipy.stats.mstats.mode,2013-07-15T13:38:56Z,2013-11-29T21:44:03Z
2635,scipy.ndimage.labeled_comprehension missing in docs,2013-07-14T20:37:31Z,2013-07-15T16:01:23Z
2622,stats distribution missing _argcheck in expect,2013-07-09T14:04:56Z,2013-07-22T06:35:54Z
2618,poisson.pmf returns NaN if mu is 0,2013-07-05T17:28:11Z,2015-10-23T19:53:29Z
2611,LSQUnivariateSpline does not check for FITPACK conditions,2013-07-01T15:42:58Z,2014-09-05T15:24:18Z
2604,Slsqp related failure in statsmodels for Bento build,2013-06-26T21:22:05Z,
2574,Different sparse matrix types have different `.nnz` types,2013-06-18T03:56:38Z,2013-06-18T14:49:05Z
2573,scipy.io.mio.loadmat fails to properly load matlab file,2013-06-17T16:41:05Z,2013-06-17T18:17:48Z
2572,class method solve of splu return object corrupted or falsely documented,2013-06-17T10:07:55Z,2014-02-24T20:44:34Z
2570,scipy.integrate.odeint prints exception text instead of raising it,2013-06-15T14:22:41Z,2014-12-12T22:34:53Z
2569,stats.oneway incorrect,2013-06-15T12:37:01Z,2013-08-21T09:10:50Z
2558,Filenames in repository contain '<' character,2013-06-11T20:22:47Z,2013-06-15T18:39:27Z
2557,stats: obrientransform broken of unequal length,2013-06-11T15:34:51Z,2013-08-16T19:32:47Z
2555,"stats, levene doesn't sort for trimboth",2013-06-10T17:52:35Z,2013-08-21T09:41:10Z
2554,stats trim_mean ndim>1 wrong ?,2013-06-10T17:48:16Z,2013-08-21T10:06:48Z
2547,arpack tests fail when installed on mac os x,2013-06-07T23:56:18Z,2013-06-10T17:35:37Z
2545,scipy.optimize.root and fsolve do not respect tolerance tol.,2013-06-07T09:06:21Z,2013-06-07T09:33:19Z
2542,The sparse LIL type's __mul__ & __rmul__ are broken.,2013-06-06T06:02:28Z,2013-08-21T16:42:40Z
2541,Documentation Correction: scipy.stats.maxwell (maxwell PDF),2013-06-06T03:59:40Z,2013-06-06T21:01:53Z
2528,scipy.sparse.dok_matrix __setitem__()  raises ValueError when using dtype = object,2013-05-31T18:10:37Z,
2526,MemoryError in scipy.sparse.csgraph.shortest_path,2013-05-31T14:54:28Z,2013-06-02T20:00:09Z
2517,linearndinterpolator memory leak with 32bit inputs,2013-05-21T22:22:57Z,2013-05-22T10:55:52Z
2516,linearndinterpolator memory leak,2013-05-21T22:19:40Z,2013-05-22T10:54:34Z
2515,BUG: scipy.integrate.odeint ignores Ctrl-C,2013-05-21T20:17:33Z,2015-11-04T14:17:39Z
2514,BUG: stats: gamma.fit ignores other fixed parameters if `floc=0` is given.,2013-05-21T16:36:33Z,2013-08-16T03:00:14Z
2509,"distributions cdf, sf evaluation in the wrong tail",2013-05-20T14:52:38Z,
2503,test_mio.test_save_dict failure on Python 3.3,2013-05-19T11:38:11Z,2013-05-20T08:23:34Z
2501,Unbalanced brackets in sparse.coo_matrix documentation,2013-05-19T06:15:55Z,2013-05-21T07:00:26Z
2496,BUG signal.signaltools.unique_roots with rtype='min' or 'max',2013-05-17T12:02:58Z,2013-05-19T20:43:55Z
2492,docs out of date w.r.t. info.py,2013-05-15T22:20:39Z,2013-05-19T10:03:24Z
2484,logm has an indeterminate output type and precision,2013-05-11T23:58:21Z,2013-08-19T15:31:44Z
2482,test failures due to rounding issues,2013-05-11T17:28:00Z,2013-08-16T03:36:52Z
2481,BUG: sparse: todense() fails for coo matrix with dtype np.float16,2013-05-11T01:07:38Z,2014-04-16T20:50:19Z
2479,Is scipy.linalg.bench() healthy?,2013-05-10T20:50:32Z,2013-06-01T19:36:41Z
2477,stats.truncnorm.rvs() does not give symmetric results for  negative & positive regions (and fails entirely away from the mean),2013-05-10T18:34:15Z,
2452,Problem reading Matlab 4.5 file with scipy.io.loadmat,2013-05-06T15:26:05Z,2013-05-14T10:37:32Z
2446,Segfault in bisplrep,2013-05-03T23:28:52Z,2013-05-09T20:07:23Z
2443,IIR filter design should not transform to tf representation internally,2013-05-03T14:49:11Z,2014-01-31T13:45:59Z
2438,sproot nonsense for k != 3 splines,2013-05-02T13:35:23Z,2013-05-06T19:00:13Z
2433,ConvexHull: difficult to get vertices,2013-04-30T21:02:04Z,2013-05-19T16:21:21Z
2427,Latest Cython and Scipy not compatible,2013-04-28T16:23:25Z,2013-05-01T10:25:12Z
2422,weave.blitz produces different code for equal numpy ranges,2013-04-26T13:22:06Z,2013-04-30T23:44:31Z
2415,Typo on the Statistics tutorial page (Trac #1896),2013-04-25T17:56:24Z,2013-04-25T17:56:25Z
1896,2415
2414,stats binom at non-integer n (Trac #1895),2013-04-25T17:56:21Z,
1895,2414
2413,"scipy.io.loadmat()  --- File ""/usr/lib/python2.7/dist-packages/scipy/io/matlab/mio5.py"", line 224, in read_var_header     stream = BytesIO(dcor.decompress(data)) SystemError: ../Objects/stringobject.c:3899: bad argument to internal (Trac #1894)",2013-04-25T17:56:19Z,2013-09-19T20:04:54Z
1894,2413
2412,Binomial PMF returns incorrect answer (Trac #1893),2013-04-25T17:56:17Z,2013-04-25T17:56:18Z
1893,2412
2410,Segv in xerbla if called by QR routines (Trac #1891),2013-04-25T17:56:13Z,2013-08-07T12:04:17Z
1891,2410
2409,"spsolve crash Python 3.2 on Linux 64, report Illegal instruction (Trac #1890)",2013-04-25T17:56:06Z,2013-04-25T17:56:12Z
1890,2409
2408,Discrepancy in non-zeros when constructing sparse matrix (Trac #1889),2013-04-25T17:56:05Z,2013-07-23T01:56:33Z
1889,2408
2407,"scipy 0.12.0 build fails, when atlas enabled (Trac #1888)",2013-04-25T17:56:01Z,2013-04-25T17:56:04Z
1888,2407
2406,linkage does not take Unicode strings as method names (Trac #1887),2013-04-25T17:56:00Z,2013-09-14T12:00:31Z
1887,2406
2405,scipy 0.11.0 has many test failures on intel darwin (Trac #1886),2013-04-25T17:55:58Z,2013-06-10T21:13:20Z
1886,2405
2404,"scipy.integrate doesn't load in python3.3, numpy1.7 in SL6.4 (Trac #1885)",2013-04-25T17:55:55Z,2013-04-25T17:55:57Z
1885,2404
2402,No non-positive parameter values accepted for non-central t-distributions (Trac #1883),2013-04-25T17:55:52Z,2013-05-20T11:06:05Z
1883,2402
2401,Computing variance of non-central t-distribution gives error (Trac #1882),2013-04-25T17:55:50Z,2013-05-29T21:30:37Z
1882,2401
2400,Binomial and Bernoulli in scipy.stats.distributions do not accept probability 0 or 1 (Trac #1881),2013-04-25T17:55:48Z,2014-08-30T13:59:15Z
1881,2400
2399,folded normal in scipy.stats.distributions does not accept zero parameter (Trac #1880),2013-04-25T17:55:40Z,2013-05-06T21:13:55Z
1880,2399
2398,ss2tf returns num as 2D array instead of 1D (Trac #1879),2013-04-25T17:55:39Z,2013-10-07T20:01:14Z
1879,2398
2397,pip install cythonize failure (Trac #1878),2013-04-25T17:55:37Z,2013-05-05T21:49:52Z
1878,2397
2396,lpmn wrong results for |z| > 1 (Trac #1877),2013-04-25T17:55:35Z,2014-02-09T12:41:07Z
1877,2396
2395,bug in csgraph.connected_components with connection='strong' (Trac #1876),2013-04-25T17:55:31Z,2013-04-25T17:55:34Z
1876,2395
2394,linalg.expm(A) returns an array even if A is a matrix (Trac #1875),2013-04-25T17:55:30Z,2013-04-25T17:55:30Z
1875,2394
2393,savemat test failure for OrderedDict on py33 (Trac #1874),2013-04-25T17:55:28Z,2013-08-18T15:20:29Z
1874,2393
2392,scipy.misc.derivative yields wrong answer. (Trac #1873),2013-04-25T17:55:26Z,2013-04-25T17:55:27Z
1873,2392
2391,Ties in data leads to sqrt of a -ve number in wilcoxon test (Trac #1872),2013-04-25T17:55:25Z,2013-08-24T12:08:57Z
1872,2391
2390,Large ties count in data leads to int32 overflow in wilcoxon test (Trac #1871),2013-04-25T17:55:23Z,2013-08-26T09:55:34Z
1871,2390
2389,change to fftconvolve needs deprecation (Trac #1870),2013-04-25T17:55:21Z,2013-04-25T17:55:22Z
1870,2389
2388,"Griddata: ""memory leak"" (Trac #1869)",2013-04-25T17:55:19Z,2014-02-24T20:35:35Z
1869,2388
2387,Work around Cython bug for 0.12.0 (Trac #1868),2013-04-25T17:55:17Z,2013-05-07T19:51:18Z
1868,2387
2386,Ctrl-C crashes Python after importing scipy.stats (Trac #1867),2013-04-25T17:55:16Z,
1867,2386
2385,Beta distribution pdf returns nan/inf values for large parameter values (Trac #1866),2013-04-25T17:55:12Z,2013-04-25T17:55:14Z
1866,2385
2384,scipy.stats.binom_test gives undesired results when x is first above n/2 (Trac #1865),2013-04-25T17:55:10Z,2013-08-19T17:46:23Z
1865,2384
2383,distribution.nct return nan for negative non-centrality (Trac #1864),2013-04-25T17:55:08Z,2013-04-25T17:55:09Z
1864,2383
2382,"scipy.signal.bode doesn't work for state space (A, B, C, D) argument (Trac #1863)",2013-04-25T17:55:06Z,2013-05-06T19:35:56Z
1863,2382
2380,_connected_components_directed segfaults on large graphs (Trac #1861),2013-04-25T17:55:01Z,2013-04-25T17:55:01Z
1861,2380
2379,Bento build broken by requiring Cython for dev builds (Trac #1860),2013-04-25T17:54:59Z,2013-06-08T19:24:46Z
1860,2379
2378,Sparse matrix subtraction with another matrix seems to regard the other matrix as a scalar (Trac #1859),2013-04-25T17:54:57Z,2013-08-18T15:24:05Z
1859,2378
2377,test_mio.test_func_read test fails on big endian (Trac #1858),2013-04-25T17:54:54Z,2013-08-07T19:35:26Z
1858,2377
2375,please consider inserting setup_requires for numpy into setup.py (Trac #1856),2013-04-25T17:54:50Z,2014-01-03T20:30:08Z
1856,2375
2374,Function build_extension in weave.build_tools does not use argument build_dir (Trac #1855),2013-04-25T17:54:49Z,2013-07-22T19:46:41Z
1855,2374
2372,test_arpack.test_symmetric_modes failures on x86_64 Linux (Trac #1853),2013-04-25T17:54:44Z,2013-08-18T15:27:52Z
1853,2372
2370,"Non-negative variables for minimize function when using ""slsqp"" algorithm (Trac #1851)",2013-04-25T17:54:40Z,2013-04-25T17:54:41Z
1851,2370
2368,scipy.special.multigammaln returns a size 3 array when passed a size 1 array (Trac #1849),2013-04-25T17:54:36Z,2013-04-25T17:54:37Z
1849,2368
2366,mathieu_modsem2 test failure (Trac #1847),2013-04-25T17:54:24Z,2013-04-25T17:54:32Z
1847,2366
2365,glibc double free error for huge datasets (Trac #1846),2013-04-25T17:54:22Z,2013-04-25T17:54:23Z
1846,2365
2364,DOC BUG: HTML generated for sparse matrices is incorrect. (Trac #1845),2013-04-25T17:54:20Z,2013-08-18T15:29:00Z
1845,2364
2363,DOC BUG: Problem with HTML documentation generation for the 'Parameters' section of docstrings (Trac #1844),2013-04-25T17:54:18Z,
1844,2363
2362,SyntaxError on Fedora 18 with current git (Trac #1843),2013-04-25T17:54:15Z,2013-04-25T17:54:17Z
1843,2362
2361,wrong value returned by scipy.stats.binom probability mass function when true probability is 1 (Trac #1842),2013-04-25T17:54:12Z,2013-04-25T17:54:13Z
1842,2361
2360,RectBivariateSpline fails with nans (Trac #1841),2013-04-25T17:54:10Z,
1841,2360
2359,estimate_gradients_2d_global stuck in infinite loop (Trac #1840),2013-04-25T17:54:07Z,2013-08-08T21:31:50Z
1840,2359
2358,ndimage.center_of_mass doesnt return all for all labelled objects (Trac #1839),2013-04-25T17:54:06Z,
1839,2358
2357,Divide by zero in pchip (Trac #1838),2013-04-25T17:54:04Z,2013-08-25T11:41:32Z
1838,2357
2356,x and y dimensions reversed (Trac #1837),2013-04-25T17:54:03Z,2013-04-25T17:54:03Z
1837,2356
2355,"obsolete max min in optimize, breaks repr (Trac #1836)",2013-04-25T17:54:00Z,2013-04-25T17:54:01Z
1836,2355
2354,mpiexec with numpy causes segfault (Trac #1835),2013-04-25T17:53:58Z,2013-08-18T15:30:39Z
1835,2354
2353,KDTree.sparse_distance_matrix does not handle elements at 0 distance well (Trac #1834),2013-04-25T17:53:57Z,2015-12-03T20:47:12Z
1834,2353
2352,Some interpolate __init__ methods do not appear in documentation (Trac #1833),2013-04-25T17:53:54Z,2013-04-25T17:53:55Z
1833,2352
2351,ValueError: Buffer not C contiguous. (Trac #1832),2013-04-25T17:53:53Z,2013-04-25T17:53:53Z
1832,2351
2350,TypeError: object of type 'int' has no len() (Trac #1831),2013-04-25T17:53:51Z,2013-04-25T17:53:52Z
1831,2350
2349,ValueError: Buffer and memoryview are not contiguous in the same dimension. (Trac #1830),2013-04-25T17:53:50Z,2013-04-25T17:53:50Z
1830,2349
2348,"DeprecationWarning: non-integer slice parameter. In a future numpy release, this will raise an error. (Trac #1829)",2013-04-25T17:53:48Z,2013-04-25T17:53:48Z
1829,2348
2347,"Several misc.im* functions incorrectly handle 3 or 4-channeled (RGB, RGBA) images, depending on image dimensions (Trac #1828)",2013-04-25T17:53:46Z,
1828,2347
2346,Import scipy.special fails: undefined symbol: zbesh_ in _ufuncs.so (Trac #1827),2013-04-25T17:53:44Z,2013-04-25T17:53:45Z
1827,2346
2341,wrong link in docstring of scipy.stats.pointbiserialr (Trac #1822),2013-04-25T17:53:34Z,2013-04-25T17:53:35Z
1822,2341
2340,default_dir shouldn't error if $HOME is not writable (Trac #1821),2013-04-25T17:53:31Z,2013-04-25T17:53:33Z
1821,2340
2339,implement step option for dopri5 method in integrate.ode (Trac #1820),2013-04-25T17:53:30Z,
1820,2339
2338,linalg.lapack.*bevx missing depend() (Trac #1819),2013-04-25T17:53:28Z,2013-04-25T17:53:29Z
1819,2338
2337,compile error on Mac OS X (Trac #1818),2013-04-25T17:53:26Z,2013-04-25T17:53:27Z
1818,2337
2336,compile error on Mac OS X 10.6.8 (Trac #1817),2013-04-25T17:53:19Z,2013-04-25T17:53:20Z
1817,2336
2335,Wrong sign of smoothing parameter (Trac #1816),2013-04-25T17:53:17Z,
1816,2335
2334,stats.distributions: no ValueError if too many args (Trac #1815),2013-04-25T17:53:15Z,2013-04-25T17:53:16Z
1815,2334
2332,hyp0f1 args and return values are unnumpyic (Trac #1813),2013-04-25T17:53:10Z,2016-02-17T22:13:48Z
1813,2332
2331,Bode plot should return continuous phase (Trac #1812),2013-04-25T17:53:07Z,2013-08-27T22:28:39Z
1812,2331
2330,lognorm has parameters in the wrong order compared to norm (Trac #1811),2013-04-25T17:53:04Z,2013-04-25T17:53:05Z
1811,2330
2329,QHull module crashes on debian if QHull is already installed (Trac #1810),2013-04-25T17:53:02Z,2013-04-25T17:53:03Z
1810,2329
2328,version 0.11 fails to import linalg (Trac #1809),2013-04-25T17:53:00Z,2013-04-25T17:53:01Z
1809,2328
2327,scipy.linalg.blas.fblas removed from trunk (Trac #1808),2013-04-25T17:52:58Z,2013-04-25T17:52:59Z
1808,2327
2326,Test failures in signal.welch tests (Trac #1807),2013-04-25T17:52:56Z,2013-04-25T17:52:57Z
1807,2326
2325,"extending distributions, hypergeom, to degenerate cases (Trac #1806)",2013-04-25T17:52:55Z,2015-01-14T09:49:08Z
1806,2325
2324,rankdata returns wrong results on masked arrays (Trac #1805),2013-04-25T17:52:53Z,
1805,2324
2322,improve discrete rv ppf isf (Trac #1803),2013-04-25T17:52:44Z,2013-04-25T17:52:50Z
1803,2322
2321,Infinite time taken by scipy hypergeom function for some particular values (Trac #1802),2013-04-25T17:52:40Z,2013-04-25T17:52:43Z
1802,2321
2318,Bug in linregress() for masked arrays (Trac #1799),2013-04-25T17:52:32Z,2014-08-31T11:48:40Z
1799,2318
2317,scipy.stats.mstat.kurtosis crashes with bias=False (Trac #1798),2013-04-25T17:52:25Z,2013-04-25T17:52:31Z
1798,2317
2316,Apparent memory leak in scipy.sparse.csr_matrix (Trac #1797),2013-04-25T17:52:23Z,2013-04-25T17:52:23Z
1797,2316
2315,Scipy testing failed (Trac #1796),2013-04-25T17:52:15Z,2013-04-25T17:52:17Z
1796,2315
2314,Scipy testing failed (Trac #1795),2013-04-25T17:52:14Z,2013-04-25T17:52:14Z
1795,2314
2313,SciPy for Python 2.7 cannot be installed on Windows (Trac #1794),2013-04-25T17:52:12Z,2013-04-25T17:52:13Z
1794,2313
2312,stats.geom.logpmf missing log for 2nd term (Trac #1793),2013-04-25T17:52:09Z,2013-04-25T17:52:11Z
1793,2312
2310,fmin_ncg failure on py3k (Trac #1791),2013-04-25T17:52:06Z,2013-08-18T15:32:33Z
1791,2310
2308,test_linsolve.TestSplu.test_spilu_nnz0 segfaults with python-dbg (Trac #1789),2013-04-25T17:52:01Z,2013-04-25T17:52:03Z
1789,2308
2307,calling scipy.optimize.minimize with a sparse jacobian fails (Trac #1788),2013-04-25T17:51:59Z,2013-04-25T17:52:00Z
1788,2307
2306,Qhull broken in build (Trac #1787),2013-04-25T17:51:56Z,2016-07-22T20:05:17Z
1787,2306
2305,Optimization functions should count approx_grad function evaluations (Trac #1786),2013-04-25T17:51:55Z,2013-08-24T10:25:32Z
1786,2305
2304,funm gives incorrect results for non-diagonalizable inputs (Trac #1785),2013-04-25T17:51:53Z,
1785,2304
2302,special.kn doesn't return inf (Trac #1783),2013-04-25T17:51:49Z,2013-04-25T17:51:50Z
1783,2302
2301,RuntimeWarning encountered at first p_roots or ps_roots call. (Trac #1782),2013-04-25T17:51:45Z,
1782,2301
2300,scipy.misc.toimage (and therefore imresize) converts to uint32 when it should convert to int32 (Trac #1781),2013-04-25T17:51:43Z,
1781,2300
2299,include cython sources in source tarball (Trac #1780),2013-04-25T17:51:40Z,2013-04-25T17:51:42Z
1780,2299
2298,"distributions.rbinom.pmf is broken, logpmf seems to work. (Trac #1779)",2013-04-25T17:51:38Z,2013-04-25T17:51:38Z
1779,2298
2297,fmin_ncg fails at Rosenbrock (Trac #1778),2013-04-25T17:51:35Z,2013-05-11T20:08:25Z
1778,2297
2296,ttest_ind not working for masked arrays with ndim>1 (Trac #1777),2013-04-25T17:51:34Z,
1777,2296
2295,arpack test ValueError: failed to create intent(cache|hide)|optional array (Trac #1776),2013-04-25T17:51:29Z,2013-04-25T17:51:32Z
1776,2295
2294,scipy.stats._binned_statistic missing from reference guide (Trac #1775),2013-04-25T17:51:27Z,2013-04-25T17:51:28Z
1775,2294
2293,Jaccard (Trac #1774),2013-04-25T17:51:25Z,2013-04-25T17:51:26Z
1774,2293
2292,Building scipy with MinGW fails after merging PR-334. (Trac #1773),2013-04-25T17:51:23Z,2013-04-25T17:51:24Z
1773,2292
2291,scipy.linalg segfaults when imported after pybel (Trac #1772),2013-04-25T17:51:19Z,2013-04-25T17:51:21Z
1772,2291
2289,root() doesn't work with matrices (Trac #1770),2013-04-25T17:51:15Z,2013-04-25T17:51:17Z
1770,2289
2288,"mstats.kurtosistest is incorrectly converting to float, and fails to run (Trac #1769)",2013-04-25T17:51:14Z,2013-11-10T15:50:34Z
1769,2288
2287,hyperu scipy vs. mpmath (Trac #1768),2013-04-25T17:51:12Z,
1768,2287
2286,scipy.sparse.identity() should return DIAagonal format. (Trac #1767),2013-04-25T17:51:10Z,2013-04-25T17:51:11Z
1767,2286
2284,"scipy.special.hyp2f0(1.0, 0.5, -10, c) (Trac #1765)",2013-04-25T17:51:07Z,
1765,2284
2282,"scipy.special.hyp1f1(0.5, 1.5, -1000) fails (Trac #1763)",2013-04-25T17:51:05Z,2015-12-09T23:28:16Z
1763,2282
2281,fmin_l_bfgs_b locks up (Trac #1762),2013-04-25T17:51:03Z,2013-04-25T17:51:04Z
1762,2281
2280,curve_fit gives wrong results for float32 input (Trac #1761),2013-04-25T17:51:01Z,2013-04-25T17:51:02Z
1761,2280
2279,"Inconsistent definition of ""distortion"" in kmeans (Trac #1760)",2013-04-25T17:51:00Z,
1760,2279
2276,"new upstream of complex erf code (special.wofz) - performance, accuracy improvements (Trac #1757)",2013-04-25T17:50:45Z,2013-04-25T17:50:49Z
1757,2276
2275,"interp2d uses a confusing index order, webpage documentation wrong (Trac #1756)",2013-04-25T17:50:44Z,2013-08-25T10:37:06Z
1756,2275
2274,bisplrep segmentation fault (core dumped) (Trac #1755),2013-04-25T17:50:41Z,2013-08-18T15:37:03Z
1755,2274
2273,scipy.signal.freqz documentation (Trac #1754),2013-04-25T17:50:38Z,2013-04-25T17:50:39Z
1754,2273
2272,pip install fails on Mountain Lion (Trac #1753),2013-04-25T17:50:36Z,2014-01-03T20:31:39Z
1753,2272
2271,hyp0f1 raises spurious RuntimeWarning (Trac #1752),2013-04-25T17:50:34Z,2013-04-25T17:50:35Z
1752,2271
2270,scipy.special.sinc bug (Trac #1751),2013-04-25T17:50:32Z,2013-04-25T17:50:33Z
1751,2270
2269,"hyp0f1(v, z) is nan for many (all?) v combined with many (all?) negative float z (Trac #1750)",2013-04-25T17:50:29Z,2013-04-25T17:50:30Z
1750,2269
2268,Compile failure on OSX Lion (Trac #1749),2013-04-25T17:50:27Z,2013-04-25T17:50:28Z
1749,2268
2267,scipy.misc.pilutil.bytescale problem (Trac #1748),2013-04-25T17:50:25Z,2013-04-25T17:50:26Z
1748,2267
2266,new upstream of complex erf code (several bug fixes) (Trac #1747),2013-04-25T17:50:23Z,2013-04-25T17:50:24Z
1747,2266
2265,scipy.optimize -> ImportError: No module named _components (Trac #1746),2013-04-25T17:50:10Z,2013-04-25T17:50:22Z
1746,2265
2264,fftconvolve crashes with 0-length input (Trac #1745),2013-04-25T17:50:08Z,2013-04-25T17:50:09Z
1745,2264
2263,Wilcoxon signed rank test validation on textbook example fails (Trac #1744),2013-04-25T17:50:04Z,2013-04-25T17:50:06Z
1744,2263
2262,DOC: BivariateSpline docstring should state that it is an abstract base class. (Trac #1743),2013-04-25T17:50:03Z,2013-08-18T19:03:51Z
1743,2262
2261,The new scipy optimize lbfgsb code prints text even if disp==0 (Trac #1742),2013-04-25T17:50:01Z,2013-04-25T17:50:02Z
1742,2261
2260,SciPy's complex erf code is not free/open-source? (Trac #1741),2013-04-25T17:49:58Z,2013-04-25T17:50:00Z
1741,2260
2259,Large-argument Bessel functions are wrong (Trac #1740),2013-04-25T17:49:57Z,2013-05-06T21:35:05Z
1740,2259
2258,Incompatibility with Python 3.3 (Trac #1739),2013-04-25T17:49:55Z,2013-04-25T17:49:56Z
1739,2258
2257,scipy.weave.inline CompileError: error: Bad file descriptor (Trac #1738),2013-04-25T17:49:54Z,2016-10-19T21:07:51Z
1738,2257
2256,OS X Mountain Lion test failures (Trac #1737),2013-04-25T17:49:48Z,2013-08-12T20:41:15Z
1737,2256
2255,Incorrect order of translation and rotation in affine_transform (Trac #1736),2013-04-25T17:49:46Z,2016-02-20T15:43:23Z
1736,2255
2254,linalg.eig test failure (test_singular) (Trac #1735),2013-04-25T17:49:44Z,
1735,2254
2253,special.stdtr issue on OS X 10.8 (Trac #1734),2013-04-25T17:49:42Z,2013-10-19T09:11:37Z
1734,2253
2252,Origin parameter of convolve incorrectly claimed to only be of scalar type (Trac #1733),2013-04-25T17:49:41Z,2013-04-25T17:49:41Z
1733,2252
2251,solve_discrete_are in scipy.linalg does (sometimes) not solve correctly (Trac #1732),2013-04-25T17:49:38Z,2016-09-19T20:50:45Z
1732,2251
2250,mquantiles description of parameter 'limit' doesn't match its effect (Trac #1731),2013-04-25T17:49:36Z,2013-04-25T17:49:37Z
1731,2250
2249,"LinAlgError(""singular matrix"") failed to raise  when using linalg.solve() (Trac #1730)",2013-04-25T17:49:35Z,
1730,2249
2248,Many unit test failures on OSX mountain lion (10.8) (Trac #1729),2013-04-25T17:49:33Z,2013-08-12T16:34:07Z
1729,2248
2247,Scipy.spatial.Delaunay fail to produce the tetrahedron for all particles (Trac #1728),2013-04-25T17:49:30Z,2013-04-25T17:49:31Z
1728,2247
2246,LinearNDInterpolator hangs on 4D data set (Trac #1727),2013-04-25T17:49:27Z,2013-04-25T17:49:29Z
1727,2246
2245,"optimize.line_search does not recompute gfk, causes a crash (Trac #1726)",2013-04-25T17:49:25Z,2013-04-25T17:49:26Z
1726,2245
2244,weave tests crash on windows with mingw (Trac #1725),2013-04-25T17:49:23Z,2016-10-19T21:08:14Z
1725,2244
2243,Scipy test hangs (Trac #1724),2013-04-25T17:49:20Z,2016-10-24T05:36:43Z
1724,2243
2242,scipy.test() crashes part way through (Trac #1723),2013-04-25T17:49:18Z,
1723,2242
2241,test stalls on Windows: limited-memory-bound-constrained BFGS algorithm (Trac #1722),2013-04-25T17:49:16Z,
1722,2241
2240,Errors obtained while running the SciPy test (Trac #1721),2013-04-25T17:49:14Z,2013-07-07T16:52:17Z
1721,2240
2239,io.netcdf outputs garbage variable values  in Windows XP (Trac #1720),2013-04-25T17:49:09Z,2013-04-25T17:49:13Z
1720,2239
2238,Negative p-value on hypergeom.cdf (Trac #1719),2013-04-25T17:49:07Z,2014-02-16T16:53:20Z
1719,2238
2236,QZ segfault on Windows for 0.11.0rc1 (Trac #1717),2013-04-25T17:48:57Z,
1717,2236
2234,"Scipy compilation of veclib_cabi_c.c fails, even with Accelerate.h on OS X 10.8 (Trac #1715)",2013-04-25T17:48:54Z,2013-06-10T17:17:44Z
1715,2234
2233,fftpack segfault with big arrays (Trac #1714),2013-04-25T17:48:51Z,
1714,2233
2232,documentation for scipy.stats.distributions.gamma incorrect (Trac #1713),2013-04-25T17:48:49Z,2013-04-25T17:48:50Z
1713,2232
2230,Scipy Test 0.7.2 fails on Red Hat 4.4.6-3 with Python version 2.6.6 and GCC 4.4.6 (Trac #1711),2013-04-25T17:48:45Z,2013-04-25T17:48:46Z
1711,2230
2229,Build fails in OS X 10.8 due to header reference incompatibility (Trac #1710),2013-04-25T17:48:43Z,2013-04-25T17:48:44Z
1710,2229
2228,scipy.integrate.odeint will work with values in scientific notation but not values that are written out. (Trac #1709),2013-04-25T17:48:41Z,2013-04-25T17:48:42Z
1709,2228
2227,scipy.integrate.odeint will work with values in scientific notation but not values that are written out. (Trac #1708),2013-04-25T17:48:39Z,2013-04-25T17:48:40Z
1708,2227
2226,mio5_utils.pyx cythonizing fails with Cython 0.17 (Trac #1707),2013-04-25T17:48:37Z,2013-04-25T17:48:38Z
1707,2226
2225,"Error in Cookbook ""Savitzky Golay"" (Trac #1706)",2013-04-25T17:48:33Z,2013-04-25T17:48:35Z
1706,2225
2224,little bug in scipy.stats.gaussian_kde (Trac #1705),2013-04-25T17:48:31Z,2013-04-25T17:48:32Z
1705,2224
2223,interpolate does not warn about repeated x values (Trac #1704),2013-04-25T17:48:29Z,2014-02-09T12:32:56Z
1704,2223
2222,Reading V4 Matlab Files (Trac #1703),2013-04-25T17:48:28Z,
1703,2222
2221,"chebwin, slepian not normalized correctly (Trac #1702)",2013-04-25T17:48:27Z,
1702,2221
2220,csgraph.shortest_path failures (Trac #1701),2013-04-25T17:48:18Z,2013-04-25T17:48:20Z
1701,2220
2219,minpack API types misfit on s390x (Trac #1700),2013-04-25T17:48:14Z,2013-04-25T17:48:17Z
1700,2219
2218,scipy.special.erf issues warning when given complex 0. (Trac #1699),2013-04-25T17:48:12Z,2013-04-25T17:48:13Z
1699,2218
2217,Scipy 0.11.0b1 - Not compiling on PPC 64 bit - umfpack error (Trac #1692),2013-04-25T17:48:06Z,2013-11-29T21:40:48Z
1692,2217
2215,scipy.stats.kendalltau: division by zero error (Trac #1690),2013-04-25T17:48:01Z,2013-04-25T17:48:03Z
1690,2215
2214,Bug in ARPACK interface with MKL (Trac #1689),2013-04-25T17:47:59Z,2013-04-25T17:48:00Z
1689,2214
2213,binomial (in numpy.random) and scipy.stats.binom are not defined for n=0 (Trac #1688),2013-04-25T17:47:58Z,2013-08-18T12:25:13Z
1688,2213
2212,Wrong Taylor order in scipy.linalg.expm3() (Trac #1687),2013-04-25T17:47:56Z,2013-08-20T17:24:13Z
1687,2212
2211,wavfile.read returns string instead of numpy.array in data (Trac #1686),2013-04-25T17:47:52Z,2013-04-25T17:47:54Z
1686,2211
2210,"scipy-0.11.0b1-win32-superpack-python2.6.exe has dependency on python25.dll, causes DLL load failed (Trac #1685)",2013-04-25T17:47:49Z,2013-04-25T17:47:51Z
1685,2210
2209,Check for ctypes usage in test fails. (Trac #1684),2013-04-25T17:47:47Z,
1684,2209
2208,int64 labeled wrong on webpage (Trac #1683),2013-04-25T17:47:46Z,2013-08-18T19:03:21Z
1683,2208
2207,Stale call signature for scipy.linalg.qr in optimize.nonlin (Trac #1682),2013-04-25T17:47:44Z,2013-04-25T17:47:45Z
1682,2207
2206,csgraph.laplacian gives incorrect results (Trac #1681),2013-04-25T17:47:41Z,2013-04-25T17:47:43Z
1681,2206
2205,error with misleading msg: matrix must have float64 values (Trac #1680),2013-04-25T17:47:38Z,2013-04-25T17:47:40Z
1680,2205
2204,scipy.weave.inline fails to convert numpy.double type (Trac #1679),2013-04-25T17:47:37Z,2016-10-19T21:08:25Z
1679,2204
2201,"Errors in t statistic ,scipy.stats.test() fails due to assertion error (Trac #1676)",2013-04-25T17:47:29Z,2013-04-25T17:47:31Z
1676,2201
2200,fit function for generalized extreme value distribution goes wrong. (Trac #1675),2013-04-25T17:47:25Z,2013-05-01T11:41:50Z
1675,2200
2199,scipy.io.netcdf: flush+close writes data twice (Trac #1674),2013-04-25T17:47:23Z,2013-04-25T17:47:24Z
1674,2199
2198,interpolate.interpnd build issue on MinGW (Trac #1673),2013-04-25T17:47:16Z,2013-04-25T17:47:22Z
1673,2198
2196,documentation build issue with sphinx >= 1.1 in stats tutorial (Trac #1671),2013-04-25T17:47:11Z,2013-04-25T17:47:14Z
1671,2196
2195,Unprotected ctypes usage in integrate module (Trac #1670),2013-04-25T17:47:07Z,2013-04-25T17:47:09Z
1670,2195
2194,csgraph test failures (Trac #1669),2013-04-25T17:47:01Z,2013-04-25T17:47:06Z
1669,2194
2193,SciPy docs for numpy.var causes an internal server error (Trac #1668),2013-04-25T17:47:00Z,2014-02-22T10:23:52Z
1668,2193
2190,Are odd-length window functions supposed to be always symmetrical? (Trac #1665),2013-04-25T17:46:55Z,
1665,2190
2189,spatial.distance.mahalanobis documentation bug (Trac #1664),2013-04-25T17:46:52Z,2013-04-25T17:46:53Z
1664,2189
2188,splev gives wrong values or crashes outside of support when der == k (Trac #1663),2013-04-25T17:46:51Z,2014-11-22T19:13:33Z
1663,2188
2186,scipy.stats.mstats.kurtosistest crashes on 1d input (Trac #1661),2013-04-25T17:46:47Z,2013-11-10T15:51:19Z
1661,2186
2185,Precision of scipy.ndimage.gaussian_filter*() limited (Trac #1660),2013-04-25T17:46:45Z,2013-09-09T18:07:41Z
1660,2185
2184,Function scipy.stats.poisson.fit Is Missing (Trac #1659),2013-04-25T17:46:42Z,2013-04-25T17:46:44Z
1659,2184
2183,"scipy.stats.kendalltau returns 1 instead of (1, p) ""for all ties in both ranks"" (Trac #1658)",2013-04-25T17:46:39Z,2013-04-25T17:46:41Z
1658,2183
2182,fmin_slsqp ieqcons parameter broken (Trac #1657),2013-04-25T17:46:37Z,2013-04-25T17:46:38Z
1657,2182
2181,namespace cleaned up too much in 0.10 -- factorial is missing (Trac #1656),2013-04-25T17:46:34Z,2013-04-25T17:46:36Z
1656,2181
2180,"Docs for var, std, stderr, samplevar, samplestd have wrong divisor (Trac #1655)",2013-04-25T17:46:30Z,2013-04-25T17:46:32Z
1655,2180
2179,coo.todense() segfaults (Trac #1654),2013-04-25T17:46:28Z,2014-02-16T16:49:38Z
1654,2179
2178,scoreatprecentile return wrong values when used on array with NaNs (Trac #1653),2013-04-25T17:46:26Z,
1653,2178
2177,scipy.cluster.hierarchy.ClusterNode.pre_order returns IndexError for non-root node (Trac #1652),2013-04-25T17:46:24Z,2014-03-09T17:17:28Z
1652,2177
2176,scipy.stats: unclear doc string (Trac #1651),2013-04-25T17:46:21Z,2013-04-25T17:46:23Z
1651,2176
2174,ndimage convolution with large mask uses too much memory (Trac #1649),2013-04-25T17:46:18Z,
1649,2174
2173,"Bug in orthogonal.py: values between 0 and 1 not accepted as ""positive"". (Trac #1648)",2013-04-25T17:46:14Z,2016-09-24T16:08:46Z
1648,2173
2172,BUG: stats: _argcheck function for the erlang distribution is misnamed. (Trac #1647),2013-04-25T17:46:09Z,2013-06-06T19:44:21Z
1647,2172
2171,Could not find file error from setup.py build (Trac #1646),2013-04-25T17:46:05Z,2013-04-25T17:46:08Z
1646,2171
2170,incorrect lwork assertion in f2py wrapper for LAPACK xGERQF (Trac #1645),2013-04-25T17:46:02Z,2013-04-25T17:46:04Z
1645,2170
2169,scipy.optimize.fmin_bfgs not handling functions with boundaries that go infinite  or very large correctly (Trac #1644),2013-04-25T17:46:00Z,2013-11-29T21:33:50Z
1644,2169
2168,DOC doesn't render correctly in scipy.stats.gaussian_kde (Trac #1643),2013-04-25T17:45:58Z,2013-04-25T17:45:59Z
1643,2168
2167,BivariateSpline errors with kx=ky=1 (Trac #1642),2013-04-25T17:45:57Z,
1642,2167
2166,Unexpected behavior in ni_filters.c/NI_Correlate (Trac #1641),2013-04-25T17:45:55Z,
1641,2166
2165,sph_jn returns false results for some orders/values (Trac #1640),2013-04-25T17:45:53Z,2016-03-06T14:22:25Z
1640,2165
2164,"stats.rice.pdf(x, 0) returns nan (Trac #1639)",2013-04-25T17:45:52Z,2013-09-15T14:28:19Z
1639,2164
2163,cephes_smirnov nan-to-int conversion bug (Trac #1638),2013-04-25T17:45:50Z,2013-04-25T17:45:51Z
1638,2163
2161,Test Failures in scipy.linalg (Trac #1636),2013-04-25T17:45:46Z,
1636,2161
2159,scoreateprecentile return the worng value when used on pandas.Series (Trac #1634),2013-04-25T17:45:41Z,2014-01-04T13:10:10Z
1634,2159
2158,special.chndtrix  (ncx2.ppf) gives wrong results (Trac #1633),2013-04-25T17:45:40Z,
1633,2158
2157,Incorrect application of nonzero() to ndarry object. (Trac #1632),2013-04-25T17:45:37Z,2013-04-25T17:45:38Z
1632,2157
2155,fftpack.fft2 / fftpack.ifft2 overwrite_x option does nothing (Trac #1630),2013-04-25T17:45:34Z,
1630,2155
2154,Memory leak in  scipy.fftpack.ifft2 (Trac #1629),2013-04-25T17:45:32Z,
1629,2154
2153,"stats.gamma.pdf(0, 1) returns nan, but it should be 1. (Trac #1628)",2013-04-25T17:45:30Z,2013-04-25T17:45:31Z
1628,2153
2152,Fix mmio/fromfile on gzip on Python 3 (Trac #1627),2013-04-25T17:45:29Z,2014-02-24T21:54:13Z
1627,2152
2151,scipy.io.wavfile --- does it work? (Trac #1626),2013-04-25T17:45:26Z,2013-04-25T17:45:27Z
1626,2151
2145,filtfilt axis argument fails (Trac #1620),2013-04-25T17:45:12Z,2013-04-25T17:45:15Z
1620,2145
2144,scipy reference guide html documentation search fails in IE8 (Trac #1619),2013-04-25T17:45:10Z,2016-05-07T22:22:02Z
1619,2144
2143,Testsuite failures with 0.10.1 under Mac OS X Lion (Trac #1618),2013-04-25T17:45:08Z,2013-08-12T16:35:07Z
1618,2143
2142,inspect.getargspec usage in minimize should be reverted (Trac #1617),2013-04-25T17:45:07Z,2013-04-25T17:45:07Z
1617,2142
2141,interpolate.sproot fails even when running fitpack tests (Trac #1616),2013-04-25T17:45:01Z,2013-04-25T17:45:05Z
1616,2141
2140,filter_design.py removing useful coefficients in normalize() (Trac #1615),2013-04-25T17:44:58Z,2013-04-25T17:44:59Z
1615,2140
2139,logcdf function of normal distribution (scipy.stats) can not handle a wide enough range of values (Trac #1614),2013-04-25T17:44:49Z,2013-04-25T17:44:56Z
1614,2139
2138,scipy.misc.imread segfaults on 1 bit png (Trac #1613),2013-04-25T17:44:45Z,2015-11-08T20:57:51Z
1613,2138
2137,Loss of precision in scipy.linalg.eig(). (Trac #1612),2013-04-25T17:44:43Z,2013-04-25T17:44:44Z
1612,2137
2136,"scipy.interpolate.interp1d(x,y,'cubic') Segmentation fault if size(x) is greater 119 (Trac #1611)",2013-04-25T17:44:40Z,2013-04-25T17:44:42Z
1611,2136
2134,Segmentation fault from axpy (Trac #1609),2013-04-25T17:44:37Z,2013-08-18T15:59:51Z
1609,2134
2133,ndimage.center_of_mass is VERY slow (not using C extension) (Trac #1608),2013-04-25T17:44:35Z,2013-04-25T17:44:35Z
1608,2133
2132,OperationalError: database is locked (Trac #1607),2013-04-25T17:44:33Z,2013-04-25T17:44:33Z
1607,2132
2131,"large array causes savemat to produce a  ""corrupt"" file (Trac #1606)",2013-04-25T17:44:31Z,
1606,2131
2130,Bug in scipy.interpolate.griddata (numerical problem) (Trac #1605),2013-04-25T17:44:28Z,2013-04-25T17:44:30Z
1605,2130
2129,lil_matrix changes dtype from float to int during assignment (Trac #1604),2013-04-25T17:44:26Z,2013-04-25T17:44:27Z
1604,2129
2128,Sparse matrices do not broadcast properly (Trac #1603),2013-04-25T17:44:25Z,
1603,2128
2127,Sparse matrices do not allow a dimension to have length 0 (Trac #1602),2013-04-25T17:44:23Z,2013-09-19T19:50:35Z
1602,2127
2126,Bento build - Test errors (Trac #1601),2013-04-25T17:44:21Z,2013-09-20T19:28:20Z
1601,2126
2125,Zeta function definition is wrong (Trac #1600),2013-04-25T17:44:19Z,2013-04-25T17:44:20Z
1600,2125
2124,Make iterative inverses in Arpack always use double-precision (Trac #1599),2013-04-25T17:44:16Z,2013-09-19T19:51:51Z
1599,2124
2123,Bad behavior of sparse matrices in a binary ufunc (Trac #1598),2013-04-25T17:44:09Z,2013-09-22T13:20:58Z
1598,2123
2122,memory leak in scipy.sparse.linalg.factorized (Trac #1597),2013-04-25T17:43:57Z,2013-04-25T17:43:58Z
1597,2122
2121,typo in vq_module.c (Trac #1596),2013-04-25T17:43:55Z,2013-04-25T17:43:56Z
1596,2121
2120,scipy.odr: faulty error code interpretation (Trac #1595),2013-04-25T17:43:53Z,2013-04-25T17:43:54Z
1595,2120
2117,'step' field of a slice of a csc or csr sparse matrix is ignored. (Trac #1592),2013-04-25T17:43:48Z,2013-08-13T21:51:37Z
1592,2117
2115,special.erf raises underflow for inout values around 26.6 (Trac #1590),2013-04-25T17:43:44Z,2013-04-25T17:43:45Z
1590,2115
2114,special.kv goes from 0 to nan for large numbers (Trac #1589),2013-04-25T17:43:43Z,2013-05-06T21:36:19Z
1589,2114
2113,scipy.optimize.cobyla not consistant in Windows (Trac #1588),2013-04-25T17:43:41Z,2013-04-25T17:43:42Z
1588,2113
2112,Documention of scipy.sparse.linalg.eigsh does not match ARPACK for generalized eigenvalue problem (Trac #1587),2013-04-25T17:43:39Z,
1587,2112
2111,scipy ndimage functions fails with half precision arrays (Trac #1586),2013-04-25T17:43:38Z,
1586,2111
2110,scipy.io.wavfile.read warns on Audacity wav files with metadata (Trac #1585),2013-04-25T17:43:35Z,2013-04-25T17:43:36Z
1585,2110
2109,scipy.io.savemat fails to create a struct when passed a dict (Trac #1584),2013-04-25T17:43:32Z,2013-04-25T17:43:34Z
1584,2109
2108,mstats.chisquare and stats.chisquare documentation is out of date (Trac #1583),2013-04-25T17:43:30Z,2013-05-31T17:54:51Z
1583,2108
2107,APPCRASH error when trying to use Latent Semantic Indexing method with Gensim (Trac #1582),2013-04-25T17:43:26Z,2013-04-25T17:43:28Z
1582,2107
2105,SVD segfaults for certain dimensions of dense complex matrices (Trac #1580),2013-04-25T17:43:23Z,2013-04-25T17:43:24Z
1580,2105
2104,misc.radon has no docstring (Trac #1579),2013-04-25T17:43:21Z,2013-04-25T17:43:21Z
1579,2104
2101,Attempt to access func_name attribute in fsolve in python 3 (Trac #1576),2013-04-25T17:43:09Z,2013-04-25T17:43:11Z
1576,2101
2100,BUG: zscore and zmap handle the axis keyword incorrectly (Trac #1575),2013-04-25T17:43:07Z,2013-04-25T17:43:08Z
1575,2100
2097,Scipy dblquad/tplquad spuriously drops epsilon for inner integration (Trac #1572),2013-04-25T17:43:01Z,
1572,2097
2096,"http://new.scipy.org/download.html gives wrong ""bleeding edge"" repo links (Trac #1571)",2013-04-25T17:42:59Z,2013-04-25T17:43:00Z
1571,2096
2095,Some scipy.ndimage functions fails for Yx1024x1024 images (Trac #1570),2013-04-25T17:42:57Z,2013-09-20T19:18:50Z
1570,2095
2094,"function glm in scipy.stats is incomplete, undocumented (Trac #1569)",2013-04-25T17:42:56Z,2013-08-21T09:13:48Z
1569,2094
2093,One-sided fisher_exact test returns p-value < 1 for 0 successful attempts (Trac #1568),2013-04-25T17:42:54Z,2013-04-25T17:42:55Z
1568,2093
2092,"scipy.test leaves darwin27compiled_catalog, cpp and so files behind in working directory (Trac #1567)",2013-04-25T17:42:52Z,2014-02-16T18:09:37Z
1567,2092
2091,scipy.io.savemat cannot use the OrderedDict collection to make a struct (Trac #1566),2013-04-25T17:42:44Z,2013-04-25T17:42:51Z
1566,2091
2090,bug in ndimage.variance (Trac #1565),2013-04-25T17:42:42Z,2013-04-25T17:42:43Z
1565,2090
2089,Integer overflows cause segfault in linkage function with large input (Trac #1564),2013-04-25T17:42:40Z,2016-11-03T08:45:43Z
1564,2089
2088,scipy.io.arff.loadarff fails on mixed empty and comment lines (Trac #1563),2013-04-25T17:42:38Z,2014-12-12T22:00:56Z
1563,2088
2087,linkage exists ungracefully when malloc fails (Trac #1562),2013-04-25T17:42:35Z,2013-04-25T17:42:37Z
1562,2087
2085,Documentation for scipy.linalg.eig_banded is wrong (Trac #1560),2013-04-25T17:42:31Z,2013-04-25T17:42:32Z
1560,2085
2084,ndarray + dok sparse array doesn't work on Python 2.4 (Trac #1559),2013-04-25T17:42:28Z,2013-04-25T17:42:29Z
1559,2084
2083,Bug in fmin_bfgs linesearch (Trac #1558),2013-04-25T17:42:26Z,2013-04-25T17:42:26Z
1558,2083
2082,weave.inline() ignores runtime_library_dirs on Mac OS X (Trac #1557),2013-04-25T17:42:24Z,2016-10-19T21:08:48Z
1557,2082
2081,Symbol not found: _aswfa_ using 32-bit binary (Trac #1556),2013-04-25T17:42:20Z,2014-12-18T10:09:15Z
1556,2081
2080,decomp_schur test failure under python2.5 (Trac #1555),2013-04-25T17:42:18Z,2013-04-25T17:42:19Z
1555,2080
2079,sem deprication warning (Trac #1554),2013-04-25T17:42:16Z,2013-04-25T17:42:17Z
1554,2079
2078,Improve distribution fitting (Trac #1553),2013-04-25T17:42:13Z,2013-05-01T11:40:20Z
1553,2078
2077,Distribution fit with more than one fixed parameter does not work (Trac #1552),2013-04-25T17:42:11Z,2013-04-25T17:42:12Z
1552,2077
2073,BUG: wrong variance in powerlaw.stats (Trac #1548),2013-04-25T17:42:02Z,2013-04-25T17:42:03Z
1548,2073
2072,stats problem sampling heavy tailed distributions ? (Trac #1547),2013-04-25T17:42:00Z,
1547,2072
2071,stats: test_continuous_basic has broken test (Trac #1546),2013-04-25T17:41:58Z,
1546,2071
2070,stats.tukeylambda.stats looks wrong (Trac #1545),2013-04-25T17:41:50Z,2013-04-25T17:41:52Z
1545,2070
2069,stats broadcasting in rvs (Trac #1544),2013-04-25T17:41:48Z,2016-06-19T19:20:17Z
1544,2069
2068,Problem in btdtri (Trac #1543),2013-04-25T17:41:46Z,2013-04-25T17:41:47Z
1543,2068
2067,fmin_bfgs gets stuck in an infinite loop when parameters are NaN (Trac #1542),2013-04-25T17:41:45Z,2013-04-25T17:41:45Z
1542,2067
2066,`scipy.misc.info` bug with some inputs on Python3 (Trac #1541),2013-04-25T17:41:42Z,2013-04-25T17:41:43Z
1541,2066
2062,scipy circmean exception when using non-flattened array (Trac #1537),2013-04-25T17:41:35Z,2013-08-26T12:38:47Z
1537,2062
2061,BUG: floc doesn't work (in lognorm) ? (Trac #1536),2013-04-25T17:41:32Z,2013-04-25T17:41:33Z
1536,2061
2060,python crash with scipy install on winxp/python2.5 (Trac #1535),2013-04-25T17:41:29Z,2013-04-25T17:41:31Z
1535,2060
2059,The shape of the output of UnivariateSpline is incorrect (Trac #1534),2013-04-25T17:41:26Z,2013-04-25T17:41:28Z
1534,2059
2058,toarray on sparse matrices can't handle dtype=bool (Trac #1533),2013-04-25T17:41:24Z,2013-08-12T05:41:50Z
1533,2058
2057,simple numpy character array example from manual does not work as expected (Trac #1532),2013-04-25T17:41:23Z,2013-04-25T17:41:23Z
1532,2057
2056,optimize.curve_fit gives too many arguments to instance methods calling curve_fit with scalar p0 (Trac #1531),2013-04-25T17:41:21Z,2013-04-25T17:41:21Z
1531,2056
2055,"Bugs in fit when moments are inf (cauchy, t(1)), scipy 0.9.0 (Trac #1530)",2013-04-25T17:41:10Z,2013-04-25T17:41:19Z
1530,2055
2054,scipy.signal.convolve behavior in scipy.0.9.0-py2.6 has changed (Trac #1529),2013-04-25T17:41:08Z,2013-04-25T17:41:08Z
1529,2054
2053,fix some build warnings for obs (Trac #1528),2013-04-25T17:41:04Z,2013-04-25T17:41:06Z
1528,2053
2052,stats.kruskal not working as advertised (Trac #1527),2013-04-25T17:40:59Z,2013-04-25T17:41:03Z
1527,2052
2051,sparse.lil_matrix assigment bug when indexing with two lists (Trac #1526),2013-04-25T17:40:57Z,2013-04-25T17:40:58Z
1526,2051
2050,linalg.eig does not normalize eigenvectors (Trac #1525),2013-04-25T17:40:55Z,2013-04-25T17:40:56Z
1525,2050
2049,io.matlab .pyx files don't work with Cython 0.15 (Trac #1524),2013-04-25T17:40:54Z,2013-04-25T17:40:54Z
1524,2049
2048,"another Arpack crash on OS X python 2.7, 64-bit (Trac #1523)",2013-04-25T17:40:38Z,2013-04-25T17:40:53Z
1523,2048
2046,import scipy.interpolate causes consistent exit code 0 (Trac #1521),2013-04-25T17:40:28Z,2013-04-25T17:40:30Z
1521,2046
2045,ndimage.shift produces incorrect output (Trac #1520),2013-04-25T17:40:27Z,2015-04-04T20:15:23Z
1520,2045
2044,"""quad"" and ""quadrature"" behave differently when args is a single variable (Trac #1519)",2013-04-25T17:40:26Z,2013-09-01T13:15:37Z
1519,2044
2043,ndimage.label gives incorrect labeled components (Trac #1518),2013-04-25T17:40:24Z,2013-04-25T17:40:24Z
1518,2043
2042,scipy.io.loadmat nested structures (i.e. dictionaries) (Trac #1517),2013-04-25T17:40:22Z,2016-02-20T20:37:43Z
1517,2042
2041,Outdated references to svn (Trac #1516),2013-04-25T17:40:19Z,2013-04-25T17:40:20Z
1516,2041
2040,Arpack complex_nonsymmetric_modes failure on 64-bit Linux (Trac #1515),2013-04-25T17:40:17Z,2013-04-25T17:40:18Z
1515,2040
2038,test_singular (test_linsolve.TestLinsolve) ... Segmentation fault (Trac #1513),2013-04-25T17:40:11Z,2013-04-25T17:40:12Z
1513,2038
2037,"OS X Lion: FAIL: test_mio_utils.test_squeeze_element(False,) (Trac #1512)",2013-04-25T17:40:08Z,2013-04-25T17:40:10Z
1512,2037
2036,OS X Lion: FAIL: Some very simple tests for chi2_contingency. (Trac #1511),2013-04-25T17:40:06Z,2013-04-25T17:40:07Z
1511,2036
2034,scipy.ndimage.measurements does not return a list (Trac #1509),2013-04-25T17:40:00Z,2014-03-17T10:03:14Z
1509,2034
2033,Bug that causes None to be accessed if a distribution is not named (Trac #1508),2013-04-25T17:39:57Z,2013-04-25T17:39:59Z
1508,2033
2032,scipy.stats.rv_generic.rvs Discrete Distribution Rounding Bug (Trac #1507),2013-04-25T17:39:55Z,2013-04-25T17:39:56Z
1507,2032
2031,scipy.fftpack.hilbert differs from textbook definition (Trac #1506),2013-04-25T17:39:53Z,2013-04-25T17:39:54Z
1506,2031
2030,Failed to Import _cephes.pyd (Trac #1505),2013-04-25T17:39:51Z,2013-04-25T17:39:52Z
1505,2030
2029,FAIL: test_lu (test_decomp.TestLUSolve) (Trac #1504),2013-04-25T17:39:49Z,2013-04-25T17:39:50Z
1504,2029
2028,isolve and arpack test failures on OS X (Trac #1503),2013-04-25T17:39:44Z,2013-04-25T17:39:47Z
1503,2028
2027,lognorm pdf produces incorrect values (Trac #1502),2013-04-25T17:39:42Z,2013-04-25T17:39:43Z
1502,2027
2026,import in member function causes object to persist (Trac #1501),2013-04-25T17:39:38Z,2013-04-25T17:39:41Z
1501,2026
2025,Build issues with llvm-gcc on OS X 10.7 (Lion) (Trac #1500),2013-04-25T17:39:34Z,2016-10-24T05:30:30Z
1500,2025
2023,scipy.ndimage.grey_dilation does not work with structure as only element. (Trac #1498),2013-04-25T17:39:29Z,2013-04-25T17:39:31Z
1498,2023
2021,segfaults on OS X Lion (Trac #1496),2013-04-25T17:39:21Z,2013-04-25T17:39:25Z
1496,2021
2020,Rbf default epsilon too large (Trac #1495),2013-04-25T17:39:20Z,2015-04-30T08:19:58Z
1495,2020
2019,fmin_bfgs stuck in infinite loop (but only with new version) (Trac #1494),2013-04-25T17:39:17Z,2013-04-25T17:39:19Z
1494,2019
2018,scipy.stats.invnorm.ppf fails (Trac #1493),2013-04-25T17:39:14Z,2013-09-10T00:23:31Z
1493,2018
2017,stats.normaltest raises ValueError when the sample size is too small (but not in a nice way) (Trac #1492),2013-04-25T17:39:13Z,2013-04-25T17:39:13Z
1492,2017
2016,ndimage.label ignores output keyword (Trac #1491),2013-04-25T17:39:09Z,2013-04-25T17:39:11Z
1491,2016
2014,"fisher_exact throws ValueErrors when row or col is 0,0 (Trac #1489)",2013-04-25T17:39:03Z,2013-04-25T17:39:06Z
1489,2014
2013,scipy.interpolate.lagrange issue (Trac #1488),2013-04-25T17:39:00Z,2013-04-25T17:39:01Z
1488,2013
2012,scipy.stats.binom wrong pdf() method (Trac #1487),2013-04-25T17:38:58Z,2013-04-25T17:38:59Z
1487,2012
2011,'sokalmichener' and 'rogerstanimoto' distances are the same (Trac #1486),2013-04-25T17:38:57Z,
1486,2011
2010,import scipy.optimize and exit code (Trac #1485),2013-04-25T17:38:54Z,2013-04-25T17:38:56Z
1485,2010
2009,"""Kulsinski"" dissimilarity seems wrong (Trac #1484)",2013-04-25T17:38:53Z,
1484,2009
2008,"scipy.interpolate.interp1d thows ""ILLEGAL INSTRUCTION"" (Trac #1483)",2013-04-25T17:38:51Z,2013-04-25T17:38:52Z
1483,2008
2007,Remove duplicated code in cs_graph.h (Trac #1482),2013-04-25T17:38:49Z,2013-04-25T17:38:50Z
1482,2007
2006,scipy.weave and linux-package dependencies (Trac #1481),2013-04-25T17:38:47Z,2013-04-25T17:38:48Z
1481,2006
2005,scipy.signal.decimate wrong slice object (Trac #1480),2013-04-25T17:38:45Z,2013-04-25T17:38:45Z
1480,2005
2004,docstring for scipy.stats.normaltest (Trac #1479),2013-04-25T17:38:42Z,2013-04-25T17:38:44Z
1479,2004
2003,Update codata.py to 2010 values (Trac #1478),2013-04-25T17:38:39Z,2013-04-25T17:38:41Z
1478,2003
2002,members set in scipy.stats.distributions.##._argcheck (Trac #1477),2013-04-25T17:38:38Z,
1477,2002
2001,easy_install of 0.9.0 fails on OS X 10.7 (Lion) (Trac #1476),2013-04-25T17:38:29Z,2013-04-25T17:38:37Z
1476,2001
2000,stats.ttest for constant sample (Trac #1475),2013-04-25T17:38:26Z,2013-08-18T17:09:12Z
1475,2000
1997,sparse.isolve solvers segfault in test suite (Trac #1472),2013-04-25T17:38:11Z,2013-04-25T17:38:18Z
1472,1997
1996,"stats.lognorm.pdf(0,s) reports nan (Trac #1471)",2013-04-25T17:38:08Z,2013-04-25T17:38:09Z
1471,1996
1995,ERROR: gaussian gradient magnitude filter 1 (Trac #1470),2013-04-25T17:38:06Z,2013-04-25T17:38:07Z
1470,1995
1994,arpack eigensolver returns incorrect eigenvector (Trac #1469),2013-04-25T17:37:59Z,2013-04-25T17:38:05Z
1469,1994
1993,SciPy calculates zeroth mathieu_sem as non-zero value (Trac #1468),2013-04-25T17:37:46Z,2013-04-25T17:37:48Z
1468,1993
1992,"find_objects makes a runtimeerror on Windows, but depends on numpy version (Trac #1467)",2013-04-25T17:37:44Z,2013-11-16T18:18:23Z
1467,1992
1990,SciPy output fo mathieu_a and mathieu_b differs from GSL for q < 0 (Trac #1465),2013-04-25T17:37:37Z,2013-04-25T17:37:41Z
1465,1990
1989,spsolve generates a memory error on windows when solving large linear system (Trac #1464),2013-04-25T17:37:34Z,2013-04-25T17:37:36Z
1464,1989
1988,optimization bug fmin_slspq (Trac #1463),2013-04-25T17:37:32Z,2013-04-25T17:37:33Z
1463,1988
1986,stats distributions moment returns float or array (Trac #1461),2013-04-25T17:37:30Z,2013-08-25T08:54:51Z
1461,1986
1985,stats.uniform.moment produces nans with wrong number of arguments (Trac #1460),2013-04-25T17:37:29Z,2013-08-20T08:37:54Z
1460,1985
1984,Crash in Arpack (Trac #1459),2013-04-25T17:37:26Z,2013-04-25T17:37:28Z
1459,1984
1983,"lu_factor gives different results, depending on whether the input is C or Fortran contiguous (also affects lu_solve) (Trac #1458)",2013-04-25T17:37:22Z,2013-04-25T17:37:25Z
1458,1983
1982,scipy.ndimage.measurements.standard_deviation does not work with sequence of indexs (Trac #1457),2013-04-25T17:37:19Z,2013-04-25T17:37:20Z
1457,1982
1981,scipy.sparse.linalg.lobpcg fails for large sparse matrices (Trac #1456),2013-04-25T17:37:16Z,2013-04-25T17:37:18Z
1456,1981
1978,special cephes_vs_amos test failure (Trac #1453),2013-04-25T17:37:09Z,2015-04-15T05:24:12Z
1453,1978
1977,lfilter segfaults when filtering object arrays (Trac #1452),2013-04-25T17:37:07Z,2013-04-25T17:37:08Z
1452,1977
1976,Wrapper class 'integrate.complex_ode' does not accept function parameters (Trac #1451),2013-04-25T17:37:05Z,
1451,1976
1974,scipy.triu returns unexpected dtype (Trac #1449),2013-04-25T17:37:02Z,2013-04-25T17:37:02Z
1449,1974
1973,signal.abcd_normalize doesn't handle missing arrays as expected (Trac #1448),2013-04-25T17:37:00Z,2013-09-15T20:06:19Z
1448,1973
1972,Segfault in ilu_ddrop_row (Trac #1447),2013-04-25T17:36:56Z,2013-04-25T17:36:59Z
1447,1972
1969,interp2d ignores copy keyword (Trac #1444),2013-04-25T17:36:50Z,2013-04-25T17:36:52Z
1444,1969
1968,correlate2d's output does not agree with correlate's output in scipy.signal module (Trac #1443),2013-04-25T17:36:49Z,
1443,1968
1967,"expi not reliable on real axis (windows, mkl) (Trac #1442)",2013-04-25T17:36:48Z,2013-05-19T11:04:25Z
1442,1967
1966,signals.freqz can evaluate the wrong number of points (Trac #1441),2013-04-25T17:36:45Z,2013-04-25T17:36:47Z
1441,1966
1965,Build fails because include directories in site.cfg are not checked (Trac #1440),2013-04-25T17:36:41Z,
1440,1965
1964,There is no windows installer of SciPy under Python 3.2 (Trac #1439),2013-04-25T17:36:39Z,2013-04-25T17:36:40Z
1439,1964
1963,ImportError: No module named c_spec (Trac #1438),2013-04-25T17:36:37Z,2013-04-25T17:36:38Z
1438,1963
1960,Problems when calling special.legendre function over a list for high order (Trac #1435),2013-04-25T17:36:31Z,2013-04-25T17:36:32Z
1435,1960
1959,VODE and ZVODE are not reentrant (and the wrappers don't know this) (Trac #1434),2013-04-25T17:36:29Z,2013-04-25T17:36:30Z
1434,1959
1956,Discrete cosine transform is not shown in the online documentation (Trac #1431),2013-04-25T17:36:22Z,2013-04-25T17:36:22Z
1431,1956
1955,scipy.spatial.distance.canberra not correctly implemented (Trac #1430),2013-04-25T17:36:20Z,2013-04-25T17:36:21Z
1430,1955
1954,pip install fails (Trac #1429),2013-04-25T17:36:18Z,2013-04-25T17:36:19Z
1429,1954
1953,use custom warnings instead of print statements (Trac #1428),2013-04-25T17:36:16Z,
1428,1953
1952,Scalar multiplication of a lil_matrix return a 2-dimensional array instead of a 1-dimensional array of list (Trac #1427),2013-04-25T17:36:14Z,2013-04-25T17:36:15Z
1427,1952
1951,Internal variables of gmres not thread safe (Trac #1426),2013-04-25T17:36:08Z,2013-04-25T17:36:08Z
1426,1951
1950,kurtosistest requires at least 4 observations (Trac #1425),2013-04-25T17:36:04Z,
1425,1950
1949,kurtosistest fails in mstats with type error (Trac #1424),2013-04-25T17:36:02Z,2013-11-10T14:53:54Z
1424,1949
1947,print instead of warnings.warn in quadpack (Trac #1422),2013-04-25T17:35:59Z,2013-04-25T17:35:59Z
1422,1947
1946,scipy.stats.poisson has wrong documentation (Trac #1421),2013-04-25T17:35:53Z,2013-04-25T17:35:57Z
1421,1946
1944,ndimage.zoom crash (Trac #1419),2013-04-25T17:35:49Z,2013-04-25T17:35:50Z
1419,1944
1943,"Remove pkgload in setup.py, remove info.py files (Trac #1418)",2013-04-25T17:35:47Z,2013-04-25T17:35:48Z
1418,1943
1942,"Boltzmann is misstyped ""Bolzmann"" in scipy.constants.constants (Trac #1417)",2013-04-25T17:35:45Z,2013-04-25T17:35:46Z
1417,1942
1940,In curve_fit the full_output kw argument is passed twice to leastsq. (Trac #1415),2013-04-25T17:35:42Z,2013-04-25T17:35:43Z
1415,1940
1939,Seg. fault from scipy.interpolate or numpy (Trac #1414),2013-04-25T17:35:39Z,2013-08-07T13:28:11Z
1414,1939
1938,scipy.stats.wilcoxon does not return z-statistic but T-value (Trac #1413),2013-04-25T17:35:35Z,2013-04-25T17:35:38Z
1413,1938
1937,Bug in griddata (Code does not return) (Trac #1412),2013-04-25T17:35:32Z,2013-04-25T17:35:34Z
1412,1937
1936,scipy.signal.correlate gives different results than numpy.correlate (Trac #1411),2013-04-25T17:35:30Z,2016-04-11T19:49:10Z
1411,1936
1935,Incorrect calculation of extended signal in signal.filtfilt (Trac #1410),2013-04-25T17:35:27Z,2013-04-25T17:35:29Z
1410,1935
1934,Calling polyfit causing error in python string conversions (Trac #1409),2013-04-25T17:35:25Z,2013-08-18T16:08:45Z
1409,1934
1933,"ndimage.measurements test failure (py-32, win-64) (Trac #1408)",2013-04-25T17:35:23Z,2013-04-25T17:35:24Z
1408,1933
1932,CloughTocher2DInterpolator (Trac #1407),2013-04-25T17:35:20Z,2013-04-25T17:35:22Z
1407,1932
1930,scipy.io.wavfile should be able to read 24 bit signed wave (Trac #1405),2013-04-25T17:35:09Z,
1405,1930
1928,Wrong result shape on odeint reference page (Trac #1403),2013-04-25T17:35:06Z,2013-04-25T17:35:07Z
1403,1928
1926,Negative p from fisher_exact (Trac #1401),2013-04-25T17:35:01Z,2013-04-25T17:35:03Z
1401,1926
1925,nanmedian chokes on size zero arrays (Trac #1400),2013-04-25T17:35:00Z,2016-01-03T11:55:50Z
1400,1925
1923,problem with numpy 0's in stats.poisson.rvs (Trac #1398),2013-04-25T17:34:57Z,2015-10-23T19:54:51Z
1398,1923
1921,"Misspelled variable ""odssratio"" in scipy.stats.fisher_exact (Trac #1396)",2013-04-25T17:34:51Z,2013-04-25T17:34:52Z
1396,1921
1920,scipy.stats.fisher_exact documentation not included (Trac #1395),2013-04-25T17:34:49Z,2013-04-25T17:34:50Z
1395,1920
1918,splint returns incorrect results (Trac #1393),2013-04-25T17:34:39Z,2014-02-18T21:46:29Z
1393,1918
1917,scipy.integrate's dopri5 methods doesn't pass additional arguments (Trac #1392),2013-04-25T17:34:32Z,2013-04-25T17:34:33Z
1392,1917
1916,Wrong formula in cosine distance docstring (Trac #1391),2013-04-25T17:34:30Z,2013-04-25T17:34:31Z
1391,1916
1913,scipy.stats.linregress is producing negative p-values (Trac #1388),2013-04-25T17:34:23Z,2013-04-25T17:34:25Z
1388,1913
1910,"Python 3.2 ""ResourceWarning: unclosed file"" during scipy.test() (Trac #1385)",2013-04-25T17:34:16Z,2013-04-25T17:34:18Z
1385,1910
1908,documentation of scipy.stats does not mention 'rvs' method (Trac #1383),2013-04-25T17:34:10Z,2013-04-25T17:34:11Z
1383,1908
1907,scipy.sparse.linalg.gmres is not reentrant (Trac #1382),2013-04-25T17:34:08Z,
1382,1907
1906,getrow generates warn 'changing the sparsity structure' (Trac #1381),2013-04-25T17:34:06Z,2013-04-25T17:34:07Z
1381,1906
1905,Memory overflow error in LBFGSB optimization under SciPy 0.9.0 (Trac #1380),2013-04-25T17:34:02Z,2013-04-25T17:34:05Z
1380,1905
1904,Test error in io\matlab\tests\test_streams.py (Trac #1379),2013-04-25T17:34:00Z,2013-04-25T17:34:00Z
1379,1904
1903,ndimage.rotate misses some values (Trac #1378),2013-04-25T17:33:58Z,
1378,1903
1901,"SciPy 0.9 rc1 does not build with msvc9, ifort, MKL (Trac #1376)",2013-04-25T17:33:51Z,2013-04-25T17:33:53Z
1376,1901
1900,Getting traceback when debugging UnivariateSpline (Trac #1375),2013-04-25T17:33:48Z,2013-04-25T17:33:49Z
1375,1900
1899,pilutil - PIL import hash collision (Trac #1374),2013-04-25T17:33:41Z,2013-04-25T17:33:47Z
1374,1899
1898,Bug in KDTree.query_ball_point (Trac #1373),2013-04-25T17:33:39Z,2013-04-25T17:33:40Z
1373,1898
1897,scoreatpercentile() does not handle empty list inputs (Trac #1372),2013-04-25T17:33:38Z,2014-01-31T12:27:36Z
1372,1897
1895,Running scipy.weave programs on cluster with shared filesystem (Trac #1370),2013-04-25T17:33:32Z,2016-10-19T21:09:10Z
1370,1895
1894,signal.medfilt failure on 64-bit Linux (Trac #1369),2013-04-25T17:33:29Z,
1369,1894
1893,Weave tutorial obsolete ? (Trac #1368),2013-04-25T17:33:28Z,2016-10-19T21:09:21Z
1368,1893
1892,using rptfile= with an existing file causes a Fortran runtime error (Trac #1367),2013-04-25T17:33:26Z,
1367,1892
1891,using ODR.set_iprint() causes ODR.run() to fail (Trac #1366),2013-04-25T17:33:25Z,
1366,1891
1890,scipy/sparse/sparsetools/csr_wrap.cxx:2452:51: error: 'PyCObject_Import' was not declared in this scope (Trac #1365),2013-04-25T17:33:21Z,2013-04-25T17:33:24Z
1365,1890
1889,interp2d is weird (Trac #1364),2013-04-25T17:33:20Z,2014-05-11T11:07:36Z
1364,1889
1884,stats distributions fit problems (Trac #1359),2013-04-25T17:33:11Z,
1359,1884
1882,stats.distributions expect: incorrect bounds (Trac #1357),2013-04-25T17:33:07Z,2013-04-25T17:33:08Z
1357,1882
1879,ffts are extremely memory hungry (memory leak?) (Trac #1354),2013-04-25T17:33:02Z,
1354,1879
1878,scipy.fftpack.fft modifies the input vector if fftsize is less than vector size (Trac #1353),2013-04-25T17:32:58Z,2013-04-25T17:33:00Z
1353,1878
1876,_minpack._lmdif kills the current process when receiving a SystemExit exception (Trac #1351),2013-04-25T17:32:48Z,2013-04-25T17:32:49Z
1351,1876
1874,docstring in spatial.cosine is incorrect (Trac #1349),2013-04-25T17:32:36Z,2013-04-25T17:32:37Z
1349,1874
1873,loadmat not returns numpy format (Trac #1348),2013-04-25T17:32:34Z,2013-04-25T17:32:34Z
1348,1873
1872,Memory usage of ndimage.mean grows 4 times with R6836 compared to R6339 (Trac #1347),2013-04-25T17:32:31Z,2014-08-31T11:14:36Z
1347,1872
1871,scipy.ndimage.measurements.center_of_mass does not work with masked arrays (Trac #1345),2013-04-25T17:32:30Z,
1345,1871
1870,cdf of burr distribution is incorrect (Trac #1344),2013-04-25T17:32:28Z,2013-04-25T17:32:29Z
1344,1870
1869,divide warning for firwin with odd orders (Trac #1343),2013-04-25T17:32:26Z,2013-04-25T17:32:27Z
1343,1869
1868,numscons 0.11 not available (Trac #1342),2013-04-25T17:32:23Z,2013-04-25T17:32:24Z
1342,1868
1866,stats for invgamma (Trac #1340),2013-04-25T17:32:20Z,2013-09-15T11:50:00Z
1340,1866
1865,warnings import missing in scipy/optimize/zeros.py (Trac #1339),2013-04-25T17:32:18Z,2013-04-25T17:32:18Z
1339,1865
1863,typo in documentation for scipy.io.savemat (Trac #1337),2013-04-25T17:32:12Z,2013-04-25T17:32:13Z
1337,1863
1861,scipy.interpolate.bisplrep raises a spurious warning (Trac #1335),2013-04-25T17:32:07Z,2013-04-25T17:32:10Z
1335,1861
1860,"Spurious ""divide by zero"" warnings from orthogonal polynomials (Trac #1334)",2013-04-25T17:32:05Z,2013-04-25T17:32:06Z
1334,1860
1859,fmin_slsqp segfault (Trac #1333),2013-04-25T17:32:03Z,2013-04-25T17:32:04Z
1333,1859
1858,python setup.py install /usr/bin/ld: cannot find -lnpymath (Trac #1332),2013-04-25T17:32:00Z,2013-04-25T17:32:01Z
1332,1858
1857,Scipy on Cray XT when cross-compiling with gnu compilers : error: extension 'scipy.interpolate.dfitpack' has Fortran sources but no Fortran compiler found (Trac #1331),2013-04-25T17:31:47Z,2013-04-25T17:31:58Z
1331,1857
1856,special.specfun.jdzo array access out of bounds (Trac #1330),2013-04-25T17:31:44Z,2013-04-25T17:31:45Z
1330,1856
1855,porting mstats.plottingposition and similar to stats (Trac #1329),2013-04-25T17:31:43Z,2015-06-14T19:11:18Z
1329,1855
1854,scipy.spatial.distance.sqeuclidean broken: Invalid results (Trac #1328),2013-04-25T17:31:38Z,2013-04-25T17:31:41Z
1328,1854
1852,"0log0: chi2.pdf erroneous value at x=0.0 df=2, and others (Trac #1326)",2013-04-25T17:31:32Z,2013-04-25T17:31:35Z
1326,1852
1851,"Shape parameter negated in genextreme (relative to R, MATLAB, Wikipedia) (Trac #1325)",2013-04-25T17:31:31Z,2014-08-17T11:55:44Z
1325,1851
1850,scipy.integrate.romberg fails for array-valued functions. (Trac #1324),2013-04-25T17:31:29Z,
1324,1850
1849,test_ncg fails on gradcalls assertion (Trac #1323),2013-04-25T17:31:27Z,2013-04-25T17:31:28Z
1323,1849
1848,64 bit implementation fails compilation on NPY__INTP_FMT in csr_wrap.cxx (Trac #1322),2013-04-25T17:31:25Z,2013-04-25T17:31:26Z
1322,1848
1847,"scipy.sparse.linalg.isolve depends on cdotc and zdotc, which require wrappers on Mac OS X (Trac #1321)",2013-04-25T17:31:21Z,2013-04-25T17:31:24Z
1321,1847
1846,scipi.misc.lookfor throws AttributeError (Trac #1320),2013-04-25T17:31:20Z,2013-04-25T17:31:20Z
1320,1846
1845,io.loadmat not working on MATLAB ASCII files (Trac #1319),2013-04-25T17:31:18Z,2013-04-25T17:31:18Z
1319,1845
1843,Arpack wrappers should tolerate odd # of complex eigenvalues (Trac #1317),2013-04-25T17:31:15Z,
1317,1843
1842,stats.distributions.gamma_gen constructor does not work (Trac #1316),2013-04-25T17:31:12Z,2013-04-25T17:31:14Z
1316,1842
1841,FIR filter created by firwin() does not have linear phase (Trac #1315),2013-04-25T17:31:10Z,2013-04-25T17:31:11Z
1315,1841
1840,import scipy.sparse.sparsetools causes consistent exit code 0 (Trac #1314),2013-04-25T17:31:07Z,
1314,1840
1839,My fight with arpack (Trac #1313),2013-04-25T17:31:01Z,2013-04-25T17:31:05Z
1313,1839
1838,BigEndian(SPARC): test_aligned_mem (test_depcomp.py) fails due to LSB testdata initialization (Trac #1312),2013-04-25T17:30:59Z,
1312,1838
1837,ndimage.generic_filter segfaults (Trac #1311),2013-04-25T17:30:57Z,2013-04-25T17:30:58Z
1311,1837
1835,"scipy.linalg.eigh fails with ""the leading minor of order 5 of 'b' is not positive definite."" (Trac #1309)",2013-04-25T17:30:52Z,2013-04-25T17:30:54Z
1309,1835
1834,scipy.linalg.eig does not normalize eigenvector if B is given (Trac #1308),2013-04-25T17:30:51Z,2013-11-16T14:41:57Z
1308,1834
1830,lobpcg fails on some machines for trivial problems (Trac #1304),2013-04-25T17:30:36Z,2013-04-25T17:30:38Z
1304,1830
1829,lobpcg mishandles complex matrices (Trac #1303),2013-04-25T17:30:34Z,2013-04-25T17:30:35Z
1303,1829
1828,"loadmat creates ""unnormalized"" byte orders (Trac #1302)",2013-04-25T17:30:32Z,2013-04-25T17:30:33Z
1302,1828
1827,"scipy.signal missing functionality, incorrect documentation (Trac #1301)",2013-04-25T17:30:30Z,2013-04-25T17:30:31Z
1301,1827
1826,Call to fft() failing on loadmat result after upgrade to 0.8.0. (Trac #1300),2013-04-25T17:30:27Z,2013-04-25T17:30:29Z
1300,1826
1825,compiling and installing scipy in AIX with xlf (Trac #1299),2013-04-25T17:30:24Z,
1299,1825
1824,Orthogonal polynomials return infinity when evaluated at -1 (Trac #1298),2013-04-25T17:30:22Z,2013-04-25T17:30:22Z
1298,1824
1823,scipy.sparse.linalg.cg: more callback arguments (residual) (Trac #1297),2013-04-25T17:30:20Z,
1297,1823
1822,associated legendre polynomials in scipy.special fail for calculations with degree higher than approx. 22 (Trac #1296),2013-04-25T17:30:17Z,2013-04-25T17:30:19Z
1296,1822
1821,Confusing and/or inaccurate labels on probability plot ('stats.probplot') axes (Trac #1295),2013-04-25T17:30:13Z,2013-04-25T17:30:16Z
1295,1821
1820,"loadmat fails ""TypeError: buffer is too small for requested array"" (Trac #1294)",2013-04-25T17:30:11Z,2013-04-25T17:30:12Z
1294,1820
1819,frozen distribution incorrect kwds updating (Trac #1293),2013-04-25T17:30:04Z,2013-04-25T17:30:10Z
1293,1819
1818,minpack.py should raise warning messages using python standard warning mechanism (Trac #1292),2013-04-25T17:30:02Z,2013-04-25T17:30:03Z
1292,1818
1817,stats.discrete distributions hypergeom.sf exception (Trac #1291),2013-04-25T17:29:57Z,2014-01-04T14:43:22Z
1291,1817
1816,netcdf - memory error or other error during scipy.io.netcdf.NetCDFFile(...) (Trac #1290),2013-04-25T17:29:56Z,
1290,1816
1815,Wrong / contradictory documentation of stats.mannwhitneyu (Trac #1289),2013-04-25T17:29:54Z,
1289,1815
1813,check_func() in minpack.py raises an AttributeError when a callable returns a bad shape but does not have a 'func_name' attribute (Trac #1287),2013-04-25T17:29:51Z,2013-04-25T17:29:52Z
1287,1813
1812,Incorrect result returned by optimize.fixed_point (Trac #1286),2013-04-25T17:29:50Z,2013-04-25T17:29:50Z
1286,1812
1811,polyfit documentation is wrong (Trac #1285),2013-04-25T17:29:48Z,2013-04-25T17:29:49Z
1285,1811
1809,"raise ValueError, ""matrix must be square (has shape %s)"" % (M,N) (Trac #1283)",2013-04-25T17:29:44Z,2013-04-25T17:29:45Z
1283,1809
1808,-1 result of eroding 0s (Trac #1282),2013-04-25T17:29:41Z,2013-04-25T17:29:43Z
1282,1808
1807,grey_erosion not symmetric with grey_dilation (Trac #1281),2013-04-25T17:29:38Z,2013-04-25T17:29:39Z
1281,1807
1806,atlas_version.c not compatible with Python 3 (Trac #1280),2013-04-25T17:29:36Z,2013-04-25T17:29:37Z
1280,1806
1805,interpnd extension fails to build with msvc9 (Trac #1279),2013-04-25T17:29:34Z,2013-04-25T17:29:34Z
1279,1805
1804,spatial test 'test_pdist_minkowski_3_2_iris_float32' in test_distance.py fails (Trac #1278),2013-04-25T17:29:32Z,2013-04-25T17:29:33Z
1278,1804
1803,measurements.label: uneven array shape causes segfault (Trac #1277),2013-04-25T17:29:30Z,2013-04-25T17:29:30Z
1277,1803
1802,stats distributions domain error in beta._fitstart (Trac #1276),2013-04-25T17:29:28Z,2013-04-25T17:29:29Z
1276,1802
1801,scipy.integrate.odeint should raise an exception on failure (Trac #1275),2013-04-25T17:29:27Z,
1275,1801
1800,building qhull failed (Trac #1274),2013-04-25T17:29:25Z,2013-04-25T17:29:26Z
1274,1800
1799,stats.mstats.linregress (Trac #1273),2013-04-25T17:29:23Z,2013-04-25T17:29:23Z
1273,1799
1798,Some hierarchical clustering methods not working for proximity matrices (Trac #1272),2013-04-25T17:29:22Z,2016-10-01T09:00:53Z
1272,1798
1797,stats.statlib.spearman.f  doesn't return prho (Trac #1271),2013-04-25T17:29:20Z,
1271,1797
1796,stats.levene requires additional argument when center='trimmed' (Trac #1270),2013-04-25T17:29:18Z,2013-04-25T17:29:19Z
1270,1796
1792,ARPACK seg fault on 64bit Linux (Trac #1265),2013-04-25T17:29:05Z,2013-04-25T17:29:06Z
1265,1792
1791,Incorrect docstring for scipy.sparse.linalg.eigen (Trac #1264),2013-04-25T17:29:04Z,2013-04-25T17:29:04Z
1264,1791
1790,Module eigen.arpack not visible (Trac #1263),2013-04-25T17:29:02Z,2013-04-25T17:29:02Z
1263,1790
1789,scipy.stats.maxwell.ppf(0.25)=0?  gammaincinv problem (Trac #1262),2013-04-25T17:28:58Z,2013-04-25T17:29:01Z
1262,1789
1788,Simple fix: scipy.stats.distributions loggamma is missing shapes='c' (Trac #1261),2013-04-25T17:28:57Z,2013-04-25T17:28:57Z
1261,1788
1787,scipy.signal.cspline1d_eval cannot return complex results (Trac #1260),2013-04-25T17:28:55Z,2016-11-01T18:00:22Z
1260,1787
1786,stats.spearmanr causes unnecessary divide-by-zero warnings (Trac #1259),2013-04-25T17:28:53Z,2013-04-25T17:28:54Z
1259,1786
1784,scipy.sparse.linalg.isolve.utils.make_system raises wrong error (Trac #1257),2013-04-25T17:28:44Z,2013-04-25T17:28:44Z
1257,1784
1783,stats.mstats.plotting_positions integer division (Trac #1256),2013-04-25T17:28:42Z,2013-04-25T17:28:42Z
1256,1783
1782,faulty logic in spatial.distance.squareform (Trac #1255),2013-04-25T17:28:35Z,2013-04-25T17:28:36Z
1255,1782
1781,ndimage.measurements.variance returns negative values sometimes (Trac #1254),2013-04-25T17:28:32Z,2013-04-25T17:28:33Z
1254,1781
1780,Wrong argument parsing and value building scipy/scipy/odr/__odrpack.c (Trac #1253),2013-04-25T17:28:29Z,2013-04-25T17:28:31Z
1253,1780
1778,_linear_filter seg faults (Trac #1251),2013-04-25T17:28:24Z,2013-04-25T17:28:26Z
1251,1778
1776,scipy.stats.binom_test error (Trac #1249),2013-04-25T17:28:22Z,2013-04-25T17:28:22Z
1249,1776
1775,"Error in scipy.optimize.rosen_hess(x) ,   in H[0,0] position, when x[0] != 1 (Trac #1248)",2013-04-25T17:28:20Z,2013-04-25T17:28:20Z
1248,1775
1774,_kmeans chokes on large thresholds (Trac #1247),2013-04-25T17:28:18Z,2016-10-03T04:37:43Z
1247,1774
1773,kmeans gives unexpected results for integer data (Trac #1246),2013-04-25T17:28:16Z,2016-10-01T09:03:52Z
1246,1773
1772,Failed to run any scipy.interpolate function (Trac #1245),2013-04-25T17:28:14Z,2013-04-25T17:28:15Z
1245,1772
1771,Invalid import of functools in Python2.4 (Trac #1244),2013-04-25T17:28:12Z,2013-04-25T17:28:13Z
1244,1771
1770,netcdf tests fail with Python 2.4 (Trac #1243),2013-04-25T17:28:08Z,2013-04-25T17:28:11Z
1243,1770
1769,minor patch for scipy.ndimage.measurements (Trac #1242),2013-04-25T17:28:06Z,2013-04-25T17:28:07Z
1242,1769
1768,__fitpack.h pointer incompatibility. (Trac #1241),2013-04-25T17:28:05Z,2013-07-07T16:53:11Z
1241,1768
1766,__fitpack.h work array computations pretty much one big bug. (Trac #1239),2013-04-25T17:28:01Z,
1239,1766
1765,Numpy.mod fails after call to scipy.lib.lapack.flapack.dsyevr (Trac #1238),2013-04-25T17:27:58Z,2013-04-25T17:28:00Z
1238,1765
1763,Potential 64 bit issue in _superlu_utils.c (Trac #1236),2013-04-25T17:27:53Z,2013-04-25T17:27:54Z
1236,1763
1762,scipy.optimize.leastsq MemoryError (Trac #1235),2013-04-25T17:27:50Z,2013-04-25T17:27:51Z
1235,1762
1760,Weired test failure in airye function depending on test context in scipy 0.8 (Trac #1233),2013-04-25T17:27:45Z,2013-04-25T17:27:47Z
1233,1760
1758,use of uninitialized variable in SLSQP when n equality constraints (Trac #1231),2013-04-25T17:27:40Z,
1231,1758
1757,scipy.io.matlab.loadmat does not squeeze (Trac #1230),2013-04-25T17:27:36Z,2013-04-25T17:27:38Z
1230,1757
1756,Patch for two test failures with msvc9 build (Trac #1229),2013-04-25T17:27:34Z,2013-04-25T17:27:35Z
1229,1756
1755,Radial Basis Function behaviour change between 0.7.2 and 0.8.x/trunk (Trac #1228),2013-04-25T17:27:31Z,2013-04-25T17:27:32Z
1228,1755
1754,scipy.stats.stats.relfreq only accepts ndarray as input (Trac #1227),2013-04-25T17:27:30Z,2013-04-25T17:27:30Z
1227,1754
1752,Test errors in scipy.sparse when using MSVC/MKL build (Trac #1225),2013-04-25T17:27:25Z,2014-01-19T00:29:00Z
1225,1752
1750,splev returns wrong values outside of support. (Trac #1223),2013-04-25T17:27:21Z,2013-04-25T17:27:22Z
1223,1750
1749,Note dependency of scipy.misc on PIL in documentation (Trac #1222),2013-04-25T17:27:20Z,2013-04-25T17:27:20Z
1222,1749
1748,imresize defined twice in  scipy.misc.pilutil.py (Trac #1221),2013-04-25T17:27:18Z,2013-04-25T17:27:19Z
1221,1748
1747,Arpack failures on 64-bit OS X 10.6 (Trac #1220),2013-04-25T17:27:17Z,2013-09-19T19:49:09Z
1220,1747
1745,Very poor relative accuracy in discrete survival functions (Trac #1218),2013-04-25T17:27:12Z,2013-04-25T17:27:14Z
1218,1745
1744,Frequency response of the Butterworth filter is incorrect (Trac #1217),2013-04-25T17:27:09Z,2013-04-25T17:27:10Z
1217,1744
1742,ERROR: test_none (test_signaltools.TestMedFilt) (Trac #1215),2013-04-25T17:27:06Z,2013-04-25T17:27:06Z
1215,1742
1741,scipy.optimize.newton fails for a function with integer coefficients (Trac #1214),2013-04-25T17:27:02Z,2013-04-25T17:27:04Z
1214,1741
1739,Single precision FFT insufficiently accurate. (Trac #1212),2013-04-25T17:27:00Z,
1212,1739
1738,KeyError: Wien = _cd('Wien displacement law constant') in constants.constants (Trac #1211),2013-04-25T17:26:56Z,2013-04-25T17:26:58Z
1211,1738
1737,crash during sparse matrix slicing with Python 2.7 (Trac #1210),2013-04-25T17:26:51Z,2013-04-25T17:26:54Z
1210,1737
1735,LOBPCG produces incorrect results (Trac #1208),2013-04-25T17:26:47Z,2013-04-25T17:26:48Z
1208,1735
1733,test_decomp.test_lapack_misaligned fails (Trac #1206),2013-04-25T17:26:40Z,2013-04-25T17:26:42Z
1206,1733
1732,Converting PIL image to Scipy crashes Python (Trac #1205),2013-04-25T17:26:37Z,2013-04-25T17:26:39Z
1205,1732
1731,optimize.curve_fit doesn't handle a single parameter (Trac #1204),2013-04-25T17:26:35Z,2013-04-25T17:26:36Z
1204,1731
1729,netcdf segfault (Trac #1202),2013-04-25T17:26:27Z,2013-04-25T17:26:29Z
1202,1729
1728,import scipi.io fails (Trac #1201),2013-04-25T17:26:25Z,2013-04-25T17:26:26Z
1201,1728
1727,consistency of std interface (Trac #1200),2013-04-25T17:26:23Z,2014-11-22T11:14:43Z
1200,1727
1726,Python quit unexpectedly-interpolate (Trac #1199),2013-04-25T17:26:18Z,2013-04-25T17:26:21Z
1199,1726
1725,optimize.bisection conditional test incorrect (Trac #1198),2013-04-25T17:26:14Z,2013-04-25T17:26:17Z
1198,1725
1723,test_stats.test_kstest precision of test too high (Trac #1196),2013-04-25T17:26:03Z,2013-04-25T17:26:04Z
1196,1723
1722,mstats.zmap alias to stats.zmap (Trac #1195),2013-04-25T17:26:01Z,2013-04-25T17:26:02Z
1195,1722
1721,interp2d segfault in SciPy 0.7.0 (Trac #1194),2013-04-25T17:25:58Z,2013-04-25T17:25:59Z
1194,1721
1720,String exceptions and python2.6 (Trac #1193),2013-04-25T17:25:57Z,2013-04-25T17:25:57Z
1193,1720
1718,stats.distributions std with vector args (Trac #1191),2013-04-25T17:25:52Z,2013-04-25T17:25:53Z
1191,1718
1717,scipy.signal.lfilter memory leak when size of signal is similar to size of filter (Trac #1190),2013-04-25T17:25:50Z,2013-12-16T22:08:34Z
1190,1717
1715,installtion problem (Trac #1188),2013-04-25T17:25:42Z,2013-04-25T17:25:43Z
1188,1715
1714,ode crashes if rhs returns a tuple instead of a list (Trac #1187),2013-04-25T17:25:38Z,2013-04-25T17:25:41Z
1187,1714
1713,Invalid syntax on Python < 2.6 in stat.distributions (Trac #1186),2013-04-25T17:25:35Z,2013-04-25T17:25:36Z
1186,1713
1708,gaussian_kde evaluate fails with integers (Trac #1181),2013-04-25T17:25:27Z,2013-04-25T17:25:28Z
1181,1708
1707,scipy-0.7.2 does not build with python-2.7 (Trac #1180),2013-04-25T17:25:23Z,2013-04-25T17:25:26Z
1180,1707
1706,Silencing FutureWarning in test_mio.py (Trac #1179),2013-04-25T17:25:20Z,2013-04-25T17:25:22Z
1179,1706
1705,"ckdtree, bug in nearest neighbor search (Trac #1178)",2013-04-25T17:25:18Z,2013-04-25T17:25:19Z
1178,1705
1704,OS X installer does not detect system python26 on Snow Leopard (Trac #1177),2013-04-25T17:25:15Z,2013-04-25T17:25:16Z
1177,1704
1703,"Failure to build superlumodule using scons, rev 6364 (Trac #1176)",2013-04-25T17:25:11Z,2013-04-25T17:25:14Z
1176,1703
1701,segmentation fault scipy.wavfile (Trac #1174),2013-04-25T17:25:04Z,2013-04-25T17:25:07Z
1174,1701
1700,mio4: guess_byte_order results in '>' while actual order is 'little' (Trac #1173),2013-04-25T17:25:02Z,2013-04-25T17:25:03Z
1173,1700
1698,"edit distribution docstrings, check doceditor (Trac #1171)",2013-04-25T17:24:58Z,2013-04-25T17:24:58Z
1171,1698
1697,sse instructions in the nosse builds (Trac #1170),2013-04-25T17:24:50Z,2013-04-25T17:24:56Z
1170,1697
1695,Scipy build issue due to incorrect numpy includes (Trac #1168),2013-04-25T17:24:44Z,2013-04-25T17:24:47Z
1168,1695
1694,gaussian_kde crashes with ValueError if single-element input is given (Trac #1167),2013-04-25T17:24:42Z,2013-04-25T17:24:43Z
1167,1694
1693,sparse (lil) crashed with ValueError after assignment (Trac #1166),2013-04-25T17:24:40Z,2013-04-25T17:24:41Z
1166,1693
1692,"nanstd, namean etc choke on axis=1.2 (Trac #1165)",2013-04-25T17:24:38Z,2013-04-25T17:24:39Z
1165,1692
1690,Different type of output sparse/nonsparse depending on dimension of matrix (Trac #1163),2013-04-25T17:24:34Z,2013-04-25T17:24:35Z
1163,1690
1689,Allow int64 index type in sum() of measurements.py (Trac #1162),2013-04-25T17:24:32Z,2013-04-25T17:24:33Z
1162,1689
1688,nanstd chokes on negative axis (Trac #1161),2013-04-25T17:24:29Z,2013-04-25T17:24:30Z
1161,1688
1687,scipy.sparse.dok_matrix.__setitem__ does not filter zeros (Trac #1160),2013-04-25T17:24:28Z,2013-04-25T17:24:28Z
1160,1687
1686,Use ARPACK to implement eigs? (wrong eigenvalues generated by linalg.eigh/DSYEVR) (Trac #1159),2013-04-25T17:24:25Z,2015-12-10T09:15:24Z
1159,1686
1685,old_fval incorrectly overwritten when first line_search fails in optimize.fmin_bfgs (Trac #1158),2013-04-25T17:24:23Z,2013-04-25T17:24:23Z
1158,1685
1683,Bugs caused by integer arguments to functions in scipy.signal.waveforms (Trac #1156),2013-04-25T17:24:18Z,2013-04-25T17:24:19Z
1156,1683
1682,ndimage.filters and ndimage.interpolation is incompatible with masked_array (Trac #1155),2013-04-25T17:24:17Z,
1155,1682
1681,Wiener filter docstring has wrong keyword/arg names (Trac #1154),2013-04-25T17:24:15Z,2013-04-25T17:24:15Z
1154,1681
1680,scipy.weave does not work well with big-endian numpy arrays (Trac #1153),2013-04-25T17:24:13Z,2016-10-19T21:09:39Z
1153,1680
1679,Lapack alignment test in linalg failing (Trac #1152),2013-04-25T17:24:11Z,
1152,1679
1678,montecarlo module is missing and referenced in the examples (Trac #1151),2013-04-25T17:24:09Z,2013-04-25T17:24:10Z
1151,1678
1677,fmin_ncg test sometimes not converging (Trac #1150),2013-04-25T17:24:07Z,2013-04-25T17:24:08Z
1150,1677
1676,mpmath test for hyp2f1 (Trac #1149),2013-04-25T17:24:05Z,2013-04-25T17:24:06Z
1149,1676
1675,Lambert W function docstring needs editing (Trac #1148),2013-04-25T17:24:03Z,2013-04-25T17:24:04Z
1148,1675
1674,Friedman test has unnecessary print statement (Trac #1147),2013-04-25T17:24:01Z,2013-04-25T17:24:02Z
1147,1674
1673,Code problems in scipy.spatial.distance (Trac #1146),2013-04-25T17:23:59Z,2013-04-25T17:24:00Z
1146,1673
1672,AttributeError: 'module' object has no attribute 'libhyper' (Trac #1145),2013-04-25T17:23:57Z,2013-04-25T17:23:57Z
1145,1672
1671,Documentation typo in scipy.sparse.dok_matrix (Trac #1144),2013-04-25T17:23:55Z,2013-04-25T17:23:55Z
1144,1671
1670,scipy.weave.inline ignores changed support code (Trac #1143),2013-04-25T17:23:53Z,2016-10-19T21:09:50Z
1143,1670
1669,scipy.stats.norm.isf(1e-17) gives outrageous value (Trac #1142),2013-04-25T17:23:51Z,2013-04-25T17:23:52Z
1142,1669
1668,orthogonal_eval crashes (Trac #1141),2013-04-25T17:23:46Z,2013-04-25T17:23:50Z
1141,1668
1667,Numpy 'where' cannot handle masked arrays with boolean arrays for masks (Trac #1140),2013-04-25T17:23:44Z,2013-04-25T17:23:44Z
1140,1667
1666,Weave.inline with Blitz type converters cause segfault when accessing numpy array locations >2GB into array (Trac #1139),2013-04-25T17:23:42Z,2016-10-19T21:09:58Z
1139,1666
1665,scipy.linalg.decomp.schur error triggered by unrelated scipy.linalg.inv (Trac #1138),2013-04-25T17:23:39Z,
1138,1665
1664,fmin_bfgs fails to converge on Linux 64-bit (Trac #1137),2013-04-25T17:23:37Z,2013-04-25T17:23:38Z
1137,1664
1663,ppimport fails to postpone import scitools (Trac #1136),2013-04-25T17:23:35Z,2013-04-25T17:23:36Z
1136,1663
1662,ndimage.grey_dilation doesn't work with scalar size or specified structure (Trac #1135),2013-04-25T17:23:32Z,2013-04-25T17:23:34Z
1135,1662
1660,ppimport fails (Trac #1133),2013-04-25T17:23:29Z,2013-04-25T17:23:29Z
1133,1660
1658,Scipy Stats ppf for Lognormal fails on array-like 'loc' or 'scale' (Trac #1131),2013-04-25T17:23:23Z,2013-04-25T17:23:26Z
1131,1658
1657,Incorrect instructions for windows installer (arch option) (Trac #1130),2013-04-25T17:23:22Z,2013-04-25T17:23:22Z
1130,1657
1655,linalg.block_diag  add atleast_2d (Trac #1128),2013-04-25T17:23:18Z,2013-04-25T17:23:19Z
1128,1655
1653,scipy.optimize.anneal does not respect lower/upper bounds (Trac #1126),2013-04-25T17:23:13Z,2015-01-04T12:25:26Z
1126,1653
1652,interpolate.interpolate.splmake calls helpers which raise NotImplementedError (Trac #1125),2013-04-25T17:23:11Z,2016-10-22T10:39:32Z
1125,1652
1651,segfault upon scipy.signal.medfilt( None ) (Trac #1124),2013-04-25T17:23:09Z,2013-04-25T17:23:10Z
1124,1651
1650,invgamma frozen rv object appears broken (Trac #1123),2013-04-25T17:23:07Z,2013-04-25T17:23:08Z
1123,1650
1649,"scipy.ndimage.zoom incorrect for zooms like (1.0, a, a) (Trac #1122)",2013-04-25T17:23:05Z,2013-04-25T17:23:06Z
1122,1649
1648,odeint docstring does not give the default values for atol and rtol (Trac #1121),2013-04-25T17:23:03Z,2013-04-25T17:23:03Z
1121,1648
1647,"remove ""new"" keyword from calls to np.histogram (Trac #1120)",2013-04-25T17:23:01Z,2013-04-25T17:23:02Z
1120,1647
1646,arpack.eigen checks for dtype which does not exist for LinearOperator instances (Trac #1119),2013-04-25T17:23:00Z,2013-04-25T17:23:00Z
1119,1646
1645,scipy.lingalg.eig giving flipped values for complex numbers for the eigenvalues (Trac #1118),2013-04-25T17:22:58Z,2013-04-25T17:22:59Z
1118,1645
1644,Threading problem with optimize.leastsq() on Windows (Trac #1117),2013-04-25T17:22:57Z,
1117,1644
1643,Spelling error in signal/filter_design.py (Trac #1116),2013-04-25T17:22:55Z,2013-04-25T17:22:56Z
1116,1643
1642,Bugfix in leastsq (Trac #1115),2013-04-25T17:22:53Z,2013-04-25T17:22:54Z
1115,1642
1641,scipy.special.sph_jn produces NaN result for large z (Trac #1114),2013-04-25T17:22:51Z,2016-02-21T20:54:18Z
1114,1641
1640,scipy.linalg.eig crash on LinAlgError (Trac #1113),2013-04-25T17:22:50Z,2013-04-25T17:22:50Z
1113,1640
1638,optimize.curve_fit does not handle None cov_x from optimize.leastsq properly (Trac #1111),2013-04-25T17:22:45Z,2013-04-25T17:22:45Z
1111,1638
1637,Mysterious 'end' in ss2tf in ltisys.py (Trac #1110),2013-04-25T17:22:43Z,2013-04-25T17:22:44Z
1110,1637
1635,"scipy.io.loadmat: Unreadable variable ""XXX"", because ""Cannot read matlab functions"" (Trac #1108)",2013-04-25T17:22:39Z,2016-05-07T22:09:20Z
1108,1635
1634,is poisson.pmf OK? (Trac #1107),2013-04-25T17:22:34Z,2013-04-25T17:22:34Z
1107,1634
1633,Cannot import cKDTree under windows. (Trac #1106),2013-04-25T17:22:31Z,2013-04-25T17:22:33Z
1106,1633
1632,Logarithmic chirp frequency sweep incorrect (Trac #1105),2013-04-25T17:22:22Z,2013-04-25T17:22:30Z
1105,1632
1631,Scipy breaks object deletion when imported from a method (Trac #1104),2013-04-25T17:22:19Z,2013-04-25T17:22:19Z
1104,1631
1630,wrong call PyArg_ParseTuple in __quadpack.h causes memory errors (Trac #1103),2013-04-25T17:22:16Z,2013-04-25T17:22:17Z
1103,1630
1629,crash in sigtools.pyd on 64-bit Python 2.6 for Windows (Trac #1102),2013-04-25T17:22:14Z,2013-04-25T17:22:14Z
1102,1629
1628,Bad complex return values for linalg.lstsq (Trac #1101),2013-04-25T17:22:12Z,2013-04-25T17:22:13Z
1101,1628
1627,"scipy.stats.spearmanr does not work correctly with ties,  docstring does not say so (Trac #1100)",2013-04-25T17:22:10Z,2013-04-25T17:22:11Z
1100,1627
1626,yet another RuntimeError: more argument specifiers ... but now for  (remaining format:'|:calc_lwork.gelss') (Trac #1099),2013-04-25T17:22:08Z,2013-04-25T17:22:09Z
1099,1626
1625,nanmedian (Trac #1098),2013-04-25T17:22:06Z,2013-04-25T17:22:07Z
1098,1625
1624,stats.anderson wrong results for gumbel? (Trac #1097),2013-04-25T17:22:04Z,
1097,1624
1623,"tf2ss and ""Improper transfer function."" (Trac #1096)",2013-04-25T17:21:56Z,2013-04-25T17:22:03Z
1096,1623
1622,scipy.io.savemat does not work on dictionaries (Trac #1095),2013-04-25T17:21:54Z,2013-04-25T17:21:55Z
1095,1622
1621,"Build succeeds but ""from scipy import integrate"" fails (Trac #1094)",2013-04-25T17:21:52Z,2013-04-25T17:21:53Z
1094,1621
1620,signal.hilbert incorrect axis handling for 2d input (Trac #1093),2013-04-25T17:21:49Z,2013-04-25T17:21:51Z
1093,1620
1618,fftconvolve very slow for some numbers of points (Trac #1091),2013-04-25T17:21:45Z,2013-04-25T17:21:46Z
1091,1618
1617,Corrupted data when using io.loadmat with format='5' and an array of strings. (Trac #1090),2013-04-25T17:21:43Z,2013-09-19T20:02:19Z
1090,1617
1616,distance_transform_edt() returns wrong value when there's no background (Trac #1089),2013-04-25T17:21:42Z,
1089,1616
1615,signal.convolve wrong variable names (Trac #1088),2013-04-25T17:21:39Z,2013-04-25T17:21:40Z
1088,1615
1614,numpy.array (or numpy.mat) constructor leaks memory (Trac #1087),2013-04-25T17:21:37Z,2013-04-25T17:21:38Z
1087,1614
1613,scipy.optimize.brute : doesn't not respect ranges ? (Trac #1086),2013-04-25T17:21:35Z,2013-04-25T17:21:36Z
1086,1613
1611,stats.tmin tmax return masked array (Trac #1084),2013-04-25T17:21:32Z,
1084,1611
1610,"stats, zscore rewrite (Trac #1083)",2013-04-25T17:21:29Z,2013-08-18T16:59:58Z
1083,1610
1609,special.hyp0f1 returns nan (Trac #1082),2013-04-25T17:21:28Z,2016-02-17T22:13:48Z
1082,1609
1608,check stats.distributions.ncx2 (Trac #1081),2013-04-25T17:21:25Z,2013-04-25T17:21:27Z
1081,1608
1607,scipy.signal does not exist in new versions (Trac #1080),2013-04-25T17:21:23Z,2013-04-25T17:21:23Z
1080,1607
1606,scipy.signal does not exist in new versions (Trac #1079),2013-04-25T17:21:21Z,2013-04-25T17:21:22Z
1079,1606
1604,kmeans chokes on data with lots of features (Trac #1077),2013-04-25T17:21:13Z,2013-04-25T17:21:18Z
1077,1604
1603,binomial ppf gives bogus results for small binomial probability (Trac #1076),2013-04-25T17:21:11Z,
1076,1603
1602,Fixing lil_matrix column slicing broke case with sequences for both index arguments. (Trac #1075),2013-04-25T17:21:07Z,2013-04-25T17:21:10Z
1075,1602
1601,"newton(lambda x: x-1, 0) return 0, not 1 (Trac #1074)",2013-04-25T17:21:05Z,2013-04-25T17:21:06Z
1074,1601
1600,Build failure (Trac #1073),2013-04-25T17:21:02Z,2013-04-25T17:21:04Z
1073,1600
1599,scipy.interpolate.interp2d ignores fill_value keyword (Trac #1072),2013-04-25T17:21:00Z,2013-04-25T17:21:01Z
1072,1599
1597,test_lambertw.test_values segfaults (Trac #1070),2013-04-25T17:20:54Z,2013-04-25T17:20:56Z
1070,1597
1596,overflow/long integer error with generic discrete moment calculation (Trac #1069),2013-04-25T17:20:52Z,2014-08-31T09:57:38Z
1069,1596
1595,scipy.special.hermitenorm exception fix (Trac #1068),2013-04-25T17:20:50Z,2013-04-25T17:20:51Z
1068,1595
1594,scipy.sparse.linalg routines produce segmentation faults for complex inputs (Trac #1067),2013-04-25T17:20:47Z,2013-04-25T17:20:49Z
1067,1594
1593,precision loss in cdf in stats.hypergeom for large samples (Trac #1066),2013-04-25T17:20:43Z,2013-04-25T17:20:45Z
1066,1593
1592,scipy.io.netcdf - string index out of range in _write_values() with empty string (Trac #1065),2013-04-25T17:20:41Z,2014-02-12T22:07:53Z
1065,1592
1591,lil_matrix has incorrect assignment from flat ndarray (Trac #1064),2013-04-25T17:20:40Z,2013-04-25T17:20:40Z
1064,1591
1590,matmat and matvec replacements info (Trac #1063),2013-04-25T17:20:38Z,2013-04-25T17:20:38Z
1063,1590
1589,bugs with lil slicing (Trac #1062),2013-04-25T17:20:37Z,2013-09-20T19:08:27Z
1062,1589
1587,sici (sine/cosine integrals) function returns wrong values for +-inf input (Trac #1060),2013-04-25T17:20:33Z,2013-04-25T17:20:33Z
1060,1587
1586,"io.loadmat: ""Dtype must be a numpy data-type"" (Trac #1059)",2013-04-25T17:20:30Z,2013-04-25T17:20:31Z
1059,1586
1585,scipy.integrate.tplquad inconsistent with non-finite boundaries (Trac #1058),2013-04-25T17:20:29Z,
1058,1585
1583,Clarify SLSQP license status (Trac #1056),2013-04-25T17:20:20Z,2013-04-25T17:20:20Z
1056,1583
1581,Support floats in scipy.io.wavfile.write (Trac #1054),2013-04-25T17:20:15Z,2013-09-19T20:00:11Z
1054,1581
1580,(non) Relative Import of unittest breaks things (Trac #1053),2013-04-25T17:20:13Z,2013-04-25T17:20:14Z
1053,1580
1579,KDTree.query_pair() leafnode attribute error (Trac #1052),2013-04-25T17:20:11Z,2013-04-25T17:20:11Z
1052,1579
1574,SuperLU/SRC/scomplex.h (Trac #1047),2013-04-25T17:19:57Z,2013-04-25T17:19:59Z
1047,1574
1573,Compilation failure with scipy.sparse.linalg.dsolve._zsuperlu extension (Trac #1046),2013-04-25T17:19:55Z,2013-04-25T17:19:56Z
1046,1573
1572,Build error in scipy/special/cephes/scipy_iv.c (Trac #1045),2013-04-25T17:19:53Z,2013-04-25T17:19:54Z
1045,1572
1571,[Patch] Typo fixes in scipy.optimize.* (Trac #1044),2013-04-25T17:19:50Z,2013-04-25T17:19:51Z
1044,1571
1570,scipy.io.savemat: order of character array content broken between 0.6.0 and 0.7.0 (Trac #1043),2013-04-25T17:19:49Z,2013-04-25T17:19:49Z
1043,1570
1569,sparse matrix failed with element-wise multiplication using numpy.multiply() (Trac #1042),2013-04-25T17:19:47Z,2013-09-22T13:22:02Z
1042,1569
1568,chi2.pdf numerically unstable for large values of df (Trac #1041),2013-04-25T17:19:44Z,2013-04-25T17:19:45Z
1041,1568
1567,odeint silently discards imaginary parts (Trac #1040),2013-04-25T17:19:43Z,
1040,1567
1566,loadmat leaves file open after reading (Trac #1039),2013-04-25T17:19:41Z,2013-04-25T17:19:42Z
1039,1566
1565,Segfault in scipy.cluster (trunk) (Trac #1038),2013-04-25T17:19:35Z,2013-04-25T17:19:40Z
1038,1565
1563,Big performance drop on dense matrices between versions. (Trac #1036),2013-04-25T17:19:30Z,2013-04-25T17:19:32Z
1036,1563
1562,Review hyp2f1 (Trac #1035),2013-04-25T17:19:28Z,2013-04-25T17:19:29Z
1035,1562
1561,Errors in complex hyp2f1 values (Trac #1034),2013-04-25T17:19:26Z,
1034,1561
1559,von Mises CDF broken outside -pi..pi (Trac #1032),2013-04-25T17:19:23Z,2013-04-25T17:19:23Z
1032,1559
1558,undefined symbol clapack_sgesv (importing scipy.stats fails) (Trac #1031),2013-04-25T17:19:20Z,2013-04-25T17:19:22Z
1031,1558
1557,curve_fit not available in latest build (0.7.1) (Trac #1030),2013-04-25T17:19:19Z,2013-04-25T17:19:19Z
1030,1557
1556,scipy/optimize/nnls/nnls.f doesn't compile on solaris; ^M in file (Trac #1029),2013-04-25T17:19:17Z,2013-04-25T17:19:18Z
1029,1556
1555,scipy.io.netcdf leaks file descriptors (Trac #1028),2013-04-25T17:19:16Z,2014-01-25T13:31:19Z
1028,1555
1553,scipy.weave.blitz bug using functions (Trac #1026),2013-04-25T17:19:13Z,2016-10-19T21:10:10Z
1026,1553
1552,stats.chisquare needs ddof (Trac #1025),2013-04-25T17:19:11Z,2013-04-25T17:19:11Z
1025,1552
1551,sepfir2d memory leak (Trac #1024),2013-04-25T17:19:10Z,
1024,1551
1550,polyint documentation is confusing (Trac #1023),2013-04-25T17:19:08Z,2013-04-25T17:19:09Z
1023,1550
1549,use of array place holder in the style double array[0] (Trac #1022),2013-04-25T17:19:07Z,2016-05-07T21:59:18Z
1022,1549
1547,Inconsistent use of offset in ndimage.interpolation.affine_transform() (Trac #1020),2013-04-25T17:19:04Z,2016-02-15T19:41:28Z
1020,1547
1546,distance does not take Unicode strings as metric names (Trac #1019),2013-04-25T17:19:01Z,2013-04-25T17:19:02Z
1019,1546
1545,Building scipy on PA-RISC (Trac #1018),2013-04-25T17:18:58Z,2016-05-07T20:58:26Z
1018,1545
1544,normalize function from filter_design.py broken (Trac #1017),2013-04-25T17:18:56Z,2013-04-25T17:18:56Z
1017,1544
1543,inline temp dir not unique for MPIRUN (Trac #1016),2013-04-25T17:18:54Z,2013-04-25T17:18:55Z
1016,1543
1542,Temp dir conflict in weave.inline (Trac #1015),2013-04-25T17:18:52Z,2014-01-03T20:58:20Z
1015,1542
1541,UnivariateSpline objects should work on an empty array? (Trac #1014),2013-04-25T17:18:49Z,2013-04-25T17:18:50Z
1014,1541
1539,linesearch.line_search does not catch WARNINGs from minpack2.dcsrch (Trac #1012),2013-04-25T17:18:42Z,2013-04-25T17:18:44Z
1012,1539
1538,Updated blitz++ to upsttream version (Trac #1011),2013-04-25T17:18:41Z,2016-10-19T21:10:20Z
1011,1538
1537,"remez on MacOS 10.5.8, Python 2.5.4 (r254:67917), scipy-0.7.1-py2.5 (Trac #1010)",2013-04-25T17:18:39Z,
1010,1537
1536,vq.kmeans fails with error if large values in matrix (Trac #1009),2013-04-25T17:18:36Z,2013-04-25T17:18:38Z
1009,1536
1533,hilbert2 being slightly verbose (Trac #1006),2013-04-25T17:18:32Z,2013-04-25T17:18:32Z
1006,1533
1532,scipy.linalg.svd and scipy.linalg.qr choke at empty arrays (Trac #1005),2013-04-25T17:18:30Z,
1005,1532
1530,surfit_smth computes too small lwrk2 (Trac #1003),2013-04-25T17:18:27Z,2013-09-01T10:54:28Z
1003,1530
1529,scipy.integrate.newton_cotes: global name 'math' is not defined (Trac #1002),2013-04-25T17:18:25Z,2013-04-25T17:18:26Z
1002,1529
1528,Incorrect units for force in scipy.constants documentation (Trac #1001),2013-04-25T17:18:23Z,2013-04-25T17:18:24Z
1001,1528
1525,sparse diagonal matrix construct (Trac #998),2013-04-25T17:18:14Z,2013-04-25T17:18:15Z
998,1525
1524,scipy.sparse.dok_matrix is not resizable (Trac #997),2013-04-25T17:18:12Z,2013-04-25T17:18:13Z
997,1524
1522,"All scipy.constants.constants functions ""choke"" on non-array sequence input (Trac #995)",2013-04-25T17:18:06Z,2013-04-25T17:18:08Z
995,1522
1521,Weave relies on gcc extensions -> problems on VS2008 (Trac #994),2013-04-25T17:18:03Z,2016-10-19T21:10:31Z
994,1521
1520,optimize.leastsq working with float64 but not float32 data (Trac #993),2013-04-25T17:18:01Z,2013-04-25T17:18:02Z
993,1520
1519,scipy.stats.norm generates an error when given an array_like for scale argument (Trac #992),2013-04-25T17:17:59Z,2013-04-25T17:18:00Z
992,1519
1518,Sparse spmatrix equality test fails. (Trac #991),2013-04-25T17:17:58Z,2013-08-11T18:08:02Z
991,1518
1517,signal.zpk2tf can return a non-array denominator (Trac #990),2013-04-25T17:17:56Z,2013-04-25T17:17:57Z
990,1517
1516,scipy svn does not compile (Trac #989),2013-04-25T17:17:54Z,2013-04-25T17:17:55Z
989,1516
1515,locale and scipy.io (Trac #988),2013-04-25T17:17:52Z,2013-04-25T17:17:52Z
988,1515
1514,ImportError: No module named convolve (Trac #987),2013-04-25T17:17:49Z,2013-04-25T17:17:50Z
987,1514
1513,"binom_test(50, 100, 0.1) gives bogus results (Trac #986)",2013-04-25T17:17:47Z,2013-04-25T17:17:48Z
986,1513
1512,Problem with 1-D hilbert transform on N-D arrays (Trac #985),2013-04-25T17:17:45Z,2013-04-25T17:17:45Z
985,1512
1511,curve_fit does not work without shifting data. (Trac #984),2013-04-25T17:17:42Z,2013-04-25T17:17:43Z
984,1511
1509,scipy.io.wavfile write inconsistency (Trac #982),2013-04-25T17:17:40Z,2013-09-19T20:03:39Z
982,1509
1508,Riccati-Bessel functions are misspelled in the docs (Trac #981),2013-04-25T17:17:38Z,2013-04-25T17:17:38Z
981,1508
1507,scipy.signal waveform generators are not bandlimited (Trac #980),2013-04-25T17:17:36Z,
980,1507
1506,error on loading scipy.io (Trac #979),2013-04-25T17:17:34Z,2013-04-25T17:17:35Z
979,1506
1505,nbinom._ppf incorrect for n<1 at integer values (Trac #978),2013-04-25T17:17:32Z,2013-04-25T17:17:33Z
978,1505
1503,_fitpack._bispev memory crash (Trac #976),2013-04-25T17:17:29Z,2013-09-19T19:56:12Z
976,1503
1502,"special.gammaincinv(x,y) fails when y=0.25 (Trac #975)",2013-04-25T17:17:27Z,2013-04-25T17:17:28Z
975,1502
1501,Website: Mac OS X Numpy Source Install Instructions Out-Of-Date (Trac #974),2013-04-25T17:17:25Z,2013-04-25T17:17:26Z
974,1501
1500,stsci.convolve uses real FFT for both real and complex result (Trac #973),2013-04-25T17:17:23Z,2013-04-25T17:17:24Z
973,1500
1499,factorial2 docstring typo (Trac #972),2013-04-25T17:17:22Z,2013-04-25T17:17:22Z
972,1499
1498,docstring of freqz (Trac #971),2013-04-25T17:17:20Z,2013-04-25T17:17:20Z
971,1498
1497,signal.medfilt2d crashes under Windows for scipy 0.7 and above (Trac #970),2013-04-25T17:17:19Z,
970,1497
1496,segmentation fault at start. (Trac #969),2013-04-25T17:17:16Z,2013-04-25T17:17:17Z
969,1496
1495,pinv crashes under mac os x 10.5 on large underdetermined array (Trac #968),2013-04-25T17:17:14Z,2013-04-25T17:17:14Z
968,1495
1494,Segfault in scipy.cluster.hierarchy.linkage() due to memcpy (Trac #967),2013-04-25T17:17:12Z,2013-04-25T17:17:13Z
967,1494
1493,arff reader types ordering bug (Trac #966),2013-04-25T17:17:09Z,2013-04-25T17:17:10Z
966,1493
1492,special.smirnovi has discontinuity close to 1 (Trac #965),2013-04-25T17:17:08Z,
965,1492
1490,arpack.eigen gives incorrect result (Trac #963),2013-04-25T17:17:04Z,2013-04-25T17:17:05Z
963,1490
1489,truncnorm rvs() produces junk for ranges in the tail (Trac #962),2013-04-25T17:17:01Z,2013-05-19T21:51:08Z
962,1489
1487,scipy mac os x binary should not depend on gfortran (Trac #960),2013-04-25T17:16:58Z,2013-04-25T17:16:58Z
960,1487
1486,Scipy mac os x binary is not universal (Trac #959),2013-04-25T17:16:56Z,2013-04-25T17:16:57Z
959,1486
1485,2.6 binaries for windows (Trac #958),2013-04-25T17:16:55Z,2013-04-25T17:16:55Z
958,1485
1482,Inaccuracy in special.chndtr (Trac #955),2013-04-25T17:16:40Z,2013-04-25T17:16:41Z
955,1482
1481,ndimage.distance_transform_edt(False) Crashes (Trac #954),2013-04-25T17:16:38Z,2013-04-25T17:16:39Z
954,1481
1480,scipy.special test failures on mac os x (Trac #953),2013-04-25T17:16:32Z,2013-04-25T17:16:36Z
953,1480
1479,weave.blitz segfaults on nice-looking code (Trac #952),2013-04-25T17:16:30Z,2016-10-19T21:10:47Z
952,1479
1478,Website: The svn link on the weave documentation page is broken (Trac #951),2013-04-25T17:16:28Z,2013-04-25T17:16:29Z
951,1478
1476,Slow fft computation compared to fftw (Trac #949),2013-04-25T17:16:20Z,2013-04-25T17:16:23Z
949,1476
1475,fft of purely complex array with type complex256 array returns all zeros (Trac #948),2013-04-25T17:16:18Z,2013-04-25T17:16:19Z
948,1475
1474,wrong min max in stats.describe (Trac #947),2013-04-25T17:16:16Z,2013-04-25T17:16:17Z
947,1474
1473,cephes/isnan was broken by r5693 (Trac #946),2013-04-25T17:16:13Z,2013-04-25T17:16:15Z
946,1473
1471,[Ubuntu Jaunty]python-scipy install SyntaxWarning (Trac #944),2013-04-25T17:16:08Z,2013-04-25T17:16:09Z
944,1471
1468,'from scipy import linalg' fails (Trac #941),2013-04-25T17:16:03Z,2013-04-25T17:16:04Z
941,1468
1467,`drop_tol` not implemented in SuperLU (Trac #940),2013-04-25T17:16:01Z,2013-04-25T17:16:02Z
940,1467
1466,`tol` parameter wrong for isolve routines (Trac #939),2013-04-25T17:15:59Z,
939,1466
1463,Seg fault for singular matrices with splu (Trac #936),2013-04-25T17:15:53Z,2013-04-25T17:15:55Z
936,1463
1462,umfpack build issues and silencing import failures (Trac #935),2013-04-25T17:15:48Z,2013-04-25T17:15:52Z
935,1462
1461,distributions moment doesn't call argcheck (Trac #934),2013-04-25T17:15:46Z,2013-04-25T17:15:47Z
934,1461
1460,weave lacks option to set the compiler executable (Trac #933),2013-04-25T17:15:45Z,2016-10-19T21:10:56Z
933,1460
1459,Wiener filter docstring states about a median filter window (Trac #932),2013-04-25T17:15:43Z,2013-04-25T17:15:44Z
932,1459
1458,coding error in scipy.stats.boxcox (Trac #931),2013-04-25T17:15:41Z,2013-04-25T17:15:42Z
931,1458
1457,Segmentation fault in scipy.signal.lfilter (Trac #930),2013-04-25T17:15:40Z,2013-04-25T17:15:40Z
930,1457
1455,ellipord does returns bogus values if gstop or gpass are negative (Trac #928),2013-04-25T17:15:37Z,
928,1455
1454,ellipj segfaults for m=nan (Trac #927),2013-04-25T17:15:35Z,2013-04-25T17:15:36Z
927,1454
1453,Installation of Scipy 0.7 on xp sp3 failed due to wrong path (can not be editited) (Trac #926),2013-04-25T17:15:33Z,2013-04-25T17:15:34Z
926,1453
1452,lfilter segfaults for object arrays (Trac #925),2013-04-25T17:15:32Z,2013-04-25T17:15:32Z
925,1452
1451,Visual Studio 9.0 compile error (Trac #924),2013-04-25T17:15:30Z,2013-04-25T17:15:30Z
924,1451
1448,Fix orthogonal polynomial instability (Trac #921),2013-04-25T17:15:23Z,2013-04-25T17:15:24Z
921,1448
1447,leastsq fails for 32-bit numpy arrays (Trac #920),2013-04-25T17:15:20Z,2013-04-25T17:15:22Z
920,1447
1444,column slicing is broken for lilmatrix (Trac #917),2013-04-25T17:15:14Z,2013-04-25T17:15:15Z
917,1444
1443,Importing integration routine is not possible (Trac #916),2013-04-25T17:15:12Z,2013-04-25T17:15:13Z
916,1443
1442,-arch i686 command line arg triggers build failure on mac osx 10.5.6 intel (Trac #915),2013-04-25T17:15:10Z,2013-04-25T17:15:11Z
915,1442
1441,Incorrect value returned by hyp1f1() (Trac #914),2013-04-25T17:15:08Z,2013-04-25T17:15:09Z
914,1441
1440,stats._support.collapse is broken (Trac #913),2013-04-25T17:15:07Z,2013-09-20T18:53:45Z
913,1440
1439,scipy.signal.iirdesign segfaults in scipy 0.6.0 (Trac #912),2013-04-25T17:15:00Z,2013-04-25T17:15:05Z
912,1439
1438,lfilter leaks memory (Trac #911),2013-04-25T17:14:58Z,2013-04-25T17:14:58Z
911,1438
1437,Wrong pochhammer symbol for negative integers (Trac #910),2013-04-25T17:14:56Z,2013-09-02T08:44:26Z
910,1437
1436,Damaged PDFs (Trac #909),2013-04-25T17:14:55Z,2013-04-25T17:14:55Z
909,1436
1432,scipy.stats.mode extremely slow (Trac #905),2013-04-25T17:14:46Z,
905,1432
1426,"scipy.special.ndtr / ndtri broken under OSX, Python 2.6 (Trac #899)",2013-04-25T17:14:23Z,2013-04-25T17:14:27Z
899,1426
1425,bug with interp2d (Trac #898),2013-04-25T17:14:20Z,2013-04-25T17:14:22Z
898,1425
1424,Fix jacobian in test_minpack.TestFSolve and style fixes (Trac #897),2013-04-25T17:14:19Z,2013-04-25T17:14:19Z
897,1424
1423,freqs and freqz call matplotlib's plot function (Trac #896),2013-04-25T17:14:17Z,2013-04-25T17:14:18Z
896,1423
1418,Memory leaking (Trac #891),2013-04-25T17:14:03Z,2013-04-25T17:14:05Z
891,1418
1416,arpack.eigen gives wrong answer when k = 1 (Trac #889),2013-04-25T17:13:59Z,2013-04-25T17:14:00Z
889,1416
1414,stats.binom.ppf crashes (Trac #887),2013-04-25T17:13:56Z,2013-08-18T12:33:47Z
887,1414
1413,build_ext failure with PathScale Fortran compiler (Trac #886),2013-04-25T17:13:52Z,2013-04-25T17:13:55Z
886,1413
1412,io.loadmat and io.savemat fail with 0-length fields (Trac #885),2013-04-25T17:13:49Z,2013-04-25T17:13:50Z
885,1412
1411,Accumulator in `mean` for sparse matrices (Trac #884),2013-04-25T17:13:46Z,2013-04-25T17:13:47Z
884,1411
1410,Broken: scipy.io.mmread with scipy.sparse.lil_matrix (Trac #883),2013-04-25T17:13:45Z,2013-04-25T17:13:45Z
883,1410
1409,Outdated documentation on NumPy interaction (Trac #882),2013-04-25T17:13:43Z,2013-04-25T17:13:43Z
882,1409
1408,"Confusing duplicated functionality: splrep/splev, splmake/spleval (Trac #881)",2013-04-25T17:13:41Z,
881,1408
1407,scipy.signal.lfilter segfaults if zi is an empty array (Trac #880),2013-04-25T17:13:38Z,2013-04-25T17:13:40Z
880,1407
1406,stats.rayleigh().stats() reports incorrect mean (Trac #879),2013-04-25T17:13:37Z,2013-04-25T17:13:37Z
879,1406
1405,Depreciation of samplestd in scipy.stats (Trac #878),2013-04-25T17:13:35Z,2013-04-25T17:13:36Z
878,1405
1404,Depreciation of samplevar in scipy.stats (Trac #877),2013-04-25T17:13:33Z,2013-04-25T17:13:34Z
877,1404
1403,scipy.spatial.distance.sokalsneath raises a ZeroDivisionError (Trac #876),2013-04-25T17:13:32Z,2013-04-25T17:13:32Z
876,1403
1402,A large number of parameters causes update_guess in class simple_sa to run for a very long time. (Trac #875),2013-04-25T17:13:30Z,2015-01-04T12:30:14Z
875,1402
1401,incorrect slope standard error in stats.linregress (Trac #874),2013-04-25T17:13:28Z,2013-04-25T17:13:28Z
874,1401
1400,No tests for r5575 - endian fixes to wavfile (Trac #873),2013-04-25T17:13:25Z,2013-04-25T17:13:27Z
873,1400
1399,cholesky ignores option overwrite_a=True (Trac #872),2013-04-25T17:13:24Z,2013-04-25T17:13:24Z
872,1399
1398,bicgstab fails on Win32 (Trac #871),2013-04-25T17:13:21Z,2013-04-25T17:13:22Z
871,1398
1397,dok_matrix can't handle setting unset elements to zero (was: KDtree sparse distance matrix doesn't handle distance=0 case) (Trac #870),2013-04-25T17:13:19Z,2013-04-25T17:13:20Z
870,1397
1396,stats.invnorm.cdf returns NaNs with low mu values (Trac #869),2013-04-25T17:13:11Z,2013-04-25T17:13:18Z
869,1396
1395,segfault on incorrect index type in ndimage.measurements (Trac #868),2013-04-25T17:13:09Z,2013-09-20T18:48:49Z
868,1395
1394,scipy.stats.mstats.mquantiles - limit keyword produces unexpected results (Trac #867),2013-04-25T17:13:07Z,2013-04-25T17:13:08Z
867,1394
1393,cluster.kmeans2 has incorrect random init for 2 column data (Trac #866),2013-04-25T17:13:05Z,2013-04-25T17:13:06Z
866,1393
1392,Kendalltau divides by zero (Trac #865),2013-04-25T17:13:02Z,2013-04-25T17:13:04Z
865,1392
1391,Documentation for scipy.interpolate FITPACK interface is misleading (wrong?) (Trac #864),2013-04-25T17:13:00Z,2013-04-25T17:13:01Z
864,1391
1390,KeyError (Trac #863),2013-04-25T17:12:58Z,2013-04-25T17:12:58Z
863,1390
1389,ERROR: Testing that kmeans2 init methods work. (Trac #862),2013-04-25T17:12:57Z,2013-04-25T17:12:57Z
862,1389
1388,The progress table printed by sp.integrate.romberg shows the wrong step size (Trac #861),2013-04-25T17:12:55Z,2013-04-25T17:12:55Z
861,1388
1387,Ridder's method undercounts function evaluations (Trac #860),2013-04-25T17:12:53Z,2013-04-25T17:12:53Z
860,1387
1386,spatial.distance.squareform - arg 'force' behaves inconsistently (Trac #859),2013-04-25T17:12:51Z,2013-04-25T17:12:52Z
859,1386
1384,spsolve doesn't work for large dimensions (Trac #857),2013-04-25T17:12:43Z,2013-04-25T17:12:46Z
857,1384
1382,Python2.6 test_add_function_ordered Key error (Trac #855),2013-04-25T17:12:38Z,2013-04-25T17:12:40Z
855,1382
1381,"special.jv, yv etc. return 0 when they should return nan (Trac #854)",2013-04-25T17:12:37Z,2013-04-25T17:12:37Z
854,1381
1380,scipy.special.jv incorrect values for complex x & negative non-integer order (Trac #853),2013-04-25T17:12:35Z,2013-04-25T17:12:36Z
853,1380
1379,special.jn_zeros numerical errors for large s (Trac #852),2013-04-25T17:12:33Z,2013-04-25T17:12:33Z
852,1379
1378,scipy.special.kn issues for large n (Trac #851),2013-04-25T17:12:31Z,2013-05-06T21:36:55Z
851,1378
1377,loadmat returns arrays of different shape than 0.6.0 (Trac #850),2013-04-25T17:12:29Z,2013-04-25T17:12:30Z
850,1377
1376,Cephes Bessel I overflows unnecessarily early (Trac #849),2013-04-25T17:12:22Z,2013-04-25T17:12:28Z
849,1376
1375,sparse.linalg.eigen.arpack.eigen Seg. Faults (Trac #848),2013-04-25T17:12:14Z,2013-04-25T17:12:16Z
848,1375
1374,importing scipy.io is slow (Trac #847),2013-04-25T17:12:12Z,2013-04-25T17:12:13Z
847,1374
1370,fmin_bfgs inconsistent with other optimizers while handling 2+D matrices (Trac #843),2013-04-25T17:12:03Z,2013-04-25T17:12:04Z
843,1370
1369,sparse.linalg.isolve failures on windows (Trac #842),2013-04-25T17:12:02Z,2013-04-25T17:12:02Z
842,1369
1368,ImportError: No module named convolve (Trac #841),2013-04-25T17:12:00Z,2013-04-25T17:12:01Z
841,1368
1367,Potential subtractive cancellation bug in scipy/interpolate/Rbf.py (Trac #840),2013-04-25T17:11:57Z,2013-04-25T17:11:59Z
840,1367
1366,Implement bilateral filtering (Trac #839),2013-04-25T17:11:55Z,2013-04-25T17:11:56Z
839,1366
1363,scons build produces buggy scipy (Trac #836),2013-04-25T17:11:50Z,2013-04-25T17:11:51Z
836,1363
1362,nan propagation in stats.distribution (Trac #835),2013-04-25T17:11:46Z,2013-04-25T17:11:49Z
835,1362
1361,exp1 strange behavior near negative integer values (Trac #834),2013-04-25T17:11:44Z,2013-04-25T17:11:45Z
834,1361
1358,get_window should allow specification of the chebwin window (Trac #831),2013-04-25T17:11:39Z,2013-04-25T17:11:40Z
831,1358
1357,firwin docstring suggestion (Trac #830),2013-04-25T17:11:37Z,2013-04-25T17:11:38Z
830,1357
1356,Python2.6 issue in test_implicit (test_odr.TestODR) (Trac #829),2013-04-25T17:11:34Z,2013-04-25T17:11:36Z
829,1356
1355,Locale issues in scipy.io.mmio (Trac #828),2013-04-25T17:11:31Z,2013-04-25T17:11:32Z
828,1355
1354,ValueError: total size of new array must be unchanged (Trac #827),2013-04-25T17:11:30Z,2013-04-25T17:11:30Z
827,1354
1353,Multiplication of sparse arrays completely wrong (Trac #826),2013-04-25T17:11:27Z,2013-04-25T17:11:28Z
826,1353
1352,`scipy.sparse.eye` inconsistent with `numpy.eye` (Trac #825),2013-04-25T17:11:25Z,2013-04-25T17:11:26Z
825,1352
1351,ndimage.histogram is broken for Scipy v0.6 (Fedora 10) (Trac #824),2013-04-25T17:11:22Z,2013-04-25T17:11:24Z
824,1351
1350,betainc function in scipy.special (Trac #823),2013-04-25T17:11:20Z,2013-04-25T17:11:21Z
823,1350
1349,stats.spearmanr has incorrect tie handling (Trac #822),2013-04-25T17:11:19Z,2013-04-25T17:11:19Z
822,1349
1348,RuntimeError: more argument specifiers than keyword list entries (Trac #821),2013-04-25T17:11:16Z,2013-04-25T17:11:17Z
821,1348
1344,[build failure][easy_install] swig is not told to find umfpack*.h in /usr/include/suitesparse (Trac #817),2013-04-25T17:11:08Z,2013-04-25T17:11:09Z
817,1344
1343,Infinite loop in ARPACK test (Trac #816),2013-04-25T17:11:06Z,2013-04-25T17:11:07Z
816,1343
1342,Infinite loop in ARPACK test (Trac #815),2013-04-25T17:11:03Z,2013-04-25T17:11:05Z
815,1342
1341,scipy.odr: Valgrind errors (Trac #814),2013-04-25T17:11:02Z,2013-08-18T16:23:10Z
814,1341
1340,scipy.ndimage.morphology.*  crash when invalid origin is specified. (Trac #813),2013-04-25T17:11:00Z,
813,1340
1339,Unifying numpy.linalg and scipy.linalg exceptions for NaN inputs (Trac #812),2013-04-25T17:10:59Z,
812,1339
1336,"windows, weave.inline and empty spaces in library paths (Trac #809)",2013-04-25T17:10:55Z,2016-10-19T21:11:05Z
809,1336
1331,local variable 'mm' referenced before assignment in special.lqmn (Trac #804),2013-04-25T17:10:45Z,2013-04-25T17:10:46Z
804,1331
1330,pbdv produces invalid output (Trac #803),2013-04-25T17:10:42Z,2013-04-25T17:10:44Z
803,1330
1329,problems with skew and kurtosis for some distributions (Trac #802),2013-04-25T17:10:40Z,2013-10-12T14:17:18Z
802,1329
1328,easy_install of 0.7b1 fails on OS X 10.5 (Trac #801),2013-04-25T17:10:37Z,2013-04-25T17:10:39Z
801,1328
1327,numpy's test_poly1d_nan_roots is broken if scipy.linalg is imported (Trac #800),2013-04-25T17:10:35Z,2013-04-25T17:10:36Z
800,1327
1326,Intel64 --compiler=intelem sets incorrect compiler options (Trac #799),2013-04-25T17:10:33Z,2013-04-25T17:10:34Z
799,1326
1324,"_cephesmodule.o"" failed with exit status 1 (Trac #797)",2013-04-25T17:10:30Z,2013-04-25T17:10:31Z
797,1324
1323,ndimage.shift destroys data from edges (Trac #796),2013-04-25T17:10:28Z,
796,1323
1322,** On entry to CSTEGR parameter number 17 had an illegal value (Trac #795),2013-04-25T17:10:25Z,2013-04-25T17:10:26Z
795,1322
1321,linalg.eig segmentation fault on unpickled arrays (Trac #794),2013-04-25T17:10:17Z,2013-04-25T17:10:24Z
794,1321
1319,func in scipy.integrate.ode has different signature with respect to scipy.integrate.odeint (Trac #792),2013-04-25T17:10:12Z,2013-04-25T17:10:13Z
792,1319
1318,optimize.broyden* termination conditions (Trac #791),2013-04-25T17:10:08Z,2013-04-25T17:10:11Z
791,1318
1317,Missed gfortran library when linking umfpack (Trac #790),2013-04-25T17:10:04Z,2013-04-25T17:10:07Z
790,1317
1316,Memory error interpolate.sproot (Trac #789),2013-04-25T17:10:02Z,2013-04-25T17:10:03Z
789,1316
1315,RuntimeError: maximum recursion depth exceeded (Trac #788),2013-04-25T17:10:00Z,2013-04-25T17:10:01Z
788,1315
1314,"Spurious inf from scipy.special.hyp1f1(0, -k, z) (Trac #787)",2013-04-25T17:09:59Z,2013-09-09T18:14:30Z
787,1314
1313,scipy.stats problems on 64 bits python 2.4 (cython) (Trac #786),2013-04-25T17:09:58Z,2013-04-25T17:09:58Z
786,1313
1312,scipy.spatial problem for 64 bits python2.4 (Trac #785),2013-04-25T17:09:56Z,2013-04-25T17:09:56Z
785,1312
1311,cluster.hierarchy.maxRstat() throws AttributeError (Trac #784),2013-04-25T17:09:54Z,2013-04-25T17:09:55Z
784,1311
1310,"bisplrep segfault with kx=3, ky=3, s=0 (Trac #783)",2013-04-25T17:09:51Z,2013-08-07T20:34:57Z
783,1310
1309,cluster.hierarchy.fcluster() returns strange results (Trac #782),2013-04-25T17:09:50Z,2013-04-25T17:09:50Z
782,1309
1308,Cluster.hierarchy.fclusterdata() problem (Trac #781),2013-04-25T17:09:48Z,2013-04-25T17:09:48Z
781,1308
1307,Typo in scipy.cluster.hierarchy.inconsistent doc (Trac #780),2013-04-25T17:09:45Z,2013-04-25T17:09:46Z
780,1307
1306,ValueError: Buffer datatype mismatch (rejecting on 'l') (Trac #779),2013-04-25T17:09:43Z,2013-04-25T17:09:44Z
779,1306
1305,io.mmio and cluster.vq tests fail on non-English locale (Trac #778),2013-04-25T17:09:36Z,2013-04-25T17:09:42Z
778,1305
1304,Lapack failures on 32-bit Ubuntu atlas-sse (Trac #777),2013-04-25T17:09:34Z,2013-04-25T17:09:35Z
777,1304
1303,Segmentation fault in interpolate.interp2d for too many data points (Trac #776),2013-04-25T17:09:31Z,2013-08-07T13:34:33Z
776,1303
1302,Recent ARPACK changes break scipy build (Trac #775),2013-04-25T17:09:29Z,2013-04-25T17:09:30Z
775,1302
1301,consolidate multipack.h from interpolate and integrate packages (Trac #774),2013-04-25T17:09:27Z,
774,1301
1300,interp1d kind='nearest' does not do nearest-neighbour interpolation (Trac #773),2013-04-25T17:09:25Z,2013-04-25T17:09:25Z
773,1300
1299,"interpolate.Rbf: for 'gaussian' mode, the epsilon parameter is reciprocal (Trac #772)",2013-04-25T17:09:23Z,2013-04-25T17:09:24Z
772,1299
1298,scipy.stats.skew returns a 0-dim ndarray for a 1-d vector (Trac #771),2013-04-25T17:09:21Z,2013-04-25T17:09:22Z
771,1298
1297,"cdf, pdf formulas of general exponential are wrong (Trac #770)",2013-04-25T17:09:19Z,2013-04-25T17:09:20Z
770,1297
1296,"scipy.stats.distributions.genextreme.pdf return nan for x=1 and c=1, which is wrong. (Trac #769)",2013-04-25T17:09:17Z,2013-04-25T17:09:18Z
769,1296
1292,interpolate.Rbf: should accept array-like input (Trac #765),2013-04-25T17:09:06Z,2013-04-25T17:09:07Z
765,1292
1291,interpolate.Rbf: docstring is inaccurate (Trac #764),2013-04-25T17:09:03Z,2013-04-25T17:09:04Z
764,1291
1289,interpolate.Rbf: 'thin-plate' spline interpolation does not work (Trac #762),2013-04-25T17:08:59Z,2013-04-25T17:09:00Z
762,1289
1288,__doc__ for stats.distribution: changeset:4681 removed individualized docs (Trac #761),2013-04-25T17:08:57Z,2013-04-25T17:08:57Z
761,1288
1287,stats.median ignores axis argument with numpy >= 1.2 (Trac #760),2013-04-25T17:08:55Z,2013-04-25T17:08:56Z
760,1287
1286,errors in special.hyp2f1 for some values as used in stats.rdist (Trac #759),2013-04-25T17:08:52Z,2013-04-25T17:08:54Z
759,1286
1284,Incorrect docstring for scipy.stats.recipinvgauss (Trac #757),2013-04-25T17:08:47Z,2013-04-25T17:08:47Z
757,1284
1283,gausspulse error (string_without_format%expr) (Trac #756),2013-04-25T17:08:45Z,2013-04-25T17:08:45Z
756,1283
1282,dok_matrix ctor problems (Trac #755),2013-04-25T17:08:42Z,2013-04-25T17:08:43Z
755,1282
1281,"scipy.sparse: coo_matrix.tocsr,coo_matrix.tocsc ignore sum_duplicates (Trac #754)",2013-04-25T17:08:39Z,2013-04-25T17:08:40Z
754,1281
1279,"Matlab io tests broken, now disabled (Trac #752)",2013-04-25T17:08:35Z,2013-04-25T17:08:36Z
752,1279
1278,"Matlab io tests broken, now disabled (Trac #751)",2013-04-25T17:08:34Z,2013-04-25T17:08:34Z
751,1278
1277,"Bessel function jn(3, 4) inaccurate (Trac #750)",2013-04-25T17:08:31Z,2013-04-25T17:08:33Z
750,1277
1276,scipy.stats.vonmises.cdf broken for large b (Trac #749),2013-04-25T17:08:30Z,2013-04-25T17:08:30Z
749,1276
1275,scipy.stats.vonmises.pdf has discontinuous (and inaccurate) behaviour (Trac #748),2013-04-25T17:08:28Z,2013-04-25T17:08:28Z
748,1275
1274,scipy.stats.vonmises not tested (Trac #747),2013-04-25T17:08:27Z,2013-04-25T17:08:27Z
747,1274
1273,"Scipy 0.6.0 release is missing setup,py files for stsci (Trac #746)",2013-04-25T17:08:25Z,2013-04-25T17:08:25Z
746,1273
1272,scipy.stats.distribution - tests and bugfixes (Trac #745),2013-04-25T17:08:06Z,2013-04-25T17:08:23Z
745,1272
1271,Bug in scipy.io.wavfile on PPC architecture (Trac #744),2013-04-25T17:08:04Z,2013-04-25T17:08:05Z
744,1271
1270,"[patch] read/write v5 .mat files with structs, cell arrays, objects, or function handles (Trac #743)",2013-04-25T17:07:57Z,2013-04-25T17:08:02Z
743,1270
1269,scipy.ndimage.label  crash on 64-bit linux (Trac #742),2013-04-25T17:07:51Z,2013-04-25T17:07:56Z
742,1269
1268,Importing scipy.cluster raises a RuntimeError caused by pylab (Trac #741),2013-04-25T17:07:48Z,2013-04-25T17:07:49Z
741,1268
1267,nanmedian is really slow if shape[axis] is small (Trac #740),2013-04-25T17:07:46Z,2016-01-03T11:50:21Z
740,1267
1266,scipy.weave.converters.blitz fails with g++4.3 (Trac #739),2013-04-25T17:07:42Z,2016-10-19T21:11:15Z
739,1266
1265,Illegal Instruction (Trac #738),2013-04-25T17:07:38Z,2013-04-25T17:07:41Z
738,1265
1264,gammaln valid range is incorrect (Trac #737),2013-04-25T17:07:35Z,2013-04-25T17:07:36Z
737,1264
1263,ERROR: test_mio.test_gzip_simple (Trac #736),2013-04-25T17:07:33Z,2013-04-25T17:07:34Z
736,1263
1262,revision 4692 fails to build with Python-2.6b3 (Trac #735),2013-04-25T17:07:31Z,2013-04-25T17:07:32Z
735,1262
1261,errors in fmin_bfgs and some improvements (Trac #734),2013-04-25T17:07:26Z,
734,1261
1260,Implement dct (Trac #733),2013-04-25T17:07:22Z,2013-04-25T17:07:24Z
733,1260
1259,zero matrix dimensions not supported by lil_matrix (Trac #732),2013-04-25T17:07:19Z,2013-04-25T17:07:20Z
732,1259
1258,Strange subclassing behavior for `UnivariateSpline` (Trac #731),2013-04-25T17:07:17Z,2013-04-25T17:07:18Z
731,1258
1256,SciPy not compatible with python -OO (Trac #729),2013-04-25T17:07:10Z,2013-04-25T17:07:12Z
729,1256
1255,"maxiter broken for Scipy.sparse.linalg  gmres, in addition to no ability to track convergence (Trac #728)",2013-04-25T17:07:07Z,
728,1255
1252,arpack problem on mac os x (Trac #725),2013-04-25T17:06:58Z,2013-04-25T17:07:02Z
725,1252
1250,scipy.interpolate still uses old numeric api (Trac #723),2013-04-25T17:06:51Z,2013-04-25T17:06:54Z
723,1250
1249,"Matlab IO v5 does not use ""small data element"" format for short elements (Trac #722)",2013-04-25T17:06:49Z,2013-04-25T17:06:50Z
722,1249
1248,FAIL: test_namespace (test_formula.TestFormula) (Trac #721),2013-04-25T17:06:48Z,2013-04-25T17:06:48Z
721,1248
1246,FAIL: Tests the cov function. (Trac #719),2013-04-25T17:06:44Z,2013-04-25T17:06:45Z
719,1246
1245,ERROR: test_MADaxes (test_scale.TestScale) (Trac #718),2013-04-25T17:06:42Z,2013-04-25T17:06:43Z
718,1245
1244,Segmentation fault with scipy.tile (Trac #717),2013-04-25T17:06:40Z,2013-04-25T17:06:41Z
717,1244
1243,Segmentation fault with scipy.clip (Trac #716),2013-04-25T17:06:38Z,2013-04-25T17:06:39Z
716,1243
1242,Segmentation fault with scipy.object0 (Trac #715),2013-04-25T17:06:34Z,2013-04-25T17:06:37Z
715,1242
1241,Bug in stats.scoreatpercentile() (Trac #714),2013-04-25T17:06:32Z,2013-04-25T17:06:32Z
714,1241
1239,scipy.cluster.distance.pdist's Canberra distance broken (Trac #712),2013-04-25T17:06:26Z,2013-04-25T17:06:27Z
712,1239
1238,scipy.cluster.distance.pdist's Canberra distance broken (Trac #711),2013-04-25T17:06:24Z,2013-04-25T17:06:25Z
711,1238
1237,possible CPU-optimisation conflict (Trac #710),2013-04-25T17:06:21Z,2013-04-25T17:06:22Z
710,1237
1236,ValueError: array dimensions are not compatible for copy (Trac #709),2013-04-25T17:06:14Z,2013-04-25T17:06:19Z
709,1236
1235,_minpack._lmdif writes to debug to stdout (Trac #708),2013-04-25T17:06:09Z,2013-04-25T17:06:12Z
708,1235
1234,Scipy build fails at sparsetools (Trac #707),2013-04-25T17:06:07Z,2013-04-25T17:06:08Z
707,1234
1233,Scipy build fails at sparsetools (Trac #706),2013-04-25T17:06:04Z,2013-04-25T17:06:05Z
706,1233
1231,cho_factor docstring is wrong (Trac #704),2013-04-25T17:05:59Z,2013-04-25T17:06:01Z
704,1231
1230,interpolate.interp2d does not accept rectangular domains (Trac #703),2013-04-25T17:05:57Z,2013-04-25T17:05:58Z
703,1230
1229,"ndimage.generic_filter does not handle scalar ""size"" parameter (Trac #702)",2013-04-25T17:05:56Z,2013-04-25T17:05:56Z
702,1229
1228,error in ndimage.generic_filter() with size keyword (Trac #701),2013-04-25T17:05:53Z,2013-04-25T17:05:55Z
701,1228
1227,[test-case][patch] scipy.sum(a) is broken for anything with wrong a.sum() signature. (Trac #700),2013-04-25T17:05:52Z,2013-04-25T17:05:52Z
700,1227
1226,ndimage.morphology (Trac #699),2013-04-25T17:05:50Z,2013-04-25T17:05:50Z
699,1226
1225,SciPy import error on Solaris 9. (Trac #698),2013-04-25T17:05:48Z,2013-08-07T17:04:37Z
698,1225
1224,Negative Binomial Calculation Error (Trac #697),2013-04-25T17:05:46Z,2013-04-25T17:05:47Z
697,1224
1223,Internal Error: printf is broken (Trac #696),2013-04-25T17:05:37Z,2013-04-25T17:05:44Z
696,1223
1221,Infinite loop triggered by scipy.io.mmio tests in presence of pygtk (Trac #694),2013-04-25T17:05:33Z,2013-04-25T17:05:34Z
694,1221
1218,Valgrind warnings (@4475) (Trac #691),2013-04-25T17:05:27Z,2013-09-20T19:15:02Z
691,1218
1217,weave test depends on wx (Trac #690),2013-04-25T17:05:25Z,2013-04-25T17:05:26Z
690,1217
1216,weave.inline fails to detect gcc version (Trac #689),2013-04-25T17:05:23Z,2013-04-25T17:05:24Z
689,1216
1213,Sandbox RBF (radial basis function interpolation) gausian function fails (Trac #686),2013-04-25T17:05:17Z,2013-04-25T17:05:19Z
686,1213
1211,.flat reorders array data (Trac #684),2013-04-25T17:05:14Z,2013-04-25T17:05:15Z
684,1211
1210,scipy.special.erf has significant errors just within its switchover radius (Trac #683),2013-04-25T17:05:12Z,2013-04-25T17:05:13Z
683,1210
1209,scipy.io loadmat fails on gzip stream (Trac #682),2013-04-25T17:05:09Z,2013-04-25T17:05:11Z
682,1209
1208,scipy.io.array_import.ascii_stream.__del__() refers to non-existent attribute (Trac #681),2013-04-25T17:05:02Z,2013-04-25T17:05:03Z
681,1208
1207,Cannot multiply sparse matrix by a dense matrix. (Trac #680),2013-04-25T17:05:01Z,2013-04-25T17:05:01Z
680,1207
1206,struve function has discontinuity (Trac #679),2013-04-25T17:04:58Z,2013-04-25T17:04:59Z
679,1206
1205,scipy.test failure with mkl/cdft (Trac #678),2013-04-25T17:04:54Z,2013-04-25T17:04:56Z
678,1205
1204,Analytic signal labeled as hilbert transform (Trac #677),2013-04-25T17:04:51Z,2013-04-25T17:04:52Z
677,1204
1203,solveh_banded broken -- takes data column wise (Trac #676),2013-04-25T17:04:48Z,2013-04-25T17:04:50Z
676,1203
1198,"Bug in module sparsetools, file complex_ops.h (Trac #671)",2013-04-25T17:04:39Z,2013-04-25T17:04:39Z
671,1198
1197,SEGFAULT when attempting to use arrays as indices into multi-dimensional arrays (Trac #670),2013-04-25T17:04:36Z,2013-04-25T17:04:37Z
670,1197
1194,scipy.linalg.toeplitz complex numbers warning (Trac #667),2013-04-25T17:04:28Z,2013-04-25T17:04:32Z
667,1194
1193,"scipy.sparse.linalg.cg ""info"" error report incorrect (Trac #666)",2013-04-25T17:04:26Z,2013-04-25T17:04:27Z
666,1193
1192,Fix warnings in weave compilation due to missing const (Trac #665),2013-04-25T17:04:24Z,2013-04-25T17:04:25Z
665,1192
1191,Fix warnings in weave compilation due to missing const (Trac #664),2013-04-25T17:04:22Z,2013-04-25T17:04:23Z
664,1191
1190,"Fix warnings in weave compilation due to missing ""const""s (Trac #663)",2013-04-25T17:04:21Z,2013-04-25T17:04:21Z
663,1190
1189,"Fix warnings in weave compilation due to missing ""const""s (Trac #662)",2013-04-25T17:04:19Z,2013-04-25T17:04:20Z
662,1189
1188,cPickle protocol 2 fails for sparse.dok_matrix (Trac #661),2013-04-25T17:04:18Z,
661,1188
1187,interp1d - wrong shaping behaviour (Trac #660),2013-04-25T17:04:15Z,2013-04-25T17:04:16Z
660,1187
1186,hyperg is wrong for large negative x (Trac #659),2013-04-25T17:04:13Z,2013-04-25T17:04:14Z
659,1186
1184,Weave incorrectly assumes PyStrings are NUL-terminated (Trac #657),2013-04-25T17:04:10Z,2016-10-19T21:11:36Z
657,1184
1183,numpy.sort sometimes doesn't handle strings right (Trac #656),2013-04-25T17:04:08Z,2013-04-25T17:04:08Z
656,1183
1182,gammaincinv never ends (Trac #655),2013-04-25T17:04:06Z,2013-04-25T17:04:07Z
655,1182
1181,Visual studio refuses to compile Segmenter_IMPL.c (Trac #654),2013-04-25T17:04:03Z,2013-04-25T17:04:04Z
654,1181
1180,global name 'Mat5CellWriter' is not defined (Trac #653),2013-04-25T17:04:01Z,2013-04-25T17:04:02Z
653,1180
1173,TypeError: data type not understood (Trac #646),2013-04-25T17:03:43Z,2013-04-25T17:03:43Z
646,1173
1172,FAIL: test_gammaincinv (test_basic.TestGamma) (Trac #645),2013-04-25T17:03:40Z,2013-04-25T17:03:41Z
645,1172
1171,No documentation for which integrators that is available in integrate.ode (Trac #644),2013-04-25T17:03:38Z,2013-04-25T17:03:38Z
644,1171
1170,scipy.ndimage.zoom fails with pre-allocated output arrays (Trac #643),2013-04-25T17:03:35Z,2013-04-25T17:03:36Z
643,1170
1169,number of function evaluation for leastsq (Trac #642),2013-04-25T17:03:34Z,2013-04-25T17:03:34Z
642,1169
1168,number of function evaluation for leastsq (Trac #641),2013-04-25T17:03:32Z,
641,1168
1167,special package numerical errors (Trac #640),2013-04-25T17:03:29Z,2013-04-25T17:03:31Z
640,1167
1165,Wrong __name__ attribute for some numpy types (Trac #638),2013-04-25T17:03:26Z,2013-04-25T17:03:26Z
638,1165
1164,"[patch] scipy.optimize.leastsq() unit tests, including one revealing a bug (Trac #637)",2013-04-25T17:03:23Z,2013-04-25T17:03:25Z
637,1164
1163,[patch] scipy.optimize.leastsq docstring fixes (Trac #636),2013-04-25T17:03:21Z,2013-04-25T17:03:22Z
636,1163
1160,scipy.stats.model setup script should not try to import scipy (Trac #633),2013-04-25T17:03:14Z,2013-04-25T17:03:15Z
633,1160
1158,Bug(s) in scipy.stats (Trac #631),2013-04-25T17:03:08Z,2013-04-25T17:03:09Z
631,1158
1156,Pb with scipy.interpolate.spalde and numpy.float64 (Trac #629),2013-04-25T17:03:00Z,2013-04-25T17:03:02Z
629,1156
1154,f2py from numpy 1.0.5 on OSX 10.4.11/QuadPPC  fails with undefined symbols (Trac #627),2013-04-25T17:02:54Z,2013-04-25T17:02:56Z
627,1154
1153,Import problem in scipy.interpolate.lagrange (Trac #626),2013-04-25T17:02:52Z,2013-04-25T17:02:53Z
626,1153
1152,No array function equivalent to matrix ** [PATCH] (Trac #625),2013-04-25T17:02:50Z,2013-04-25T17:02:51Z
625,1152
1151,optimize.fminbound gives wrong result (Trac #624),2013-04-25T17:02:47Z,2013-04-25T17:02:48Z
624,1151
1150,scipy.special.jv incorrect for certain argument(s) (Trac #623),2013-04-25T17:02:41Z,2013-04-25T17:02:46Z
623,1150
1149,Importing scipy from its source tree should return a more meaningful error message (Trac #622),2013-04-25T17:02:39Z,2013-04-25T17:02:39Z
622,1149
1148,test_segment.py NameError: global name 'sobel' is not defined (Trac #621),2013-04-25T17:02:37Z,2013-04-25T17:02:37Z
621,1148
1147,scipy.stats.distributions.binom.pmf returns incorrect values (Trac #620),2013-04-25T17:02:33Z,2013-08-07T16:56:09Z
620,1147
1146,can't import stats (Trac #619),2013-04-25T17:02:29Z,2013-04-25T17:02:31Z
619,1146
1145,scipy.linalg.cholesky ignores overwright_a=0 if a is numpy.matrix (Trac #618),2013-04-25T17:02:27Z,2013-04-25T17:02:28Z
618,1145
1144,leastsq fails if col_deriv=0 (Trac #617),2013-04-25T17:02:24Z,2013-04-25T17:02:25Z
617,1144
1143,scipy.test fails during sparse tools test. (Trac #616),2013-04-25T17:02:21Z,2013-04-25T17:02:23Z
616,1143
1140,fromfile (binary) double free or corruption (Trac #613),2013-04-25T17:02:04Z,2013-04-25T17:02:05Z
613,1140
1138,ValueError: list.index(x): x not in list (Trac #611),2013-04-25T17:01:57Z,2013-04-25T17:01:58Z
611,1138
1136,Transposed array cannot be reshaped without a copy (Trac #609),2013-04-25T17:01:53Z,2013-04-25T17:01:54Z
609,1136
1134,Compilation of SciPy 0.6.0 on AMD64 Phenom fails (Trac #607),2013-04-25T17:01:46Z,2013-04-25T17:01:48Z
607,1134
1133,NameError: global name 'numpy' is not defined (Trac #606),2013-04-25T17:01:43Z,2013-04-25T17:01:44Z
606,1133
1132,"pylab issuing a ""reset"" to IPython (or Idle) when trying to print a histogram title with the char "">"" in it (Trac #605)",2013-04-25T17:01:40Z,2013-04-25T17:01:41Z
605,1132
1130,error importing scipy.linalg - problem with @deprecate decorator? (Trac #603),2013-04-25T17:01:34Z,2013-04-25T17:01:35Z
603,1130
1128,"weave does not work with numpy arrays of dtype=""O"" (Trac #601)",2013-04-25T17:01:29Z,2016-10-19T21:11:45Z
601,1128
1127,fitpack2.py __call__() does not preserve input arguments shape. (Trac #600),2013-04-25T17:01:27Z,2013-04-25T17:01:28Z
600,1127
1126,unused code in ndimage.generate_binary_structure() (Trac #599),2013-04-25T17:01:24Z,2013-04-25T17:01:25Z
599,1126
1125,"Function parameters overwritten and state not set in anneal.py, if T0=None (Trac #598)",2013-04-25T17:01:21Z,2013-04-25T17:01:23Z
598,1125
1122,scipy.signal.fftconvolve can not return complex results because of bug (Trac #595),2013-04-25T17:01:12Z,2013-04-25T17:01:14Z
595,1122
1121,docstring in scipy.stats.kurtosis is wrong (Trac #594),2013-04-25T17:01:10Z,2013-04-25T17:01:11Z
594,1121
1120,"flapack.error: ((lwork==-1) || (lwork>=MAX(1,8*n))) failed for 3rd keyword lwork (Trac #593)",2013-04-25T17:01:02Z,2013-04-25T17:01:09Z
593,1120
1119,"Bug in Numpy version 1.0.4, at line 154 in file ""function_base.py"". (Trac #592)",2013-04-25T17:00:59Z,2013-04-25T17:01:00Z
592,1119
1118,scikits delaunay (Trac #591),2013-04-25T17:00:56Z,2013-04-25T17:00:58Z
591,1118
1117,sparse.lil_matrix fails on save (Trac #590),2013-04-25T17:00:53Z,2013-04-25T17:00:55Z
590,1117
1116,Namespace error in sandbox.timeseries (Trac #589),2013-04-25T17:00:51Z,2013-04-25T17:00:52Z
589,1116
1115,NameError: global name 'all' is not defined (Trac #588),2013-04-25T17:00:47Z,2013-04-25T17:00:49Z
588,1115
1114,TypeError: only length-1 arrays can be converted to Python scalars (Trac #587),2013-04-25T17:00:42Z,2013-04-25T17:00:45Z
587,1114
1113,ImportError: cannot import name _bspline (Trac #586),2013-04-25T17:00:40Z,2013-04-25T17:00:41Z
586,1113
1112,scipy.linalg.pinv() returns array when input is matrix (Trac #585),2013-04-25T17:00:38Z,
585,1112
1111,ERROR: Failure: RuntimeError (Could not locate wxPython base directory (Trac #584),2013-04-25T17:00:35Z,2013-04-25T17:00:36Z
584,1111
1110,negative binomial fails with 0 < r < 1 (Trac #583),2013-04-25T17:00:33Z,2013-04-25T17:00:34Z
583,1110
1108,chebwin improvement: use the Chebyshev polynomial (Trac #581),2013-04-25T17:00:28Z,2013-04-25T17:00:30Z
581,1108
1107,"betaincinvb not actually in scipy.special, but in documentation (Trac #580)",2013-04-25T17:00:25Z,2013-04-25T17:00:27Z
580,1107
1106,"Syntax errors in pickler.py,mmio.py,array_import.py (Trac #579)",2013-04-25T17:00:21Z,2013-04-25T17:00:22Z
579,1106
1105,ERROR: check_count_blocks (scipy.sparse.tests.test_spfuncs.TestSparseFunctions) (Trac #578),2013-04-25T17:00:16Z,2013-04-25T17:00:20Z
578,1105
1104,Problem with step function in signal.scipy.ltisys.py (Trac #577),2013-04-25T17:00:11Z,2016-01-03T11:21:06Z
577,1104
1103,Typo in mmio.py (Trac #576),2013-04-25T17:00:03Z,2013-04-25T17:00:08Z
576,1103
1102,KeyError: 'float96'  r3751 (Trac #575),2013-04-25T17:00:01Z,2013-04-25T17:00:02Z
575,1102
1101,problem with (numpy) pinv on windows (Trac #574),2013-04-25T16:59:58Z,2013-04-25T16:59:59Z
574,1101
1099,FAIL: scipy.optimize.tests.test_slsqp.TestSLSQP (Trac #572),2013-04-25T16:59:53Z,2013-04-25T16:59:54Z
572,1099
1098,from scipy import *  ->>> ImportError: cannot import name cscmux (Trac #571),2013-04-25T16:59:50Z,2013-04-25T16:59:52Z
571,1098
1096,"function jn_zeros only returns ""Illegal instruction"" (Trac #569)",2013-04-25T16:59:45Z,2013-04-25T16:59:46Z
569,1096
1095,scipy.io.array_import crashes when first requested line index is too high (Trac #568),2013-04-25T16:59:42Z,2013-04-25T16:59:44Z
568,1095
1094,Severe nan bug in stats.norm.cdf (Trac #567),2013-04-25T16:59:40Z,2013-04-25T16:59:41Z
567,1094
1090,windows: read_array only works with filename string (Trac #563),2013-04-25T16:59:28Z,2013-04-25T16:59:29Z
563,1090
1088,Test failures (Trac #561),2013-04-25T16:59:23Z,2013-04-25T16:59:25Z
561,1088
1087,add bounds checking for percentileofscore (Trac #560),2013-04-25T16:59:21Z,2013-04-25T16:59:22Z
560,1087
1086,concatenate in maskedarray ignores masks after first nomask (Trac #559),2013-04-25T16:59:19Z,2013-04-25T16:59:20Z
559,1086
1085,svm weight storage (Trac #558),2013-04-25T16:59:17Z,2013-04-25T16:59:18Z
558,1085
1084,numpy bool type support for scipy.weave (Trac #557),2013-04-25T16:59:15Z,2016-10-19T21:11:52Z
557,1084
1083,ValueError: The truth value of an array with more than one element is ambiguous. Use a.any() or a.all() (Trac #556),2013-04-25T16:59:13Z,2013-04-25T16:59:14Z
556,1083
1082,AttributeError: keys (Trac #555),2013-04-25T16:59:11Z,2013-04-25T16:59:12Z
555,1082
1081,arpack eigen does not return eigenvectors (Trac #554),2013-04-25T16:59:05Z,2013-04-25T16:59:10Z
554,1081
1080,sparse solvers segfault with singular matrices (Trac #553),2013-04-25T16:59:01Z,2013-04-25T16:59:03Z
553,1080
1079,"linalg.svd fails for some matrices [Win32, SciPy 0.6.0, NumPy 1.0.4] (Trac #552)",2013-04-25T16:58:58Z,2013-04-25T16:59:00Z
552,1079
1076,sparsetools does not compiler with sunstudio (solaris) (Trac #549),2013-04-25T16:58:47Z,2013-04-25T16:58:47Z
549,1076
1075,"""illegal hardware instruction"" (Trac #548)",2013-04-25T16:58:45Z,2013-04-25T16:58:45Z
548,1075
1074,chirp - logarithmic cosine sweep  - bad initial value and incorrect waveform (Trac #547),2013-04-25T16:58:42Z,2013-04-25T16:58:43Z
547,1074
1073,scipy.cluster.vq.kmeans can throw IndexError (Trac #546),2013-04-25T16:58:39Z,2013-04-25T16:58:41Z
546,1073
1071,optimize.fminbound doesn't work with dimensions > 1 (Trac #544),2013-04-25T16:58:34Z,2013-04-25T16:58:36Z
544,1071
1070,Scipy appears to be incorrectly managing the ref count of None (Trac #543),2013-04-25T16:58:32Z,2013-04-25T16:58:33Z
543,1070
1069,scipy\signal\signaltools.py missing concatenate import in v 0.6.0 (Trac #542),2013-04-25T16:58:31Z,2013-04-25T16:58:31Z
542,1069
1068,interpolate.fitpack.bisplrep crashes trying to look-up a status message (Trac #541),2013-04-25T16:58:28Z,2013-04-25T16:58:29Z
541,1068
1067,scipy.stats.distributions.norm.cdf returns nan (Trac #540),2013-04-25T16:58:27Z,2013-04-25T16:58:27Z
540,1067
1066,inconsistent behavior of scipy.stats.distributions.randint (Trac #539),2013-04-25T16:58:25Z,2013-04-25T16:58:25Z
539,1066
1065,Unresolved vml references for SciPy build with Intel compilers (Trac #538),2013-04-25T16:58:23Z,2016-05-07T21:00:25Z
538,1065
1064,Compiling sparse_tools with VS 2003 fails (compiler limit) (Trac #537),2013-04-25T16:58:21Z,2013-04-25T16:58:21Z
537,1064
1062,scipy.stats.norm.stats() leaks memory (Trac #535),2013-04-25T16:58:17Z,2013-04-25T16:58:18Z
535,1062
1061,ValueError: The truth value of an array with more than one element is ambiguous. Use a.any() or a.all() (Trac #534),2013-04-25T16:58:15Z,2013-04-25T16:58:16Z
534,1061
1060,BLAS-1 test failures on Ubuntu Gutsy AMD64 (Trac #533),2013-04-25T16:58:11Z,2013-04-25T16:58:14Z
533,1060
1059,'axis' keyword argument needed for more of the sandbox.image.color colorspace convertors (Trac #532),2013-04-25T16:58:09Z,2013-04-25T16:58:10Z
532,1059
1058,"Freebsd: ImportError: /usr/X11R6/lib/libalapack_r.so.2: Undefined symbol ""cblas_dswap"" (Trac #531)",2013-04-25T16:58:06Z,2013-04-25T16:58:07Z
531,1058
1055,NameError: global name 'set' is not defined (Trac #528),2013-04-25T16:58:00Z,2013-04-25T16:58:00Z
528,1055
1054,scipy.stats.bayes_mvs() returns different structure depending on length of data. (Trac #527),2013-04-25T16:57:58Z,2013-04-25T16:57:59Z
527,1054
1053,scipy.stats.gmean cannot handle large numbers (Trac #526),2013-04-25T16:57:55Z,2013-04-25T16:57:57Z
526,1053
1052,det   from    scipy.linalg   FAILS (Trac #525),2013-04-25T16:57:53Z,2013-04-25T16:57:54Z
525,1052
1051,AttributeError: attribute 'shape' of 'numpy.generic' objects is not writable (Trac #524),2013-04-25T16:57:51Z,2013-04-25T16:57:52Z
524,1051
1050,Sparse package (Trac #523),2013-04-25T16:57:49Z,2013-04-25T16:57:50Z
523,1050
1049,Sparse package (Trac #522),2013-04-25T16:57:48Z,2013-04-25T16:57:48Z
522,1049
1048,numpy.ndarray relational operators do not (seem to) respect array priority (Trac #521),2013-04-25T16:57:46Z,2013-04-25T16:57:47Z
521,1048
1047,SciPy Windows build with Intel Visual Fortran fails when linking fftpack (Trac #520),2013-04-25T16:57:44Z,2013-04-25T16:57:45Z
520,1047
1046,"Valid args give NaN on PPC for stats.norm.cdf, special.ndtr, special.erf (Trac #519)",2013-04-25T16:57:41Z,2013-04-25T16:57:42Z
519,1046
1045,scipy.stats skew and kurtosis return different types (Trac #518),2013-04-25T16:57:38Z,2013-04-25T16:57:40Z
518,1045
1044,scipy.fftpack.rfft crashes on windows xp (Trac #517),2013-04-25T16:57:36Z,2013-04-25T16:57:37Z
517,1044
1043,import error for sparse module SciPy 0.6.0  with Windows binaries (Trac #516),2013-04-25T16:57:34Z,2013-04-25T16:57:35Z
516,1043
1042,ndimage.zoom introduces artefacts at right and bottom edges (Trac #515),2013-04-25T16:57:31Z,2013-04-25T16:57:33Z
515,1042
1041,matvec doesn't preserve array dimensions (Trac #514),2013-04-25T16:57:30Z,2013-04-25T16:57:30Z
514,1041
1040,Suppress output to stdout by the function scipy.integrate.quatdrature (Trac #513),2013-04-25T16:57:28Z,2013-04-25T16:57:29Z
513,1040
1039,Regression in scipy.io.read_array introduced in 0.6.0 (Trac #512),2013-04-25T16:57:26Z,2013-04-25T16:57:27Z
512,1039
1038,(scipyArray).max returns wrong value - depends on order originating arrays are passed into scipy.maximum (Trac #511),2013-04-25T16:57:23Z,2013-04-25T16:57:25Z
511,1038
1037,Add #include <complex.h> line to fblaswrap_veclib_c.c or not under gcc 3.3 of Apple. (Trac #510),2013-04-25T16:57:20Z,2013-04-25T16:57:22Z
510,1037
1036,Error by importing scipy0.6 with Numpy 1.031 (Trac #509),2013-04-25T16:57:18Z,2013-04-25T16:57:19Z
509,1036
1035,scoreatpercentile behaves strangely for rank > 1 (Trac #508),2013-04-25T16:57:16Z,2013-04-25T16:57:17Z
508,1035
1034,import problem with r3369 - imports a non-scipy script (Trac #507),2013-04-25T16:57:14Z,2013-04-25T16:57:15Z
507,1034
1032,"kmeans2 fails when input is empty, but with unhelpful message (Trac #505)",2013-04-25T16:57:08Z,2013-04-25T16:57:11Z
505,1032
1031,sandbox setup.py can't read enabled_packages.txt (Trac #504),2013-04-25T16:57:05Z,2013-04-25T16:57:07Z
504,1031
1030,bug in special function iv for large argumen (Trac #503),2013-04-25T16:57:02Z,2013-04-25T16:57:04Z
503,1030
1029,Bug in scipy/weave/catalog.py (Trac #502),2013-04-25T16:57:00Z,2013-04-25T16:57:01Z
502,1029
1028,ndimage.maximum returns wrong result (Trac #501),2013-04-25T16:56:59Z,2013-04-25T16:56:59Z
501,1028
1027,cdf library conflicts in linking cephes.so (Trac #500),2013-04-25T16:56:57Z,2013-04-25T16:56:57Z
500,1027
1026,scipy linalg det fails (Trac #499),2013-04-25T16:56:48Z,2013-04-25T16:56:55Z
499,1026
1025,DeprecationWarning: ScipyTest is now called NumpyTest; (Trac #498),2013-04-25T16:56:46Z,2013-04-25T16:56:46Z
498,1025
1024,Relative entropy calculation has sign inverted (Trac #497),2013-04-25T16:56:44Z,2013-04-25T16:56:44Z
497,1024
1023,weave not detecting numpy complex scalar (and perhaps other numpy) data types. (Trac #496),2013-04-25T16:56:42Z,2016-10-19T21:12:39Z
496,1023
1022,numpy.float64*poly1d = array (Trac #495),2013-04-25T16:56:40Z,2013-04-25T16:56:41Z
495,1022
1021,diffev.py doesn't work properly (Trac #494),2013-04-25T16:56:37Z,2013-04-25T16:56:38Z
494,1021
1020,Divide by zero memory leak (Trac #493),2013-04-25T16:56:33Z,2013-04-25T16:56:35Z
493,1020
1019,Problem in linalg.svd ? (Trac #492),2013-04-25T16:56:31Z,2013-04-25T16:56:32Z
492,1019
1018,Problem in linalg.svd ? (Trac #491),2013-04-25T16:56:29Z,2013-04-25T16:56:29Z
491,1018
1017,weave.test(5) failures (Trac #490),2013-04-25T16:56:27Z,2013-04-25T16:56:28Z
490,1017
1016,decrease weave output verbosity (Trac #489),2013-04-25T16:56:25Z,2016-10-19T21:12:28Z
489,1016
1015,scipy.stats.expon is broken for x=0 (Trac #488),2013-04-25T16:56:23Z,2013-04-25T16:56:24Z
488,1015
1014,fftpack/setup.py still misses info dict for djbfft in the latest release 0.5.2.1 (Trac #487),2013-04-25T16:56:22Z,2013-04-25T16:56:22Z
487,1014
1013,Built-in Poisson CDF and PMF function slower than using built-in gamma (Trac #486),2013-04-25T16:56:20Z,2013-04-25T16:56:21Z
486,1013
1012,building scipy with a FFLAGS fails on x86_64 (Trac #485),2013-04-25T16:56:18Z,2013-04-25T16:56:19Z
485,1012
1009,~/.python2x_compiled not created if missing (Trac #482),2013-04-25T16:56:12Z,2013-04-25T16:56:13Z
482,1009
1008,"""import scipy"" yields ""Fatal Python error:"" on OS X 10.4.10, PPC Dual G5 (Trac #481)",2013-04-25T16:56:09Z,2013-04-25T16:56:10Z
481,1008
1007,scipy.sparse.spmatrix.dot support for zero dim arrays (Trac #480),2013-04-25T16:56:08Z,2013-04-25T16:56:08Z
480,1007
1006,Output of scipy.stats.rv_discrete does not match input due to indexing problem (Trac #479),2013-04-25T16:56:06Z,2013-04-25T16:56:06Z
479,1006
1004,Poisson with lambda 0 fails (Trac #477),2013-04-25T16:56:02Z,2013-04-25T16:56:02Z
477,1004
1003,Poisson and Binomial memory leaks (Trac #476),2013-04-25T16:55:58Z,2013-04-25T16:56:01Z
476,1003
1000,io.mio.loadmat : error loading path containing os.sep in filename (Trac #473),2013-04-25T16:55:51Z,2013-04-25T16:55:52Z
473,1000
999,TypeError: slice indices must be integers (Trac #472),2013-04-25T16:55:49Z,2013-04-25T16:55:50Z
472,999
996,Test failures (Trac #469),2013-04-25T16:55:37Z,2013-04-25T16:55:39Z
469,996
995,lu decomposition segfaults for non square matrix and permutation to 1 (Trac #468),2013-04-25T16:55:36Z,2013-04-25T16:55:36Z
468,995
994,Correcting tests for scipy.stats (Trac #467),2013-04-25T16:55:32Z,2013-04-25T16:55:34Z
467,994
993,Different results between sparse and dense operations (Trac #466),2013-04-25T16:55:28Z,2013-04-25T16:55:31Z
466,993
992,scipy.special.basic.assoc_laguerre has wrong 0th order behavior. (Trac #465),2013-04-25T16:55:27Z,2013-09-11T20:44:10Z
465,992
991,optimize.fmin_powell doesn't accept a matrix input for the initial guess (Trac #464),2013-04-25T16:55:24Z,2013-04-25T16:55:25Z
464,991
990,csr_matrix.matmat(csr_matrix) causes resize1d to be called with negative shape (Trac #463),2013-04-25T16:55:23Z,2013-04-25T16:55:23Z
463,990
989,sparse rmatvec not working (Trac #462),2013-04-25T16:55:21Z,2013-04-25T16:55:22Z
462,989
988,tests failing (Trac #461),2013-04-25T16:55:19Z,2013-04-25T16:55:20Z
461,988
987,setup.py seems to expect a directory scipy instead of Lib!!! (Trac #460),2013-04-25T16:55:15Z,2013-04-25T16:55:18Z
460,987
986,compilation error due to missing const declaration in head of sparsetools_wrap.cxx (Trac #459),2013-04-25T16:55:14Z,2013-04-25T16:55:14Z
459,986
985,compilation error due to missing const declaration in head of sparsetools_wrap.cxx (Trac #458),2013-04-25T16:55:12Z,2013-04-25T16:55:12Z
458,985
982,ndimage.rotate byteorder swapped (and other weirdness) (Trac #455),2013-04-25T16:55:03Z,2013-04-25T16:55:04Z
455,982
980,modified Bessel functions return NaN instead of 0 (Trac #453),2013-04-25T16:55:00Z,2013-04-25T16:55:00Z
453,980
978,Build problem on RHE3 using g77 (Trac #451),2013-04-25T16:54:56Z,2013-04-25T16:54:56Z
451,978
977,scipy (R3108) test fails and python quits with Illegal Instruction on check_cosine_weighted_infinite (Trac #450),2013-04-25T16:54:53Z,2013-04-25T16:54:54Z
450,977
976,build fails because of non-existing files and auto generated files were not generated (Trac #449),2013-04-25T16:54:49Z,2013-04-25T16:54:52Z
449,976
971,SciPy 0.5.2 Not able to properly read some .mat files (Trac #444),2013-04-25T16:54:40Z,2013-04-25T16:54:41Z
444,971
970,kmeans2 does not work when init parameter is an array of size 1 (Trac #443),2013-04-25T16:54:38Z,2013-04-25T16:54:39Z
443,970
965,Automatic component selection using BIC (Trac #438),2013-04-25T16:54:30Z,2013-04-25T16:54:30Z
438,965
963,Plot functions are broken for anything but trivial plots (Trac #436),2013-04-25T16:54:27Z,2013-04-25T16:54:27Z
436,963
962,Whitening full covariance gaussian models in pyem (Trac #435),2013-04-25T16:54:25Z,2013-04-25T16:54:26Z
435,962
955,installation fails with numpy 1.0.3 (Trac #428),2013-04-25T16:54:13Z,2013-04-25T16:54:13Z
428,955
954,linalg.lu returns a transposed permutation matrix (Trac #427),2013-04-25T16:54:10Z,2013-04-25T16:54:12Z
427,954
951,hyp2f1 gives wrong value for specific values in scpy 0.5.2 (Trac #424),2013-04-25T16:54:03Z,2013-04-25T16:54:03Z
424,951
950,Docstring for optimize.fmin_tnc is wrong (Trac #423),2013-04-25T16:54:01Z,2013-04-25T16:54:02Z
423,950
949,exponweib.stats (Trac #422),2013-04-25T16:53:59Z,2013-04-25T16:54:00Z
422,949
947,scipy.integrate.quadrature unconditionally prints (Trac #420),2013-04-25T16:53:56Z,2013-04-25T16:53:56Z
420,947
946,Bug in hyp1f1 -- Confluent hypergeometric function (1F1) (Trac #419),2013-04-25T16:53:54Z,2013-04-25T16:53:55Z
419,946
944,NameError: global name 'integer' is not defined (Trac #417),2013-04-25T16:53:45Z,2013-04-25T16:53:47Z
417,944
943,MATRIXC2F transposing the wrong way in optimize.leastsq (Trac #416),2013-04-25T16:53:42Z,2013-04-25T16:53:43Z
416,943
941,Wrong behaviour of where() function in NumExpr (Trac #414),2013-04-25T16:53:33Z,2013-04-25T16:53:34Z
414,941
940,scipy.ndimage.filters.median_filter doesnt handle byte-orders (Trac #413),2013-04-25T16:53:31Z,2013-04-25T16:53:32Z
413,940
939,Broken Py_Statistics indexing (Trac #412),2013-04-25T16:53:28Z,2015-04-04T20:35:34Z
412,939
937,scipy.ndimage.sum crashes Python when index is dtype int64 (Trac #410),2013-04-25T16:53:24Z,2013-04-25T16:53:25Z
410,937
936,LinAlgError: SVD did not converge (Trac #409),2013-04-25T16:53:22Z,2013-04-25T16:53:23Z
409,936
934,Wrong assumption of char signedness in Numexpr (Trac #407),2013-04-25T16:53:14Z,2013-04-25T16:53:16Z
407,934
933,Two failures wrt scipy.weave.test(1) (Trac #406),2013-04-25T16:53:10Z,2013-04-25T16:53:12Z
406,933
931,scipy.test(1) segfaults within the ndimage part (Trac #404),2013-04-25T16:53:01Z,2013-04-25T16:53:07Z
404,931
930,kurtosistest calculates incorrect value (Trac #403),2013-04-25T16:52:59Z,2013-04-25T16:53:00Z
403,930
928,sparsetools.so: Symbol not found:_fprintf$LDBLStub (Trac #401),2013-04-25T16:52:55Z,2013-04-25T16:52:55Z
401,928
925,bessel function problems (Trac #398),2013-04-25T16:52:47Z,2013-04-25T16:52:49Z
398,925
924,undefined variable in matlab loader (Trac #397),2013-04-25T16:52:45Z,2013-04-25T16:52:46Z
397,924
923,Small bug in documentation   signal.lfilter (Trac #396),2013-04-25T16:52:43Z,2013-04-25T16:52:44Z
396,923
922,kstest computes incorrect value (Trac #395),2013-04-25T16:52:41Z,2013-04-25T16:52:42Z
395,922
921,"in filter_design.py, firwin calls (standard Python) sum, not numpy.sum (Trac #394)",2013-04-25T16:52:39Z,2013-04-25T16:52:39Z
394,921
920,invfreq function missing (Trac #393),2013-04-25T16:52:36Z,2013-04-25T16:52:38Z
393,920
919,optimize.leastsq segfaults (Trac #392),2013-04-25T16:52:31Z,2013-04-25T16:52:34Z
392,919
918,include os.curdir in search path (Trac #391),2013-04-25T16:52:29Z,2013-04-25T16:52:30Z
391,918
917,scipy.optimize.fmin_bfgs fails without warning (Trac #390),2013-04-25T16:52:26Z,2013-04-25T16:52:28Z
390,917
916,fmin_cobyla -- initial guess to minimum is overwritten by the minimum (Trac #389),2013-04-25T16:52:22Z,2013-04-25T16:52:24Z
389,916
915,remove uses of apply in optimize.py (Trac #388),2013-04-25T16:52:19Z,2013-04-25T16:52:21Z
388,915
914,spherical bessel breaks for complex arguments with zero imaginary part (Trac #387),2013-04-25T16:52:16Z,2013-04-25T16:52:18Z
387,914
912,iterative solver tolerance error (Trac #385),2013-04-25T16:52:08Z,2013-04-25T16:52:10Z
385,912
910,spurious ValueError in bisplev and interp2d (Trac #383),2013-04-25T16:52:03Z,2013-04-25T16:52:04Z
383,910
909,[PATCH] memory leak in delaunay (Trac #382),2013-04-25T16:52:01Z,2013-04-25T16:52:02Z
382,909
908,Bug report: scipy crashes when trying to invert empty matrix (Trac #381),2013-04-25T16:51:59Z,2013-04-25T16:52:00Z
381,908
907,splrep fails to produce periodic splines (Trac #380),2013-04-25T16:51:58Z,2013-04-25T16:51:58Z
380,907
906,Default value of s is not as described in the documentation to splrep (Trac #379),2013-04-25T16:51:56Z,2013-04-25T16:51:56Z
379,906
905,scipy.unwrap() not working (Trac #378),2013-04-25T16:51:53Z,2013-04-25T16:51:54Z
378,905
904,"fmin_bfgs incorrectly expects a ZeroDivisonError, fails if division by zero occurs (Trac #377)",2013-04-25T16:51:51Z,2013-04-25T16:51:52Z
377,904
903,[PATCH] sandbox.delaunay crashes on duplicate points (Trac #376),2013-04-25T16:51:46Z,2013-04-25T16:51:50Z
376,903
902,FAIL: check_syevr (scipy.lib.tests.test_lapack.test_flapack_float) (Trac #375),2013-04-25T16:51:42Z,2013-04-25T16:51:45Z
375,902
901,failure in degenerate case of spmatrix.dot (Trac #374),2013-04-25T16:51:40Z,2013-04-25T16:51:41Z
374,901
898,signal.residue fails when len(b) < len(a) (Trac #371),2013-04-25T16:51:31Z,2013-09-19T19:47:29Z
371,898
897,odeint changes argument y0 (Trac #370),2013-04-25T16:51:29Z,2013-04-25T16:51:30Z
370,897
896,Windows binary 0.5.2 for Python 2.5 requires SSE2 (Trac #369),2013-04-25T16:51:28Z,2013-04-25T16:51:28Z
369,896
894,test_arpack.py FAIL: check_complex_symmetric (__main__.test_eigen_complex_symmetric) (Trac #367),2013-04-25T16:51:23Z,2013-04-25T16:51:23Z
367,894
893,Bug in arpack.py  ValueError: need more than 0 values to unpack (Trac #366),2013-04-25T16:51:19Z,2013-04-25T16:51:21Z
366,893
891,signal.residue causes crash whenever denominator has repeated roots (Trac #364),2013-04-25T16:51:14Z,2013-04-25T16:51:15Z
364,891
889,cheb1ord gives negative order (Trac #362),2013-04-25T16:51:09Z,2013-04-25T16:51:10Z
362,889
888,Bug in lu_factor if A is a matrix (Trac #361),2013-04-25T16:51:07Z,2013-04-25T16:51:08Z
361,888
887,Callback function is broken in linalg.gmres (Trac #360),2013-04-25T16:51:03Z,2013-04-25T16:51:05Z
360,887
886,linalg.qmr TypeError: unsubscriptable object (Trac #359),2013-04-25T16:51:00Z,2013-04-25T16:51:02Z
359,886
884,Different failures/errors on 64 bit machines wrt odr (Trac #357),2013-04-25T16:50:52Z,2013-04-25T16:50:53Z
357,884
882,"scipy.io.mio lacking class fopen (functions fort_read, etc.) (Trac #355)",2013-04-25T16:50:48Z,2013-04-25T16:50:49Z
355,882
880,Making sandbox.image into a working shape (Trac #353),2013-04-25T16:50:39Z,2013-04-25T16:50:41Z
353,880
879,Docstring issue in filter_design.py (Trac #352),2013-04-25T16:50:37Z,2013-04-25T16:50:38Z
352,879
878,linsolve.splu crashes (Trac #351),2013-04-25T16:50:35Z,2013-04-25T16:50:36Z
351,878
876,Compile on RHEL 4 x86_64 (Trac #349),2013-04-25T16:50:25Z,2013-04-25T16:50:26Z
349,876
874,lil_matrix slicing problem (was: *** glibc detected *** double free or corruption (out)( (Trac #347),2013-04-25T16:50:20Z,2013-04-25T16:50:22Z
347,874
873,"error in firwin from filter_design trying calling builtin ""sum"" instead of ""numpy.sum"" (Trac #346)",2013-04-25T16:50:18Z,2013-04-25T16:50:19Z
346,873
872,"spy(sparse) shows upside down, flipd(sparse) doesn't work (Trac #345)",2013-04-25T16:50:16Z,2013-04-25T16:50:17Z
345,872
871,ValueError: objects are not aligned in optimize.fmin_cg (Trac #344),2013-04-25T16:50:12Z,2013-04-25T16:50:14Z
344,871
870,crash with 'todense' after scipy.io.mmread (Trac #343),2013-04-25T16:50:04Z,2013-04-25T16:50:11Z
343,870
868,segfault in sparse.dok_matrix.__setitem__ (Trac #341),2013-04-25T16:49:58Z,2013-04-25T16:49:59Z
341,868
867,Several attribute errors in r2501 (Trac #340),2013-04-25T16:49:56Z,2013-04-25T16:49:57Z
340,867
866,"scipy.test(1,10) freezes in test_interp2d (Trac #339)",2013-04-25T16:49:53Z,2013-04-25T16:49:54Z
339,866
865,scipy.test() memory leaks (Trac #338),2013-04-25T16:49:49Z,2013-04-25T16:49:51Z
338,865
864,nanmedian return values (Trac #337),2013-04-25T16:49:47Z,2013-04-25T16:49:48Z
337,864
863,firwin uses bad sum() (Trac #336),2013-04-25T16:49:45Z,2013-04-25T16:49:46Z
336,863
862,sparse matrices will not reject nonsensical shape assignment (Trac #335),2013-04-25T16:49:43Z,2013-04-25T16:49:44Z
335,862
860,recaster test failure on OS X (gcc 4/gfortran) (Trac #333),2013-04-25T16:49:37Z,2013-04-25T16:49:38Z
333,860
859,test in interpolate.fitpack error (Trac #332),2013-04-25T16:49:36Z,2013-04-25T16:49:36Z
332,859
858,crash when using scipy.signal.lfilter on multidimensional array (Trac #331),2013-04-25T16:49:32Z,2013-04-25T16:49:34Z
331,858
856,Sparse Real matrix matvec() method gives incorrect results if the vector is complex (Trac #329),2013-04-25T16:49:27Z,2013-04-25T16:49:28Z
329,856
855,TypeError: 'numpy.float64' object is not callable (Trac #328),2013-04-25T16:49:25Z,2013-04-25T16:49:25Z
328,855
854,FAIL: test_smallest_int_sctype (scipy.io.tests.test_recaster.test_recaster) (Trac #327),2013-04-25T16:49:24Z,2013-04-25T16:49:24Z
327,854
853,coo_matrix.tocsr() and tocsc() are very slow (Trac #326),2013-04-25T16:49:21Z,2013-04-25T16:49:22Z
326,853
852,scipy.special.erf erroneously returns nan on Mac OS X for certain inputs (Trac #325),2013-04-25T16:49:18Z,2013-04-25T16:49:20Z
325,852
851,"scipy.sparse, setdiag, off-diagonal elements (Trac #324)",2013-04-25T16:49:16Z,2013-04-25T16:49:17Z
324,851
850,Variable is used before its values is defined (in fppogr.f) (Trac #323),2013-04-25T16:49:15Z,2013-04-25T16:49:15Z
323,850
849,FAIL: check_rvs (scipy.stats.tests.test_distributions.test_randint) (Trac #322),2013-04-25T16:49:13Z,2013-04-25T16:49:13Z
322,849
848,ERROR: check loadmat case cellnest (Trac #321),2013-04-25T16:49:11Z,2013-04-25T16:49:12Z
321,848
847,ERROR: Solve: single precision complex (Trac #320),2013-04-25T16:49:09Z,2013-04-25T16:49:10Z
320,847
846,ValueError: object too deep for desired array (Trac #319),2013-04-25T16:49:08Z,2013-04-25T16:49:08Z
319,846
845,SuperLU segfault (Trac #318),2013-04-25T16:49:06Z,2013-04-25T16:49:06Z
318,845
844,Bug in scipy.io.mmwrite() of sparse matrices (Trac #317),2013-04-25T16:49:03Z,2013-04-25T16:49:04Z
317,844
843,adding sparse matrices sometimes gives wrong result (Trac #316),2013-04-25T16:49:00Z,2013-04-25T16:49:02Z
316,843
842,"Build succeeds but fails to link correct libraries: Mac OS X 10.4.8, gcc 4.0.1 (Trac #315)",2013-04-25T16:48:58Z,2013-04-25T16:48:59Z
315,842
838,The test results in a segmentation fault (Trac #311),2013-04-25T16:48:48Z,2013-04-25T16:48:51Z
311,838
837,PyEM example on website results in strange plot (Trac #310),2013-04-25T16:48:45Z,2013-04-25T16:48:46Z
310,837
836,PyEM example on website results in strange plot (Trac #309),2013-04-25T16:48:44Z,2013-04-25T16:48:44Z
309,836
835,"numexpr.test(1) Program received signal SIGABRT, Aborted. (Trac #308)",2013-04-25T16:48:41Z,2013-04-25T16:48:42Z
308,835
834,Problem with non-Int indices for sparse.lil_matrix (Trac #307),2013-04-25T16:48:39Z,2013-04-25T16:48:40Z
307,834
831,romb fails to complete integration (Trac #304),2013-04-25T16:48:28Z,2013-04-25T16:48:28Z
304,831
830,scipy.stats histogram binning error - found and fixed problem with small numbers (Trac #303),2013-04-25T16:48:26Z,2013-04-25T16:48:26Z
303,830
829,romb fails to complete integration (Trac #302),2013-04-25T16:48:24Z,2013-04-25T16:48:24Z
302,829
828,Bug in Bessel function of the second kind (Trac #301),2013-04-25T16:48:22Z,2013-04-25T16:48:23Z
301,828
827,"stats.py - Population and sample variances backwards, causing downstream errors (Trac #300)",2013-04-25T16:48:20Z,2013-04-25T16:48:21Z
300,827
826,gammaincinv gives incorrect answers (Trac #299),2013-04-25T16:48:17Z,2013-04-25T16:48:19Z
299,826
825,scipy.linalg shadowed (Trac #298),2013-04-25T16:48:15Z,2013-04-25T16:48:16Z
298,825
824,scipy.test(1) errors (Trac #297),2013-04-25T16:48:08Z,2013-04-25T16:48:09Z
297,824
822,ndimage: segfault on incorrect parameters to correlate (Trac #295),2013-04-25T16:48:01Z,
295,822
821,ValueError: matrices are not aligned (Trac #294),2013-04-25T16:47:59Z,2013-04-25T16:48:00Z
294,821
820,sandbox.montecarlo cannot be built (Trac #293),2013-04-25T16:47:57Z,2013-04-25T16:47:58Z
293,820
819,Sparse/dense matrix vector multiplication (Trac #292),2013-04-25T16:47:55Z,2013-04-25T16:47:56Z
292,819
817,sparse.__cmp__ shoudn't exist (Trac #290),2013-04-25T16:47:50Z,2013-04-25T16:47:51Z
290,817
816,scipy.interpolate.interp1d incorrectly 'rolls' its last axis. (Trac #289),2013-04-25T16:47:47Z,2013-04-25T16:47:49Z
289,816
815,scipy.integrate.vectorize1 assumes user-supplied function returns a numpy type (Trac #288),2013-04-25T16:47:43Z,2013-04-25T16:47:45Z
288,815
810,scipy.optimize.brent bug fix (Trac #283),2013-04-25T16:47:29Z,2013-04-25T16:47:30Z
283,810
809,scipy.interpolate.UniveriateSpline.integral broken. (Trac #282),2013-04-25T16:47:27Z,2013-04-25T16:47:28Z
282,809
808,todense() doesn't work for complex matrices (Trac #281),2013-04-25T16:47:25Z,2013-04-25T16:47:26Z
281,808
807,Failure of n=1 case in gen_roots_and_weights (Trac #280),2013-04-25T16:47:23Z,2013-04-25T16:47:24Z
280,807
806,scipy.stats.kde and sum (Trac #279),2013-04-25T16:47:21Z,2013-04-25T16:47:21Z
279,806
805,AttributeError: gettypecode not found (Trac #278),2013-04-25T16:47:18Z,2013-04-25T16:47:20Z
278,805
804,"interpolate.interp2d does not work for x, y = 1D (Trac #277)",2013-04-25T16:47:16Z,2013-04-25T16:47:16Z
277,804
802,py_vq is broken (Trac #275),2013-04-25T16:47:10Z,2013-04-25T16:47:12Z
275,802
801,io.read_array fails when fileobject is a unicode string (Trac #274),2013-04-25T16:47:08Z,2013-04-25T16:47:09Z
274,801
800,bug in scipy.stats.stats.nanmean (Trac #273),2013-04-25T16:47:07Z,2013-04-25T16:47:07Z
273,800
799,savemat fails for array scalars (Trac #272),2013-04-25T16:47:04Z,2013-04-25T16:47:05Z
272,799
798,stats.kruskal not working (Trac #271),2013-04-25T16:47:02Z,2013-04-25T16:47:03Z
271,798
797,Patch for stats/stats.py: Float -> float_ conversion (Trac #270),2013-04-25T16:47:00Z,2013-04-25T16:47:01Z
270,797
796,bug in UnivariateSpline.roots() (may be related to ticket 201) (Trac #269),2013-04-25T16:46:58Z,2013-04-25T16:46:59Z
269,796
794,new object-oriented matlab(tm) parser is slow (Trac #267),2013-04-25T16:46:53Z,2013-04-25T16:46:54Z
267,794
793,(new) MatLab(tm) .mat parsers might fail on some case (Trac #266),2013-04-25T16:46:52Z,2013-04-25T16:46:52Z
266,793
792,AssertionError: <type 'numpy.ndarray'> (Trac #265),2013-04-25T16:46:50Z,2013-04-25T16:46:50Z
265,792
791,ndimage generic_filter1d memory error on 64 bit (Trac #264),2013-04-25T16:46:49Z,2013-04-25T16:46:49Z
264,791
790,IOError: [Errno 13] Permission denied (Trac #263),2013-04-25T16:46:47Z,2013-04-25T16:46:47Z
263,790
789,matlab(tm) .mat reader might fail on an empty field + PATCH (Trac #262),2013-04-25T16:46:44Z,2013-04-25T16:46:45Z
262,789
786,fromimage() fails on monochrome images (Trac #259),2013-04-25T16:46:37Z,2013-04-25T16:46:38Z
259,786
785,ERROR: check loadmat case cellnest (Trac #258),2013-04-25T16:46:35Z,2013-04-25T16:46:36Z
258,785
784,small bug prevents loading of some matlab(tm)'s .mat file + PATCH (Trac #257),2013-04-25T16:46:34Z,2013-04-25T16:46:34Z
257,784
782,Fortran integers are int32 on 64bit platforms so FITPACK wrappers fail (Trac #255),2013-04-25T16:46:30Z,2013-04-25T16:46:31Z
255,782
781,delaunay interpolation 64bit bug [patch] (Trac #254),2013-04-25T16:46:28Z,2013-04-25T16:46:29Z
254,781
780,"covariance output of leastsq ""backwards"" (Trac #253)",2013-04-25T16:46:26Z,2013-04-25T16:46:27Z
253,780
779,io.mio.loadmat is broken [patch] (Trac #252),2013-04-25T16:46:24Z,2013-04-25T16:46:25Z
252,779
778,The variance returned by stats.beta.stats is buggy. (Trac #251),2013-04-25T16:46:22Z,2013-04-25T16:46:23Z
251,778
777,remez error (Trac #250),2013-04-25T16:46:20Z,2013-04-25T16:46:21Z
250,777
776,io.mio.loadmat support for 64 bit (Trac #249),2013-04-25T16:46:18Z,2013-04-25T16:46:19Z
249,776
775,Memory leak in fitpack (Trac #248),2013-04-25T16:46:15Z,2013-04-25T16:46:17Z
248,775
774,More Valgrind warnings (Trac #247),2013-04-25T16:46:13Z,2013-04-25T16:46:14Z
247,774
773,Valgrind warnings (Trac #246),2013-04-25T16:46:11Z,2013-04-25T16:46:12Z
246,773
772,MANIFEST.in changes to include sandbox source in sdist (Trac #245),2013-04-25T16:46:02Z,2013-04-25T16:46:05Z
245,772
771,fft returns wrong result with axes parameter (Trac #244),2013-04-25T16:46:00Z,2013-04-25T16:46:01Z
244,771
770,linalg.qr to take mode argument (Trac #243),2013-04-25T16:45:57Z,2013-04-25T16:45:58Z
243,770
769,Lib\special\cephes\fabs.c doesn't compile with MSVC (Trac #242),2013-04-25T16:45:55Z,2013-04-25T16:45:56Z
242,769
767,cephes doesn't build with MSVC (Trac #240),2013-04-25T16:45:51Z,2013-04-25T16:45:52Z
240,767
766,scipy.interpolate.splprep creates wrong structure: cannot be used with splev (Trac #239),2013-04-25T16:45:49Z,2013-04-25T16:45:50Z
239,766
765,FAIL: check_dot (scipy.linalg.tests.test_blas.test_fblas1_simple) (Trac #238),2013-04-25T16:45:43Z,2013-04-25T16:45:48Z
238,765
764,"Patch to correct the py::object, the py::indexed_ref, and also some examples (Trac #237)",2013-04-25T16:45:42Z,2013-04-25T16:45:42Z
237,764
762,Patch to get weave working with SWIG from CVS (Trac #235),2013-04-25T16:45:38Z,2013-04-25T16:45:39Z
235,762
760,"scipy.test(1,10) yields 4 failures. (Trac #233)",2013-04-25T16:45:32Z,2013-04-25T16:45:32Z
233,760
759,Patches to weave to enable building on Fedora Core 5 (Trac #232),2013-04-25T16:45:30Z,2013-04-25T16:45:31Z
232,759
757,AttributeError: 'module' object has no attribute 'rand' (Trac #230),2013-04-25T16:45:20Z,2013-04-25T16:45:21Z
230,757
756,Spherical Harmonics Indexing Error (Trac #229),2013-04-25T16:45:19Z,2013-04-25T16:45:19Z
229,756
755,optimize.brute: Value error (Trac #228),2013-04-25T16:45:16Z,2013-04-25T16:45:18Z
228,755
754,ERROR: Broyden-Fletcher-Goldfarb-Shanno optimization routine (Trac #227),2013-04-25T16:45:14Z,2013-04-25T16:45:15Z
227,754
752,sparse matrices don't support integer types (Trac #225),2013-04-25T16:45:06Z,2013-04-25T16:45:08Z
225,752
751,ValueError: shape mismatch: objects cannot be broadcast to a single shape (Trac #224),2013-04-25T16:45:01Z,2013-04-25T16:45:05Z
224,751
750,linalg.lu produces different results on 32bit and 64bit machines (Trac #223),2013-04-25T16:44:58Z,2013-04-25T16:45:00Z
223,750
749,FAIL: check_simple (scipy.optimize.tests.test_cobyla.test_cobyla) on 32 bit machines (Trac #222),2013-04-25T16:44:54Z,2013-04-25T16:44:57Z
222,749
748,Bug in scipy.special.jv (Trac #221),2013-04-25T16:44:52Z,2013-04-25T16:44:53Z
221,748
746,"Problems of stats.poisson.pmf(k,mu) (Trac #219)",2013-04-25T16:44:50Z,2013-04-25T16:44:50Z
219,746
745,scipy.sparse matrices require indices to be machine size (i.e. int32 won't work on 64bit machines) (Trac #218),2013-04-25T16:44:48Z,2013-04-25T16:44:49Z
218,745
744,scipy.linalg.iterative uses numpy.ArrayType instead of numpy.ndarray (Trac #217),2013-04-25T16:44:46Z,2013-04-25T16:44:47Z
217,744
742,"scipy.special.jn(2,0) returns nan (Trac #215)",2013-04-25T16:44:41Z,2013-04-25T16:44:42Z
215,742
741,"special.jn(2,0.0) results in nan (Trac #214)",2013-04-25T16:44:39Z,2013-04-25T16:44:40Z
214,741
740,ndimage.rotate creates artifacts (general problem in ndimage.spline_filter) (Trac #213),2013-04-25T16:44:36Z,2013-04-25T16:44:38Z
213,740
739,Enable email notification for tickets (Trac #212),2013-04-25T16:44:32Z,2013-04-25T16:44:34Z
212,739
738,Remove uses of the deprecated Numeric API (Trac #211),2013-04-25T16:44:29Z,2013-04-25T16:44:30Z
211,738
737,L-BFGS-B performs very badly due to silent failures (Trac #210),2013-04-25T16:44:26Z,2013-04-25T16:44:28Z
210,737
736,linalg.det crashes python under windows build (Trac #209),2013-04-25T16:44:23Z,2013-04-25T16:44:25Z
209,736
735,"optimize.py: bracket: iter variable never updated - affects test for ""too many iterations"" (Trac #208)",2013-04-25T16:44:22Z,2013-04-25T16:44:22Z
208,735
734,scipy.optimize.brent bug fixe and changes to scipy.optimize (Trac #207),2013-04-25T16:44:19Z,2013-04-25T16:44:21Z
207,734
732,Incomplete docstring for ndimage's map_coordinates (Trac #205),2013-04-25T16:44:15Z,2013-04-25T16:44:15Z
205,732
731,Sparse Slicing problem (Trac #204),2013-04-25T16:44:14Z,2013-04-25T16:44:14Z
204,731
728,Bug in UnivariateSpline.integrate (Trac #201),2013-04-25T16:44:06Z,2013-04-25T16:44:08Z
201,728
725,singular matrix linalg.basic.LinAlgError in optimize.leastsq (Trac #198),2013-04-25T16:43:59Z,2013-04-25T16:43:59Z
198,725
724,Poisson pmf (and others?) dependent on argument type (Trac #197),2013-04-25T16:43:57Z,2013-04-25T16:43:58Z
197,724
722,2D interpolation is broken (Trac #195),2013-04-25T16:43:53Z,2013-04-25T16:43:53Z
195,722
721,numpy not imported globally in signaltools.py (Trac #194),2013-04-25T16:43:51Z,2013-04-25T16:43:51Z
194,721
720,Frequency sweep generated with (frequency*time) instead of (time-integral of frequency) (Trac #193),2013-04-25T16:43:49Z,2013-04-25T16:43:50Z
193,720
719,"Modules in scipy.stats should not use ""from module import *"" statements (Trac #192)",2013-04-25T16:43:47Z,2013-04-25T16:43:47Z
192,719
718,An error message is written when importing scipy if the UMFPACK bindings are missing (Trac #191),2013-04-25T16:43:46Z,2013-04-25T16:43:46Z
191,718
717,The UMFPACK SWIG bindings are being compiled with the wrong module name (Trac #190),2013-04-25T16:43:44Z,2013-04-25T16:43:45Z
190,717
700,Statistics Review: pdfapprox (Trac #173),2013-04-25T16:43:07Z,2013-04-25T16:43:08Z
173,700
698,Statistics Review: pdf_moments (Trac #171),2013-04-25T16:42:58Z,2013-04-25T16:43:04Z
171,698
570,dtypechar error in stats.norm.fit (Trac #43),2013-04-25T16:32:06Z,2013-04-25T16:32:07Z
43,570
568,scipy.linalg.basic.LinAlgError: generalized eig algorithm did not converge (Trac #41),2013-04-25T16:31:56Z,2013-04-25T16:32:02Z
41,568
567,Bug in iterative.py (Trac #40),2013-04-25T16:31:54Z,2013-04-25T16:31:55Z
40,567
566,Complex sparse matrices are not supported (Trac #39),2013-04-25T16:31:52Z,2013-04-25T16:31:53Z
39,566
565,Bug in lu_solve (Trac #38),2013-04-25T16:31:51Z,2013-04-25T16:31:51Z
38,565
563,remove obsolete imports of numpy.fastumath (Trac #36),2013-04-25T16:31:42Z,2013-04-25T16:31:42Z
36,563
561,io.loadmat not loading double complex arrays from -V4 mat files (Trac #34),2013-04-25T16:31:37Z,2013-04-25T16:31:38Z
34,561
560,code cleanup for signal/signaltools.py (Trac #33),2013-04-25T16:31:36Z,2013-04-25T16:31:36Z
33,560
559,code cleanup for signal/ltisys.py (Trac #32),2013-04-25T16:31:34Z,2013-04-25T16:31:35Z
32,559
558,code cleanup for signal/filter_design.py (Trac #31),2013-04-25T16:31:32Z,2013-04-25T16:31:33Z
31,558
557,code cleanup for signal/bsplines.py (Trac #30),2013-04-25T16:31:30Z,2013-04-25T16:31:31Z
30,557
556,code cleanup for linalg/matfuncs.py (Trac #29),2013-04-25T16:31:28Z,2013-04-25T16:31:29Z
29,556
555,code cleanup for linalg/lapack.py (Trac #28),2013-04-25T16:31:26Z,2013-04-25T16:31:27Z
28,555
554,code cleanup for linalg/decomp.py (Trac #27),2013-04-25T16:31:15Z,2013-04-25T16:31:20Z
27,554
553,code cleanup for linalg/blas.py (Trac #26),2013-04-25T16:31:13Z,2013-04-25T16:31:13Z
26,553
552,code cleanup for linalg/basic.py (Trac #25),2013-04-25T16:31:06Z,2013-04-25T16:31:12Z
25,552
551,code cleanup for stats/kde.py (Trac #24),2013-04-25T16:31:04Z,2013-04-25T16:31:05Z
24,551
550,code cleanup for stats/stats.py (Trac #23),2013-04-25T16:31:02Z,2013-04-25T16:31:03Z
23,550
549,code cleanup for stats/morestats.py (Trac #22),2013-04-25T16:31:00Z,2013-04-25T16:31:01Z
22,549
548,code cleanup for stats/distributions.py (Trac #21),2013-04-25T16:30:58Z,2013-04-25T16:30:59Z
21,548
547,further optimize.anneal fixes (Trac #20),2013-04-25T16:30:46Z,2013-04-25T16:30:52Z
20,547
544,Complex sparse matrices (Trac #17),2013-04-25T16:30:34Z,2013-04-25T16:30:35Z
17,544
543,optimize.anneal needs fixing (Trac #16),2013-04-25T16:30:33Z,2013-04-25T16:30:33Z
16,543
540,Segmantation fault sparse.lu_factor(A).solve(r) (Trac #13),2013-04-25T16:30:24Z,2013-04-25T16:30:25Z
13,540
539,Lib\special\cephes\const.c doesn't compile with Visual Studio (Trac #12),2013-04-25T16:30:21Z,2013-04-25T16:30:22Z
12,539
538,savemat doesn't work (Trac #11),2013-04-25T16:30:20Z,2013-04-25T16:30:20Z
11,538
537,signaltools refers to numpy package but imports it as Numeric (Trac #10),2013-04-25T16:30:18Z,2013-04-25T16:30:19Z
10,537
536,Porn Spammer on the Wiki (Trac #9),2013-04-25T16:30:16Z,2013-04-25T16:30:17Z
9,536
535,What are the return values of stats.linregress ? (Trac #8),2013-04-25T16:30:14Z,2013-04-25T16:30:15Z
8,535
534,Addition of zero matrices in csc format failed (Trac #7),2013-04-25T16:30:11Z,2013-04-25T16:30:13Z
7,534
532,stats.ansari function crashes python (windows) (Trac #5),2013-04-25T16:30:06Z,2013-04-25T16:30:07Z
5,532
531,numpy fails to copy generated headers on install (Trac #4),2013-04-25T16:29:58Z,2013-04-25T16:29:58Z
4,531
530,get_lapack_funcs trying to get nonexistent numpy.ndarray attribute (Trac #3),2013-04-25T16:29:56Z,2013-04-25T16:29:57Z
3,530
529,scipy crashes python (Trac #2),2013-04-25T16:29:49Z,2013-04-25T16:29:55Z
2,529
528,fftw3 - poor performance for complex arrrays (Trac #1),2013-04-25T15:39:51Z,2013-04-25T15:39:53Z
1,528
449,BUG: account for None in bounds in SLSQP,2013-02-25T20:15:52Z,2013-03-24T13:05:43Z
